08:38:57.157 -> 0,0,0,10000
08:38:57.159 -> 0,1,0,10000
08:38:57.163 -> 0,2,0,10000
08:38:57.184 -> 1,0,1922,11922
08:38:57.184 -> 1,1,1944,11944
08:38:57.185 -> 1,2,560,10560
08:38:57.219 -> 2,0,1922,11922
08:38:57.220 -> 2,1,1906,11906
08:38:57.220 -> 2,2,558,10558
08:38:57.250 -> 3,0,1922,11922
08:38:57.250 -> 3,1,1876,11876
08:38:57.250 -> 3,2,552,10552
08:38:57.284 -> 4,0,1924,11924
08:38:57.285 -> 4,1,1848,11848
08:38:57.285 -> 4,2,548,10548
08:38:57.318 -> 5,0,1926,11926
08:38:57.318 -> 5,1,180,10180
08:38:57.319 -> 5,2,544,10544
08:38:57.350 -> 6,0,1246,11246
08:38:57.351 -> 6,1,1794,11794
08:38:57.351 -> 6,2,540,10540
08:38:57.398 -> 7,0,1934,11934
08:38:57.399 -> 7,1,1768,11768
08:38:57.399 -> 7,2,536,10536
08:38:57.418 -> 8,0,1938,11938
08:38:57.419 -> 8,1,1746,11746
08:38:57.419 -> 8,2,534,10534
08:38:57.452 -> 9,0,1942,11942
08:38:57.453 -> 9,1,1728,11728
08:38:57.453 -> 9,2,532,10532
08:38:57.483 -> 10,0,1948,11948
08:38:57.484 -> 10,1,186,10186
08:38:57.484 -> 10,2,528,10528
08:38:57.518 -> 11,0,1954,11954
08:38:57.518 -> 11,1,174,10174
08:38:57.518 -> 11,2,526,10526
08:38:57.552 -> 12,0,1960,11960
08:38:57.553 -> 12,1,174,10174
08:38:57.553 -> 12,2,522,10522
08:38:57.584 -> 13,0,1968,11968
08:38:57.585 -> 13,1,1660,11660
08:38:57.585 -> 13,2,520,10520
08:38:57.617 -> 14,0,1976,11976
08:38:57.618 -> 14,1,1648,11648
08:38:57.618 -> 14,2,518,10518
08:38:57.652 -> 15,0,1984,11984
08:38:57.652 -> 15,1,1638,11638
08:38:57.653 -> 15,2,516,10516
08:38:57.686 -> 16,0,1994,11994
08:38:57.686 -> 16,1,1630,11630
08:38:57.686 -> 16,2,516,10516
08:38:57.716 -> 17,0,-1,9999
08:38:57.717 -> 17,1,194,10194
08:38:57.717 -> 17,2,514,10514
08:38:57.760 -> 18,0,-1,9999
08:38:57.760 -> 18,1,226,10226
08:38:57.760 -> 18,2,512,10512
08:38:57.783 -> 19,0,-1,9999
08:38:57.784 -> 19,1,256,10256
08:38:57.784 -> 19,2,512,10512
08:38:57.817 -> 20,0,-1,9999
08:38:57.817 -> 20,1,-1,9999
08:38:57.818 -> 20,2,510,10510
08:38:57.851 -> 21,0,718,10718
08:38:57.851 -> 21,1,1976,11976
08:38:57.851 -> 21,2,508,10508
08:38:57.884 -> 22,0,754,10754
08:38:57.884 -> 22,1,1950,11950
08:38:57.885 -> 22,2,506,10506
08:38:57.916 -> 23,0,-1,9999
08:38:57.917 -> 23,1,1924,11924
08:38:57.917 -> 23,2,506,10506
08:38:57.952 -> 24,0,-1,9999
08:38:57.953 -> 24,1,1900,11900
08:38:57.953 -> 24,2,508,10508
08:38:57.984 -> 25,0,-1,9999
08:38:57.984 -> 25,1,1876,11876
08:38:57.985 -> 25,2,508,10508
08:38:58.018 -> 26,0,1644,11644
08:38:58.018 -> 26,1,1854,11854
08:38:58.018 -> 26,2,508,10508
08:38:58.052 -> 27,0,1626,11626
08:38:58.052 -> 27,1,1834,11834
08:38:58.053 -> 27,2,506,10506
08:38:58.087 -> 28,0,1618,11618
08:38:58.087 -> 28,1,1814,11814
08:38:58.088 -> 28,2,506,10506
08:38:58.117 -> 29,0,1612,11612
08:38:58.117 -> 29,1,1794,11794
08:38:58.118 -> 29,2,506,10506
08:38:58.151 -> 30,0,1608,11608
08:38:58.152 -> 30,1,1776,11776
08:38:58.152 -> 30,2,506,10506
08:38:58.185 -> 31,0,1606,11606
08:38:58.186 -> 31,1,1760,11760
08:38:58.186 -> 31,2,510,10510
08:38:58.227 -> 32,0,1606,11606
08:38:58.228 -> 32,1,1744,11744
08:38:58.228 -> 32,2,510,10510
08:38:58.251 -> 33,0,1312,11312
08:38:58.252 -> 33,1,1728,11728
08:38:58.252 -> 33,2,510,10510
08:38:58.289 -> 34,0,1606,11606
08:38:58.291 -> 34,1,1714,11714
08:38:58.291 -> 34,2,512,10512
08:38:58.317 -> 35,0,1606,11606
08:38:58.317 -> 35,1,1700,11700
08:38:58.317 -> 35,2,512,10512
08:38:58.349 -> 36,0,1608,11608
08:38:58.350 -> 36,1,1686,11686
08:38:58.350 -> 36,2,512,10512
08:38:58.384 -> 37,0,1608,11608
08:38:58.384 -> 37,1,1674,11674
08:38:58.384 -> 37,2,514,10514
08:38:58.417 -> 38,0,1608,11608
08:38:58.417 -> 38,1,1662,11662
08:38:58.418 -> 38,2,514,10514
08:38:58.450 -> 39,0,1604,11604
08:38:58.451 -> 39,1,1650,11650
08:38:58.451 -> 39,2,520,10520
08:38:58.483 -> 40,0,1590,11590
08:38:58.484 -> 40,1,1640,11640
08:38:58.484 -> 40,2,522,10522
08:38:58.518 -> 41,0,1448,11448
08:38:58.519 -> 41,1,1630,11630
08:38:58.519 -> 41,2,524,10524
08:38:58.552 -> 42,0,1420,11420
08:38:58.553 -> 42,1,1620,11620
08:38:58.553 -> 42,2,524,10524
08:38:58.583 -> 43,0,1394,11394
08:38:58.583 -> 43,1,1612,11612
08:38:58.584 -> 43,2,526,10526
08:38:58.618 -> 44,0,1376,11376
08:38:58.618 -> 44,1,1604,11604
08:38:58.619 -> 44,2,528,10528
08:38:58.652 -> 45,0,1352,11352
08:38:58.652 -> 45,1,1596,11596
08:38:58.652 -> 45,2,532,10532
08:38:58.683 -> 46,0,1328,11328
08:38:58.684 -> 46,1,1590,11590
08:38:58.684 -> 46,2,538,10538
08:38:58.717 -> 47,0,1308,11308
08:38:58.718 -> 47,1,1584,11584
08:38:58.718 -> 47,2,540,10540
08:38:58.751 -> 48,0,1286,11286
08:38:58.751 -> 48,1,1578,11578
08:38:58.751 -> 48,2,544,10544
08:38:58.783 -> 49,0,1268,11268
08:38:58.783 -> 49,1,1572,11572
08:38:58.784 -> 49,2,546,10546
08:38:58.816 -> 50,0,1266,11266
08:38:58.817 -> 50,1,1566,11566
08:38:58.817 -> 50,2,550,10550
08:38:58.849 -> 51,0,1266,11266
08:38:58.849 -> 51,1,1562,11562
08:38:58.850 -> 51,2,554,10554
08:38:58.883 -> 52,0,1266,11266
08:38:58.883 -> 52,1,1558,11558
08:38:58.884 -> 52,2,558,10558
08:38:58.918 -> 53,0,1270,11270
08:38:58.918 -> 53,1,1556,11556
08:38:58.918 -> 53,2,566,10566
08:38:58.951 -> 54,0,1270,11270
08:38:58.951 -> 54,1,346,10346
08:38:58.951 -> 54,2,570,10570
08:38:58.983 -> 55,0,1274,11274
08:38:58.984 -> 55,1,1550,11550
08:38:58.984 -> 55,2,574,10574
08:38:59.017 -> 56,0,1278,11278
08:38:59.017 -> 56,1,330,10330
08:38:59.017 -> 56,2,578,10578
08:38:59.052 -> 57,0,1280,11280
08:38:59.052 -> 57,1,374,10374
08:38:59.052 -> 57,2,584,10584
08:38:59.083 -> 58,0,1284,11284
08:38:59.083 -> 58,1,326,10326
08:38:59.083 -> 58,2,588,10588
08:38:59.119 -> 59,0,1288,11288
08:38:59.119 -> 59,1,374,10374
08:38:59.120 -> 59,2,598,10598
08:38:59.154 -> 60,0,1294,11294
08:38:59.154 -> 60,1,326,10326
08:38:59.154 -> 60,2,604,10604
08:38:59.183 -> 61,0,1298,11298
08:38:59.183 -> 61,1,370,10370
08:38:59.184 -> 61,2,610,10610
08:38:59.216 -> 62,0,1304,11304
08:38:59.216 -> 62,1,326,10326
08:38:59.216 -> 62,2,618,10618
08:38:59.249 -> 63,0,1310,11310
08:38:59.251 -> 63,1,370,10370
08:38:59.251 -> 63,2,624,10624
08:38:59.283 -> 64,0,1316,11316
08:38:59.283 -> 64,1,1548,11548
08:38:59.283 -> 64,2,636,10636
08:38:59.317 -> 65,0,1222,11222
08:38:59.317 -> 65,1,338,10338
08:38:59.317 -> 65,2,644,10644
08:38:59.350 -> 66,0,1206,11206
08:38:59.351 -> 66,1,1552,11552
08:38:59.351 -> 66,2,652,10652
08:38:59.384 -> 67,0,1338,11338
08:38:59.384 -> 67,1,1554,11554
08:38:59.384 -> 67,2,660,10660
08:38:59.416 -> 68,0,1348,11348
08:38:59.416 -> 68,1,1558,11558
08:38:59.416 -> 68,2,668,10668
08:38:59.450 -> 69,0,1354,11354
08:38:59.450 -> 69,1,1562,11562
08:38:59.450 -> 69,2,682,10682
08:38:59.484 -> 70,0,1364,11364
08:38:59.484 -> 70,1,1566,11566
08:38:59.484 -> 70,2,692,10692
08:38:59.516 -> 71,0,1376,11376
08:38:59.516 -> 71,1,1572,11572
08:38:59.516 -> 71,2,702,10702
08:38:59.552 -> 72,0,1386,11386
08:38:59.552 -> 72,1,1576,11576
08:38:59.552 -> 72,2,714,10714
08:38:59.583 -> 73,0,1398,11398
08:38:59.583 -> 73,1,1582,11582
08:38:59.583 -> 73,2,730,10730
08:38:59.618 -> 74,0,1408,11408
08:38:59.618 -> 74,1,1588,11588
08:38:59.618 -> 74,2,742,10742
08:38:59.650 -> 75,0,1422,11422
08:38:59.650 -> 75,1,1596,11596
08:38:59.650 -> 75,2,754,10754
08:38:59.683 -> 76,0,1436,11436
08:38:59.683 -> 76,1,1588,11588
08:38:59.683 -> 76,2,768,10768
08:38:59.717 -> 77,0,1446,11446
08:38:59.717 -> 77,1,1512,11512
08:38:59.717 -> 77,2,788,10788
08:38:59.749 -> 78,0,1460,11460
08:38:59.751 -> 78,1,1446,11446
08:38:59.751 -> 78,2,802,10802
08:38:59.785 -> 79,0,1476,11476
08:38:59.785 -> 79,1,1386,11386
08:38:59.785 -> 79,2,818,10818
08:38:59.816 -> 80,0,1494,11494
08:38:59.816 -> 80,1,1332,11332
08:38:59.817 -> 80,2,840,10840
08:38:59.852 -> 81,0,1196,11196
08:38:59.852 -> 81,1,1284,11284
08:38:59.852 -> 81,2,858,10858
08:38:59.886 -> 82,0,1168,11168
08:38:59.886 -> 82,1,1240,11240
08:38:59.886 -> 82,2,878,10878
08:38:59.917 -> 83,0,618,10618
08:38:59.917 -> 83,1,1194,11194
08:38:59.917 -> 83,2,904,10904
08:38:59.950 -> 84,0,590,10590
08:38:59.950 -> 84,1,1154,11154
08:38:59.950 -> 84,2,924,10924
08:38:59.984 -> 85,0,560,10560
08:38:59.984 -> 85,1,1120,11120
08:38:59.984 -> 85,2,954,10954
08:39:00.017 -> 86,0,560,10560
08:39:00.017 -> 86,1,1080,11080
08:39:00.018 -> 86,2,978,10978
08:39:00.050 -> 87,0,518,10518
08:39:00.051 -> 87,1,1052,11052
08:39:00.051 -> 87,2,1010,11010
08:39:00.084 -> 88,0,514,10514
08:39:00.084 -> 88,1,1018,11018
08:39:00.084 -> 88,2,1038,11038
08:39:00.116 -> 89,0,1678,11678
08:39:00.116 -> 89,1,996,10996
08:39:00.116 -> 89,2,1076,11076
08:39:00.152 -> 90,0,466,10466
08:39:00.152 -> 90,1,966,10966
08:39:00.153 -> 90,2,1108,11108
08:39:00.185 -> 91,0,478,10478
08:39:00.185 -> 91,1,946,10946
08:39:00.185 -> 91,2,1150,11150
08:39:00.217 -> 92,0,498,10498
08:39:00.217 -> 92,1,920,10920
08:39:00.217 -> 92,2,1194,11194
08:39:00.251 -> 93,0,1792,11792
08:39:00.251 -> 93,1,900,10900
08:39:00.252 -> 93,2,1234,11234
08:39:00.283 -> 94,0,524,10524
08:39:00.283 -> 94,1,878,10878
08:39:00.283 -> 94,2,1286,11286
08:39:00.316 -> 95,0,536,10536
08:39:00.316 -> 95,1,858,10858
08:39:00.316 -> 95,2,1342,11342
08:39:00.351 -> 96,0,560,10560
08:39:00.352 -> 96,1,844,10844
08:39:00.352 -> 96,2,1402,11402
08:39:00.383 -> 97,0,1930,11930
08:39:00.383 -> 97,1,824,10824
08:39:00.383 -> 97,2,1468,11468
08:39:00.418 -> 98,0,1972,11972
08:39:00.418 -> 98,1,806,10806
08:39:00.418 -> 98,2,1542,11542
08:39:00.451 -> 99,0,-1,9999
08:39:00.452 -> 99,1,794,10794
08:39:00.452 -> 99,2,1620,11620
08:39:00.483 -> 100,0,-1,9999
08:39:00.483 -> 100,1,778,10778
08:39:00.483 -> 100,2,1718,11718
08:39:00.517 -> 101,0,-1,9999
08:39:00.518 -> 101,1,764,10764
08:39:00.518 -> 101,2,1814,11814
08:39:00.552 -> 102,0,-1,9999
08:39:00.553 -> 102,1,748,10748
08:39:00.553 -> 102,2,1934,11934
08:39:00.583 -> 103,0,-1,9999
08:39:00.583 -> 103,1,740,10740
08:39:00.583 -> 103,2,-1,9999
08:39:00.617 -> 104,0,-1,9999
08:39:00.617 -> 104,1,728,10728
08:39:00.617 -> 104,2,1994,11994
08:39:00.650 -> 105,0,-1,9999
08:39:00.650 -> 105,1,714,10714
08:39:00.650 -> 105,2,1986,11986
08:39:00.685 -> 106,0,-1,9999
08:39:00.685 -> 106,1,702,10702
08:39:00.686 -> 106,2,1976,11976
08:39:00.718 -> 107,0,-1,9999
08:39:00.718 -> 107,1,696,10696
08:39:00.718 -> 107,2,1968,11968
08:39:00.751 -> 108,0,-1,9999
08:39:00.752 -> 108,1,686,10686
08:39:00.752 -> 108,2,1962,11962
08:39:00.786 -> 109,0,-1,9999
08:39:00.787 -> 109,1,676,10676
08:39:00.787 -> 109,2,1954,11954
08:39:00.818 -> 110,0,-1,9999
08:39:00.818 -> 110,1,666,10666
08:39:00.818 -> 110,2,1948,11948
08:39:00.849 -> 111,0,-1,9999
08:39:00.849 -> 111,1,658,10658
08:39:00.849 -> 111,2,1942,11942
08:39:00.884 -> 112,0,-1,9999
08:39:00.884 -> 112,1,652,10652
08:39:00.884 -> 112,2,1938,11938
08:39:00.918 -> 113,0,-1,9999
08:39:00.918 -> 113,1,644,10644
08:39:00.918 -> 113,2,1934,11934
08:39:00.949 -> 114,0,-1,9999
08:39:00.949 -> 114,1,636,10636
08:39:00.950 -> 114,2,1930,11930
08:39:00.983 -> 115,0,-1,9999
08:39:00.983 -> 115,1,628,10628
08:39:00.984 -> 115,2,1928,11928
08:39:01.019 -> 116,0,-1,9999
08:39:01.019 -> 116,1,622,10622
08:39:01.019 -> 116,2,1924,11924
08:39:01.053 -> 117,0,-1,9999
08:39:01.053 -> 117,1,618,10618
08:39:01.053 -> 117,2,1922,11922
08:39:01.083 -> 118,0,-1,9999
08:39:01.083 -> 118,1,612,10612
08:39:01.083 -> 118,2,1922,11922
08:39:01.119 -> 119,0,-1,9999
08:39:01.119 -> 119,1,606,10606
08:39:01.119 -> 119,2,1922,11922
08:39:01.150 -> 120,0,-1,9999
08:39:01.151 -> 120,1,600,10600
08:39:01.151 -> 120,2,364,10364
