01:04:19.230 -> 0,0,144,4871
01:04:19.230 -> 0,1,100,16909
01:04:19.772 -> 0,0,134,2477
01:04:19.772 -> 0,1,119,2663
01:04:19.806 -> 0,2,103,5012
01:04:19.839 -> 1,0,134,2476
01:04:19.839 -> 1,1,118,2665
01:04:19.839 -> 1,2,51,3600
01:04:19.872 -> 2,0,134,2428
01:04:19.872 -> 2,1,119,2768
01:04:19.872 -> 2,2,103,5303
01:04:19.905 -> 3,0,132,9755
01:04:19.905 -> 3,1,120,3050
01:04:19.938 -> 3,2,104,5641
01:04:19.938 -> 4,0,121,10719
01:04:19.938 -> 4,1,85,9094
01:04:19.971 -> 4,2,104,6246
01:04:19.971 -> 5,0,116,13314
01:04:19.971 -> 5,1,72,2177
01:04:19.971 -> 5,2,103,6248
01:04:20.004 -> 6,0,132,2516
01:04:20.038 -> 6,1,78,8434
01:04:20.038 -> 6,2,103,7494
01:04:20.071 -> 7,0,137,2371
01:04:20.071 -> 7,1,67,743
01:04:20.071 -> 7,2,103,6963
01:04:20.105 -> 8,0,138,2313
01:04:20.105 -> 8,1,68,9986
01:04:20.138 -> 8,2,103,5974
01:04:20.138 -> 9,0,137,2233
01:04:20.172 -> 9,1,68,5422
01:04:20.172 -> 9,2,109,4395
01:04:20.205 -> 10,0,136,2089
01:04:20.205 -> 10,1,65,1693
01:04:20.205 -> 10,2,111,3470
01:04:20.238 -> 11,0,142,2090
01:04:20.238 -> 11,1,66,3512
01:04:20.238 -> 11,2,89,11147
01:04:20.271 -> 12,0,144,2315
01:04:20.271 -> 12,1,64,1340
01:04:20.271 -> 12,2,79,10486
01:04:20.304 -> 13,0,144,2210
01:04:20.304 -> 13,1,69,13685
01:04:20.304 -> 13,2,79,5237
01:04:20.338 -> 14,0,142,10217
01:04:20.338 -> 14,1,71,18386
01:04:20.338 -> 14,2,92,5549
01:04:20.371 -> 15,0,135,12758
01:04:20.371 -> 15,1,69,17080
01:04:20.371 -> 15,2,96,4733
01:04:20.404 -> 16,0,134,12311
01:04:20.404 -> 16,1,70,15072
01:04:20.437 -> 16,2,97,4480
01:04:20.437 -> 17,0,144,10141
01:04:20.470 -> 17,1,71,13685
01:04:20.470 -> 17,2,97,4433
01:04:20.503 -> 18,0,155,9268
01:04:20.503 -> 18,1,72,12360
01:04:20.503 -> 18,2,97,3893
01:04:20.536 -> 19,0,158,8602
01:04:20.536 -> 19,1,73,12187
01:04:20.536 -> 19,2,97,3467
01:04:20.570 -> 20,0,160,8170
01:04:20.570 -> 20,1,74,11750
01:04:20.603 -> 20,2,98,3377
01:04:20.603 -> 21,0,161,7687
01:04:20.603 -> 21,1,75,11174
01:04:20.603 -> 21,2,98,3214
01:04:20.636 -> 22,0,163,6727
01:04:20.636 -> 22,1,77,10435
01:04:20.636 -> 22,2,99,3066
01:04:20.669 -> 23,0,163,6405
01:04:20.669 -> 23,1,79,9936
01:04:20.669 -> 23,2,99,3790
01:04:20.703 -> 24,0,164,5753
01:04:20.703 -> 24,1,81,9611
01:04:20.703 -> 24,2,99,4495
01:04:20.735 -> 25,0,169,4523
01:04:20.735 -> 25,1,82,9288
01:04:20.768 -> 25,2,100,2468
01:04:20.802 -> 26,0,122,14186
01:04:20.802 -> 26,1,83,9163
01:04:20.802 -> 26,2,101,1653
01:04:20.835 -> 27,0,112,3206
01:04:20.835 -> 27,1,84,9120
01:04:20.835 -> 27,2,133,4760
01:04:20.868 -> 28,0,132,4383
01:04:20.868 -> 28,1,85,9162
01:04:20.868 -> 28,2,140,13201
01:04:20.901 -> 29,0,178,2111
01:04:20.901 -> 29,1,85,9240
01:04:20.934 -> 29,2,141,15626
01:04:20.934 -> 30,0,180,1862
01:04:20.934 -> 30,1,86,9305
01:04:20.934 -> 30,2,142,15255
01:04:20.967 -> 31,0,180,1773
01:04:20.967 -> 31,1,87,9338
01:04:20.967 -> 31,2,142,15041
01:04:21.001 -> 32,0,181,1627
01:04:21.001 -> 32,1,89,9683
01:04:21.001 -> 32,2,89,7934
01:04:21.034 -> 33,0,179,1451
01:04:21.034 -> 33,1,90,10073
01:04:21.034 -> 33,2,40,8083
01:04:21.067 -> 34,0,178,1376
01:04:21.067 -> 34,1,92,11074
01:04:21.067 -> 34,2,29,6120
01:04:21.100 -> 35,0,179,1288
01:04:21.133 -> 35,1,93,11618
01:04:21.133 -> 35,2,29,6672
01:04:21.166 -> 36,0,181,1265
01:04:21.166 -> 36,1,94,11836
01:04:21.166 -> 36,2,29,6262
01:04:21.200 -> 37,0,181,1247
01:04:21.200 -> 37,1,95,12120
01:04:21.200 -> 37,2,29,5823
01:04:21.233 -> 38,0,181,1293
01:04:21.233 -> 38,1,96,12240
01:04:21.233 -> 38,2,31,3264
01:04:21.266 -> 39,0,182,1274
01:04:21.266 -> 39,1,96,12414
01:04:21.299 -> 39,2,47,3389
01:04:21.299 -> 40,0,183,1284
01:04:21.299 -> 40,1,97,12599
01:04:21.332 -> 40,2,62,2468
01:04:21.332 -> 41,0,183,1257
01:04:21.332 -> 41,1,98,12686
01:04:21.332 -> 41,2,38,8203
01:04:21.365 -> 42,0,183,1208
01:04:21.365 -> 42,1,98,12485
01:04:21.365 -> 42,2,33,12972
01:04:21.399 -> 43,0,181,1155
01:04:21.399 -> 43,1,99,12594
01:04:21.432 -> 43,2,32,14783
01:04:21.432 -> 44,0,188,1232
01:04:21.465 -> 44,1,99,12392
01:04:21.465 -> 44,2,32,15230
01:04:21.498 -> 45,0,196,1294
01:04:21.498 -> 45,1,99,12037
01:04:21.498 -> 45,2,32,15474
01:04:21.531 -> 46,0,192,1388
01:04:21.531 -> 46,1,101,13177
01:04:21.531 -> 46,2,32,17043
01:04:21.564 -> 47,0,187,1415
01:04:21.564 -> 47,1,103,15082
01:04:21.597 -> 47,2,30,5430
01:04:21.597 -> 48,0,192,1372
01:04:21.631 -> 48,1,74,8040
01:04:21.631 -> 48,2,29,5448
01:04:21.631 -> 49,0,197,1350
01:04:21.631 -> 49,1,67,2253
01:04:21.664 -> 49,2,29,5343
01:04:21.664 -> 50,0,199,1388
01:04:21.664 -> 50,1,64,2547
01:04:21.697 -> 50,2,29,5378
01:04:21.697 -> 51,0,201,1411
01:04:21.697 -> 51,1,70,796
01:04:21.697 -> 51,2,29,5409
01:04:21.730 -> 52,0,201,1469
01:04:21.763 -> 52,1,102,13984
01:04:21.763 -> 52,2,29,5084
01:04:21.796 -> 53,0,204,1490
01:04:21.796 -> 53,1,106,14634
01:04:21.796 -> 53,2,29,4205
01:04:21.830 -> 54,0,205,1528
01:04:21.830 -> 54,1,110,16664
01:04:21.830 -> 54,2,29,3942
01:04:21.830 -> 55,0,207,1604
01:04:21.830 -> 55,1,113,10735
01:04:21.863 -> 55,2,29,2623
01:04:21.863 -> 56,0,208,1669
01:04:21.863 -> 56,1,111,15400
01:04:21.863 -> 56,2,31,3724
01:04:21.896 -> 57,0,209,1694
01:04:21.896 -> 57,1,114,15537
01:04:21.896 -> 57,2,52,3685
01:04:21.929 -> 58,0,209,1702
01:04:21.929 -> 58,1,115,16570
01:04:21.929 -> 58,2,52,7235
01:04:21.962 -> 59,0,208,1691
01:04:21.962 -> 59,1,116,16641
01:04:21.962 -> 59,2,52,7595
01:04:21.995 -> 60,0,206,1672
01:04:21.995 -> 60,1,114,16085
01:04:21.995 -> 60,2,52,6552
01:04:22.029 -> 61,0,201,1658
01:04:22.029 -> 61,1,111,16047
01:04:22.029 -> 61,2,53,4141
01:04:22.062 -> 62,0,202,1666
01:04:22.062 -> 62,1,108,15338
01:04:22.062 -> 62,2,60,2420
01:04:22.095 -> 63,0,202,1666
01:04:22.095 -> 63,1,100,14832
01:04:22.095 -> 63,2,123,3324
01:04:22.128 -> 64,0,203,1695
01:04:22.128 -> 64,1,102,14417
01:04:22.128 -> 64,2,122,3630
01:04:22.161 -> 65,0,202,1714
01:04:22.161 -> 65,1,106,11028
01:04:22.161 -> 65,2,121,3757
01:04:22.194 -> 66,0,205,1714
01:04:22.194 -> 66,1,79,9183
01:04:22.194 -> 66,2,120,3900
01:04:22.228 -> 67,0,203,1706
01:04:22.228 -> 67,1,95,10681
01:04:22.228 -> 67,2,119,4020
01:04:22.261 -> 68,0,195,1832
01:04:22.261 -> 68,1,103,2333
01:04:22.261 -> 68,2,117,4215
01:04:22.294 -> 69,0,190,1739
01:04:22.294 -> 69,1,100,2450
01:04:22.294 -> 69,2,116,4428
01:04:22.327 -> 70,0,197,1611
01:04:22.327 -> 70,1,84,3176
01:04:22.327 -> 70,2,115,4577
01:04:22.360 -> 71,0,198,1579
01:04:22.360 -> 71,1,92,2910
01:04:22.360 -> 71,2,114,4673
01:04:22.394 -> 72,0,195,1627
01:04:22.394 -> 72,1,85,3040
01:04:22.427 -> 72,2,113,4811
01:04:22.460 -> 73,0,84,4179
01:04:22.460 -> 73,1,74,3968
01:04:22.460 -> 73,2,112,4946
01:04:22.493 -> 74,0,83,7227
01:04:22.493 -> 74,1,73,4592
01:04:22.493 -> 74,2,111,5019
01:04:22.526 -> 75,0,84,3785
01:04:22.526 -> 75,1,77,7429
01:04:22.559 -> 75,2,111,5075
01:04:22.559 -> 76,0,138,2226
01:04:22.593 -> 76,1,77,8595
01:04:22.593 -> 76,2,110,5125
01:04:22.626 -> 77,0,205,1587
01:04:22.626 -> 77,1,74,6593
01:04:22.626 -> 77,2,109,5244
01:04:22.659 -> 78,0,203,1584
01:04:22.659 -> 78,1,72,4899
01:04:22.659 -> 78,2,108,5316
01:04:22.692 -> 79,0,202,1571
01:04:22.692 -> 79,1,70,2532
01:04:22.725 -> 79,2,108,5405
01:04:22.725 -> 80,0,203,1535
01:04:22.725 -> 80,1,67,2549
01:04:22.758 -> 80,2,108,5417
01:04:22.792 -> 81,0,202,1547
01:04:22.792 -> 81,1,62,2621
01:04:22.792 -> 81,2,107,5481
01:04:22.825 -> 82,0,205,1549
01:04:22.825 -> 82,1,59,2662
01:04:22.858 -> 82,2,107,5546
01:04:22.858 -> 83,0,211,1544
01:04:22.858 -> 83,1,57,2862
01:04:22.891 -> 83,2,107,5570
01:04:22.924 -> 84,0,216,1552
01:04:22.924 -> 84,1,54,3186
01:04:22.924 -> 84,2,98,5590
01:04:22.957 -> 85,0,228,1508
01:04:22.957 -> 85,1,50,5477
01:04:22.957 -> 85,2,66,7873
01:04:22.991 -> 86,0,242,1472
01:04:22.991 -> 86,1,48,7281
01:04:23.024 -> 86,2,58,7320
01:04:23.024 -> 87,0,239,1209
01:04:23.024 -> 87,1,54,5452
01:04:23.057 -> 87,2,83,4237
01:04:23.057 -> 88,0,232,1070
01:04:23.090 -> 88,1,63,5211
01:04:23.090 -> 88,2,98,4001
01:04:23.123 -> 89,0,225,856
01:04:23.123 -> 89,1,46,14758
01:04:23.123 -> 89,2,101,4895
01:04:23.157 -> 90,0,219,871
01:04:23.157 -> 90,1,73,838
01:04:23.190 -> 90,2,105,5770
01:04:23.223 -> 91,0,217,903
01:04:23.223 -> 91,1,81,821
01:04:23.223 -> 91,2,105,5761
01:04:23.256 -> 92,0,216,928
01:04:23.256 -> 92,1,87,639
01:04:23.256 -> 92,2,105,5752
01:04:23.289 -> 93,0,213,1021
01:04:23.289 -> 93,1,106,624
01:04:23.289 -> 93,2,105,5717
01:04:23.322 -> 94,0,211,1150
01:04:23.322 -> 94,1,120,632
01:04:23.356 -> 94,2,106,5722
01:04:23.356 -> 95,0,208,1344
01:04:23.356 -> 95,1,131,783
01:04:23.389 -> 95,2,106,5705
01:04:23.389 -> 96,0,206,1612
01:04:23.422 -> 96,1,144,3398
01:04:23.422 -> 96,2,106,5707
01:04:23.455 -> 97,0,203,1900
01:04:23.455 -> 97,1,145,6708
01:04:23.455 -> 97,2,106,5676
01:04:23.488 -> 98,0,200,2335
01:04:23.488 -> 98,1,144,13140
01:04:23.488 -> 98,2,106,5643
01:04:23.522 -> 99,0,195,3038
01:04:23.522 -> 99,1,143,17102
01:04:23.555 -> 99,2,107,5579
01:04:23.588 -> 100,0,190,3701
01:04:23.588 -> 100,1,142,16428
01:04:23.588 -> 100,2,107,5564
01:04:23.621 -> 101,0,187,4124
01:04:23.621 -> 101,1,141,16955
01:04:23.621 -> 101,2,108,5491
01:04:23.655 -> 102,0,183,4630
01:04:23.655 -> 102,1,144,19452
01:04:23.688 -> 102,2,108,5415
01:04:23.688 -> 103,0,179,5296
01:04:23.721 -> 103,1,138,8202
01:04:23.721 -> 103,2,109,5375
01:04:23.754 -> 104,0,176,5766
01:04:23.754 -> 104,1,137,4599
01:04:23.754 -> 104,2,109,5307
01:04:23.787 -> 105,0,174,6119
01:04:23.787 -> 105,1,138,720
01:04:23.787 -> 105,2,110,5221
01:04:23.820 -> 106,0,169,7366
01:04:23.820 -> 106,1,139,4703
01:04:23.854 -> 106,2,111,5047
01:04:23.854 -> 107,0,165,8156
01:04:23.887 -> 107,1,138,8489
01:04:23.887 -> 107,2,111,4869
01:04:23.920 -> 108,0,163,8406
01:04:23.920 -> 108,1,137,8861
01:04:23.920 -> 108,2,112,4423
01:04:23.953 -> 109,0,161,8569
01:04:23.953 -> 109,1,136,774
01:04:23.953 -> 109,2,113,4002
01:04:23.986 -> 110,0,159,8811
01:04:23.986 -> 110,1,128,793
01:04:24.019 -> 110,2,114,3969
01:04:24.019 -> 111,0,156,9365
01:04:24.019 -> 111,1,134,9447
01:04:24.053 -> 111,2,115,3843
01:04:24.053 -> 112,0,153,10137
01:04:24.086 -> 112,1,131,14542
01:04:24.086 -> 112,2,115,3727
01:04:24.119 -> 113,0,151,10353
01:04:24.119 -> 113,1,122,7157
01:04:24.119 -> 113,2,117,3705
01:04:24.152 -> 114,0,149,10487
01:04:24.152 -> 114,1,106,4837
01:04:24.152 -> 114,2,118,3681
01:04:24.185 -> 115,0,148,10640
01:04:24.185 -> 115,1,105,4598
01:04:24.218 -> 115,2,119,3555
01:04:24.252 -> 116,0,145,10804
01:04:24.252 -> 116,1,105,3888
01:04:24.252 -> 116,2,121,3763
01:04:24.285 -> 117,0,144,11172
01:04:24.285 -> 117,1,106,4410
01:04:24.285 -> 117,2,123,4165
01:04:24.318 -> 118,0,141,11869
01:04:24.318 -> 118,1,106,5326
01:04:24.318 -> 118,2,124,3953
01:04:24.351 -> 119,0,139,12822
01:04:24.351 -> 119,1,106,6094
01:04:24.384 -> 119,2,120,2456
01:04:24.384 -> 120,0,138,12660
01:04:24.384 -> 120,1,106,5053
01:04:24.418 -> 120,2,114,2074
