17:34:52.118 -> 0,0,131,6641
17:34:52.118 -> 0,1,87,4502
17:34:52.118 -> 0,2,244,9000
17:34:52.118 -> 1,0,131,6641
17:34:52.118 -> 1,1,87,4495
17:34:52.118 -> 1,2,244,8997
17:34:52.623 -> 0,0,183,4176
17:34:52.623 -> 0,1,128,1445
17:34:52.623 -> 0,2,54,17471
17:34:52.623 -> 1,0,183,4184
17:34:52.657 -> 1,1,127,1451
17:34:52.657 -> 1,2,54,17481
17:34:52.657 -> 2,0,182,4184
17:34:52.657 -> 2,1,128,1442
17:34:52.657 -> 2,2,54,17478
17:34:52.657 -> 3,0,184,3829
17:34:52.657 -> 3,1,128,1447
17:34:52.657 -> 3,2,54,17473
17:34:52.657 -> 4,0,195,2924
17:34:52.657 -> 4,1,127,1445
17:34:52.657 -> 4,2,54,17475
17:34:52.690 -> 5,0,203,2838
17:34:52.690 -> 5,1,128,1450
17:34:52.690 -> 5,2,54,17486
17:34:52.690 -> 6,0,203,2754
17:34:52.690 -> 6,1,127,1448
17:34:52.690 -> 6,2,54,17480
17:34:52.690 -> 7,0,205,1725
17:34:52.690 -> 7,1,127,1453
17:34:52.690 -> 7,2,54,17480
17:34:52.723 -> 8,0,212,1548
17:34:52.723 -> 8,1,127,1440
17:34:52.723 -> 8,2,54,17471
17:34:52.723 -> 9,0,218,1578
17:34:52.723 -> 9,1,127,1443
17:34:52.723 -> 9,2,54,17488
17:34:52.723 -> 10,0,219,1582
17:34:52.723 -> 10,1,127,1461
17:34:52.723 -> 10,2,54,17488
17:34:52.756 -> 11,0,218,1587
17:34:52.756 -> 11,1,129,1582
17:34:52.756 -> 11,2,54,17488
17:34:52.756 -> 12,0,218,1594
17:34:52.756 -> 12,1,128,1599
17:34:52.756 -> 12,2,54,17494
17:34:52.756 -> 13,0,218,1574
17:34:52.756 -> 13,1,128,2003
17:34:52.756 -> 13,2,54,17496
17:34:52.756 -> 14,0,217,1543
17:34:52.756 -> 14,1,113,2240
17:34:52.790 -> 14,2,56,4046
17:34:52.790 -> 15,0,216,1535
17:34:52.790 -> 15,1,114,2239
17:34:52.790 -> 15,2,59,3545
17:34:52.790 -> 16,0,217,1537
17:34:52.790 -> 16,1,114,2214
17:34:52.790 -> 16,2,62,2973
17:34:52.790 -> 17,0,218,1541
17:34:52.790 -> 17,1,114,2201
17:34:52.790 -> 17,2,66,2520
17:34:52.823 -> 18,0,219,1578
17:34:52.823 -> 18,1,115,2145
17:34:52.823 -> 18,2,70,4326
17:34:52.823 -> 19,0,218,1630
17:34:52.823 -> 19,1,116,2074
17:34:52.823 -> 19,2,71,2904
17:34:52.823 -> 20,0,216,1793
17:34:52.823 -> 20,1,117,2025
17:34:52.823 -> 20,2,71,3308
17:34:52.823 -> 21,0,195,4563
17:34:52.856 -> 21,1,118,2007
17:34:52.856 -> 21,2,72,5166
17:34:52.856 -> 22,0,191,4114
17:34:52.856 -> 22,1,120,2018
17:34:52.856 -> 22,2,73,7408
17:34:52.856 -> 23,0,210,2026
17:34:52.856 -> 23,1,121,2032
17:34:52.856 -> 23,2,71,8414
17:34:52.856 -> 24,0,217,1845
17:34:52.856 -> 24,1,122,1980
17:34:52.856 -> 24,2,69,9259
17:34:52.889 -> 25,0,219,1874
17:34:52.889 -> 25,1,124,1934
17:34:52.889 -> 25,2,67,9810
17:34:52.889 -> 26,0,219,1921
17:34:52.889 -> 26,1,125,1927
17:34:52.889 -> 26,2,66,10306
17:34:52.889 -> 27,0,218,1903
17:34:52.889 -> 27,1,126,1923
17:34:52.889 -> 27,2,65,10892
17:34:52.923 -> 28,0,216,1848
17:34:52.923 -> 28,1,126,1949
17:34:52.923 -> 28,2,63,11584
17:34:52.923 -> 29,0,215,1857
17:34:52.923 -> 29,1,128,1997
17:34:52.923 -> 29,2,63,12058
17:34:52.923 -> 30,0,214,1880
17:34:52.923 -> 30,1,129,2059
17:34:52.923 -> 30,2,62,12631
17:34:52.956 -> 31,0,214,1911
17:34:52.956 -> 31,1,130,2026
17:34:52.956 -> 31,2,61,13080
17:34:52.956 -> 32,0,215,1900
17:34:52.956 -> 32,1,129,1708
17:34:52.956 -> 32,2,60,13538
17:34:52.956 -> 33,0,213,1874
17:34:52.956 -> 33,1,127,1533
17:34:52.956 -> 33,2,60,13847
17:34:52.956 -> 34,0,211,1893
17:34:52.956 -> 34,1,129,1609
17:34:52.989 -> 34,2,59,14195
17:34:52.989 -> 35,0,211,1925
17:34:52.989 -> 35,1,131,1593
17:34:52.989 -> 35,2,58,14482
17:34:52.989 -> 36,0,210,1955
17:34:52.989 -> 36,1,130,1487
17:34:52.989 -> 36,2,58,14891
17:34:52.989 -> 37,0,210,1963
17:34:52.989 -> 37,1,126,1406
17:34:52.989 -> 37,2,57,15233
17:34:53.022 -> 38,0,209,1949
17:34:53.022 -> 38,1,132,1531
17:34:53.022 -> 38,2,57,15479
17:34:53.022 -> 39,0,206,1905
17:34:53.022 -> 39,1,140,1592
17:34:53.022 -> 39,2,56,15748
17:34:53.022 -> 40,0,204,1862
17:34:53.022 -> 40,1,145,1496
17:34:53.022 -> 40,2,56,16122
17:34:53.056 -> 41,0,202,1841
17:34:53.056 -> 41,1,147,1406
17:34:53.056 -> 41,2,55,16380
17:34:53.056 -> 42,0,202,1815
17:34:53.056 -> 42,1,151,1366
17:34:53.056 -> 42,2,55,16743
17:34:53.056 -> 43,0,200,1826
17:34:53.056 -> 43,1,151,1326
17:34:53.056 -> 43,2,54,16936
17:34:53.056 -> 44,0,200,1817
17:34:53.090 -> 44,1,150,1231
17:34:53.090 -> 44,2,54,17199
17:34:53.090 -> 45,0,198,2116
17:34:53.090 -> 45,1,154,1237
17:34:53.090 -> 45,2,54,17367
17:34:53.090 -> 46,0,189,3252
17:34:53.090 -> 46,1,162,1335
17:34:53.090 -> 46,2,54,17428
17:34:53.090 -> 47,0,189,2785
17:34:53.090 -> 47,1,167,1380
17:34:53.090 -> 47,2,53,17598
17:34:53.122 -> 48,0,196,1839
17:34:53.122 -> 48,1,168,1402
17:34:53.122 -> 48,2,53,17760
17:34:53.122 -> 49,0,198,1560
17:34:53.122 -> 49,1,167,1367
17:34:53.122 -> 49,2,53,17947
17:34:53.122 -> 50,0,185,1198
17:34:53.122 -> 50,1,165,1333
17:34:53.122 -> 50,2,51,6423
17:34:53.155 -> 51,0,173,1023
17:34:53.155 -> 51,1,164,1297
17:34:53.155 -> 51,2,50,5316
17:34:53.155 -> 52,0,170,978
17:34:53.155 -> 52,1,162,1197
17:34:53.155 -> 52,2,50,5237
17:34:53.155 -> 53,0,170,931
17:34:53.155 -> 53,1,160,1126
17:34:53.155 -> 53,2,49,5242
17:34:53.155 -> 54,0,164,997
17:34:53.155 -> 54,1,167,1421
17:34:53.155 -> 54,2,49,5261
17:34:53.188 -> 55,0,164,994
17:34:53.188 -> 55,1,181,2518
17:34:53.188 -> 55,2,49,5272
17:34:53.188 -> 56,0,169,1006
17:34:53.188 -> 56,1,185,3398
17:34:53.188 -> 56,2,49,5259
17:34:53.188 -> 57,0,169,1006
17:34:53.188 -> 57,1,174,5480
17:34:53.188 -> 57,2,49,5251
17:34:53.222 -> 58,0,166,1016
17:34:53.222 -> 58,1,83,9385
17:34:53.222 -> 58,2,49,5256
17:34:53.222 -> 59,0,167,1041
17:34:53.222 -> 59,1,67,3062
17:34:53.222 -> 59,2,50,5227
17:34:53.222 -> 60,0,171,1062
17:34:53.222 -> 60,1,66,2556
17:34:53.222 -> 60,2,50,5207
17:34:53.255 -> 61,0,179,1170
17:34:53.255 -> 61,1,136,2579
17:34:53.255 -> 61,2,50,5189
17:34:53.255 -> 62,0,185,1274
17:34:53.255 -> 62,1,146,2798
17:34:53.255 -> 62,2,50,5144
17:34:53.255 -> 63,0,186,1375
17:34:53.255 -> 63,1,146,1971
17:34:53.255 -> 63,2,50,5079
17:34:53.255 -> 64,0,189,1392
17:34:53.288 -> 64,1,144,1812
17:34:53.288 -> 64,2,50,5025
17:34:53.288 -> 65,0,192,1416
17:34:53.288 -> 65,1,143,1772
17:34:53.288 -> 65,2,51,5000
17:34:53.288 -> 66,0,191,1478
17:34:53.288 -> 66,1,143,1871
17:34:53.288 -> 66,2,51,4971
17:34:53.288 -> 67,0,191,1540
17:34:53.288 -> 67,1,142,1888
17:34:53.288 -> 67,2,51,4899
17:34:53.321 -> 68,0,191,1617
17:34:53.321 -> 68,1,141,2006
17:34:53.321 -> 68,2,52,4851
17:34:53.321 -> 69,0,196,1708
17:34:53.321 -> 69,1,140,2160
17:34:53.321 -> 69,2,52,4835
17:34:53.321 -> 70,0,199,2779
17:34:53.321 -> 70,1,134,2119
17:34:53.321 -> 70,2,52,4594
17:34:53.355 -> 71,0,88,6670
17:34:53.355 -> 71,1,105,12101
17:34:53.355 -> 71,2,51,2817
17:34:53.355 -> 72,0,74,8343
17:34:53.355 -> 72,1,99,12430
17:34:53.355 -> 72,2,48,6394
17:34:53.355 -> 73,0,73,8349
17:34:53.355 -> 73,1,106,5446
17:34:53.355 -> 73,2,44,7734
17:34:53.388 -> 74,0,74,4696
17:34:53.388 -> 74,1,126,2804
17:34:53.388 -> 74,2,42,8671
17:34:53.388 -> 75,0,122,2960
17:34:53.388 -> 75,1,128,2721
17:34:53.388 -> 75,2,40,11363
17:34:53.388 -> 76,0,195,1877
17:34:53.388 -> 76,1,128,2757
17:34:53.388 -> 76,2,39,13129
17:34:53.388 -> 77,0,198,1981
17:34:53.388 -> 77,1,128,2835
17:34:53.421 -> 77,2,48,12204
17:34:53.421 -> 78,0,198,2178
17:34:53.421 -> 78,1,128,3000
17:34:53.421 -> 78,2,55,12597
17:34:53.421 -> 79,0,197,2468
17:34:53.421 -> 79,1,127,3326
17:34:53.421 -> 79,2,56,12291
17:34:53.421 -> 80,0,195,2748
17:34:53.421 -> 80,1,127,3509
17:34:53.421 -> 80,2,56,11493
17:34:53.454 -> 81,0,194,3037
17:34:53.454 -> 81,1,121,4064
17:34:53.454 -> 81,2,57,10847
17:34:53.454 -> 82,0,193,3298
17:34:53.454 -> 82,1,87,6897
17:34:53.454 -> 82,2,58,10588
17:34:53.454 -> 83,0,191,3669
17:34:53.454 -> 83,1,52,3012
17:34:53.454 -> 83,2,54,11127
17:34:53.454 -> 84,0,189,4110
17:34:53.454 -> 84,1,52,5890
17:34:53.487 -> 84,2,49,9557
17:34:53.487 -> 85,0,187,4557
17:34:53.487 -> 85,1,50,7919
17:34:53.487 -> 85,2,58,9140
17:34:53.487 -> 86,0,185,4948
17:34:53.487 -> 86,1,50,7313
17:34:53.487 -> 86,2,61,9177
17:34:53.487 -> 87,0,183,5601
17:34:53.487 -> 87,1,52,5396
17:34:53.487 -> 87,2,62,8824
17:34:53.521 -> 88,0,181,6114
17:34:53.521 -> 88,1,56,4529
17:34:53.521 -> 88,2,63,8463
17:34:53.521 -> 89,0,179,6623
17:34:53.521 -> 89,1,58,4617
17:34:53.521 -> 89,2,64,8251
17:34:53.521 -> 90,0,178,6952
17:34:53.521 -> 90,1,59,4151
17:34:53.521 -> 90,2,66,8292
17:34:53.554 -> 91,0,176,7479
17:34:53.554 -> 91,1,59,3347
17:34:53.554 -> 91,2,67,8733
17:34:53.554 -> 92,0,174,7989
17:34:53.554 -> 92,1,60,2643
17:34:53.554 -> 92,2,66,8085
17:34:53.554 -> 93,0,173,8599
17:34:53.554 -> 93,1,69,2669
17:34:53.554 -> 93,2,65,7517
17:34:53.554 -> 94,0,172,9061
17:34:53.587 -> 94,1,72,4717
17:34:53.587 -> 94,2,63,7441
17:34:53.587 -> 95,0,171,9590
17:34:53.587 -> 95,1,75,6236
17:34:53.587 -> 95,2,62,6916
17:34:53.587 -> 96,0,170,10034
17:34:53.587 -> 96,1,112,8294
17:34:53.587 -> 96,2,60,6204
17:34:53.587 -> 97,0,169,10599
17:34:53.587 -> 97,1,136,8697
17:34:53.587 -> 97,2,59,7284
17:34:53.620 -> 98,0,167,11357
17:34:53.620 -> 98,1,155,9133
17:34:53.620 -> 98,2,57,8504
17:34:53.620 -> 99,0,166,12225
17:34:53.620 -> 99,1,161,9009
17:34:53.620 -> 99,2,56,8957
17:34:53.620 -> 100,0,166,12475
17:34:53.620 -> 100,1,162,8582
17:34:53.620 -> 100,2,60,6573
17:34:53.654 -> 101,0,165,13030
17:34:53.654 -> 101,1,164,8389
17:34:53.654 -> 101,2,80,4966
17:34:53.654 -> 102,0,164,13757
17:34:53.654 -> 102,1,167,8362
17:34:53.654 -> 102,2,90,4846
17:34:53.654 -> 103,0,163,14368
17:34:53.654 -> 103,1,169,8343
17:34:53.654 -> 103,2,93,4534
17:34:53.687 -> 104,0,163,14912
17:34:53.687 -> 104,1,171,8813
17:34:53.687 -> 104,2,96,4255
17:34:53.687 -> 105,0,162,15798
17:34:53.687 -> 105,1,173,8564
17:34:53.687 -> 105,2,99,3929
17:34:53.687 -> 106,0,162,16616
17:34:53.687 -> 106,1,171,6506
17:34:53.687 -> 106,2,102,3628
17:34:53.687 -> 107,0,161,12968
17:34:53.720 -> 107,1,165,4956
17:34:53.720 -> 107,2,105,3338
17:34:53.720 -> 108,0,163,3672
17:34:53.720 -> 108,1,157,5002
17:34:53.720 -> 108,2,108,3087
17:34:53.720 -> 109,0,163,2912
17:34:53.720 -> 109,1,147,5947
17:34:53.720 -> 109,2,113,2796
17:34:53.720 -> 110,0,162,2914
17:34:53.720 -> 110,1,146,8033
17:34:53.720 -> 110,2,117,2530
17:34:53.753 -> 111,0,162,2960
17:34:53.753 -> 111,1,143,9475
17:34:53.753 -> 111,2,122,2280
17:34:53.753 -> 112,0,162,3083
17:34:53.753 -> 112,1,139,10599
17:34:53.753 -> 112,2,127,2044
17:34:53.753 -> 113,0,162,3006
17:34:53.753 -> 113,1,135,12030
17:34:53.753 -> 113,2,134,9276
17:34:53.753 -> 114,0,152,2390
17:34:53.786 -> 114,1,131,13799
17:34:53.786 -> 114,2,140,10967
17:34:53.786 -> 115,0,122,2276
17:34:53.786 -> 115,1,127,15332
17:34:53.786 -> 115,2,147,10148
17:34:53.786 -> 116,0,114,9725
17:34:53.786 -> 116,1,124,16772
17:34:53.786 -> 116,2,155,8900
17:34:53.786 -> 117,0,118,10477
17:34:53.786 -> 117,1,121,6266
17:34:53.786 -> 117,2,164,7567
17:34:53.819 -> 118,0,119,10936
17:34:53.819 -> 118,1,82,1915
17:34:53.819 -> 118,2,173,6446
17:34:53.819 -> 119,0,119,10990
17:34:53.819 -> 119,1,51,4267
17:34:53.819 -> 119,2,184,5510
17:34:53.819 -> 120,0,119,10866
17:34:53.819 -> 120,1,44,4181
17:34:53.819 -> 120,2,194,6458
