00:48:49.616 -> 0,0,198,3844
00:48:50.139 -> 0,0,240,2104
00:48:50.139 -> 0,1,77,4849
00:48:50.172 -> 0,2,109,11104
00:48:50.172 -> 1,0,241,2113
00:48:50.172 -> 1,1,70,8374
00:48:50.205 -> 1,2,143,2835
00:48:50.205 -> 2,0,240,2122
00:48:50.205 -> 2,1,79,12171
00:48:50.205 -> 2,2,150,2827
00:48:50.238 -> 3,0,240,2133
00:48:50.238 -> 3,1,73,13312
00:48:50.238 -> 3,2,143,2777
00:48:50.238 -> 4,0,238,2166
00:48:50.238 -> 4,1,78,17761
00:48:50.238 -> 4,2,132,2779
00:48:50.278 -> 5,0,237,2168
00:48:50.278 -> 5,1,78,16387
00:48:50.278 -> 5,2,131,2859
00:48:50.278 -> 6,0,234,2158
00:48:50.278 -> 6,1,78,16480
00:48:50.278 -> 6,2,114,3707
00:48:50.305 -> 7,0,234,2280
00:48:50.305 -> 7,1,79,15599
00:48:50.305 -> 7,2,82,5631
00:48:50.338 -> 8,0,233,2413
00:48:50.338 -> 8,1,80,15862
00:48:50.338 -> 8,2,72,4281
00:48:50.371 -> 9,0,229,2407
00:48:50.371 -> 9,1,81,14921
00:48:50.371 -> 9,2,108,2933
00:48:50.405 -> 10,0,224,2261
00:48:50.405 -> 10,1,82,13921
00:48:50.405 -> 10,2,121,3104
00:48:50.405 -> 11,0,213,1840
00:48:50.438 -> 11,1,82,13191
00:48:50.438 -> 11,2,114,3075
00:48:50.438 -> 12,0,198,1474
00:48:50.472 -> 12,1,83,13303
00:48:50.472 -> 12,2,101,3599
00:48:50.472 -> 13,0,193,1430
00:48:50.505 -> 13,1,84,12809
00:48:50.505 -> 13,2,103,3510
00:48:50.505 -> 14,0,192,1405
00:48:50.505 -> 14,1,85,12061
00:48:50.538 -> 14,2,101,3140
00:48:50.538 -> 15,0,197,1386
00:48:50.538 -> 15,1,87,11314
00:48:50.571 -> 15,2,100,2159
00:48:50.571 -> 16,0,200,1458
00:48:50.571 -> 16,1,88,11152
00:48:50.571 -> 16,2,112,2423
00:48:50.605 -> 17,0,210,1767
00:48:50.605 -> 17,1,88,11244
00:48:50.605 -> 17,2,113,2953
00:48:50.638 -> 18,0,222,2401
00:48:50.638 -> 18,1,88,11112
00:48:50.638 -> 18,2,111,2755
00:48:50.638 -> 19,0,225,2709
00:48:50.638 -> 19,1,89,11161
00:48:50.671 -> 19,2,110,2659
00:48:50.671 -> 20,0,216,3111
00:48:50.671 -> 20,1,90,10869
00:48:50.671 -> 20,2,107,2788
00:48:50.704 -> 21,0,190,5967
00:48:50.704 -> 21,1,91,10337
00:48:50.704 -> 21,2,110,11971
00:48:50.704 -> 22,0,188,5490
00:48:50.704 -> 22,1,92,9722
00:48:50.704 -> 22,2,111,9004
00:48:50.738 -> 23,0,209,2451
00:48:50.738 -> 23,1,94,8992
00:48:50.738 -> 23,2,109,5740
00:48:50.771 -> 24,0,217,2170
00:48:50.771 -> 24,1,97,8063
00:48:50.771 -> 24,2,108,6289
00:48:50.804 -> 25,0,71,6757
00:48:50.804 -> 25,1,99,7956
00:48:50.804 -> 25,2,106,6898
00:48:50.837 -> 26,0,50,17106
00:48:50.837 -> 26,1,100,7811
00:48:50.837 -> 26,2,106,7199
00:48:50.871 -> 27,0,51,3081
00:48:50.871 -> 27,1,102,7777
00:48:50.871 -> 27,2,105,7405
00:48:50.904 -> 28,0,51,3135
00:48:50.904 -> 28,1,104,6896
00:48:50.904 -> 28,2,105,7768
00:48:50.904 -> 29,0,52,2424
00:48:50.937 -> 29,1,107,5174
00:48:50.937 -> 29,2,104,8324
00:48:50.937 -> 30,0,50,4837
00:48:50.970 -> 30,1,116,2792
00:48:50.970 -> 30,2,103,9083
00:48:50.970 -> 31,0,94,2415
00:48:51.004 -> 31,1,135,1957
00:48:51.004 -> 31,2,103,10046
00:48:51.004 -> 32,0,182,924
00:48:51.004 -> 32,1,113,3773
00:48:51.037 -> 32,2,102,10350
00:48:51.037 -> 33,0,187,906
00:48:51.037 -> 33,1,110,3525
00:48:51.037 -> 33,2,102,10439
00:48:51.070 -> 34,0,190,886
00:48:51.070 -> 34,1,110,2772
00:48:51.070 -> 34,2,102,11437
00:48:51.070 -> 35,0,192,841
00:48:51.070 -> 35,1,118,1983
00:48:51.103 -> 35,2,101,11939
00:48:51.103 -> 36,0,194,774
00:48:51.103 -> 36,1,131,1704
00:48:51.103 -> 36,2,101,12112
00:48:51.136 -> 37,0,203,690
00:48:51.136 -> 37,1,140,1795
00:48:51.136 -> 37,2,100,12696
00:48:51.170 -> 38,0,207,617
00:48:51.170 -> 38,1,123,1589
00:48:51.170 -> 38,2,100,13196
00:48:51.170 -> 39,0,206,662
00:48:51.203 -> 39,1,115,1543
00:48:51.203 -> 39,2,100,13502
00:48:51.203 -> 40,0,216,1030
00:48:51.236 -> 40,1,101,1753
00:48:51.236 -> 40,2,100,13689
00:48:51.236 -> 41,0,216,1170
00:48:51.236 -> 41,1,101,1616
00:48:51.270 -> 41,2,100,13698
00:48:51.270 -> 42,0,213,1266
00:48:51.270 -> 42,1,134,1494
00:48:51.303 -> 42,2,100,14561
00:48:51.303 -> 43,0,211,1364
00:48:51.303 -> 43,1,161,1922
00:48:51.336 -> 43,2,100,14929
00:48:51.336 -> 44,0,208,1587
00:48:51.336 -> 44,1,180,3182
00:48:51.336 -> 44,2,100,15145
00:48:51.370 -> 45,0,207,1766
00:48:51.370 -> 45,1,179,3689
00:48:51.370 -> 45,2,100,15494
00:48:51.403 -> 46,0,203,2136
00:48:51.403 -> 46,1,178,4029
00:48:51.403 -> 46,2,100,15550
00:48:51.436 -> 47,0,201,2650
00:48:51.436 -> 47,1,177,4225
00:48:51.436 -> 47,2,100,15393
00:48:51.436 -> 48,0,201,3050
00:48:51.436 -> 48,1,176,4365
00:48:51.436 -> 48,2,100,15256
00:48:51.469 -> 49,0,202,3084
00:48:51.469 -> 49,1,175,4069
00:48:51.469 -> 49,2,100,14503
00:48:51.503 -> 50,0,200,2320
00:48:51.503 -> 50,1,170,2475
00:48:51.503 -> 50,2,101,14036
00:48:51.536 -> 51,0,189,2244
00:48:51.536 -> 51,1,159,1515
00:48:51.536 -> 51,2,101,13925
00:48:51.569 -> 52,0,184,2728
00:48:51.569 -> 52,1,163,1948
00:48:51.569 -> 52,2,101,14055
00:48:51.569 -> 53,0,181,3256
00:48:51.603 -> 53,1,171,6174
00:48:51.603 -> 53,2,101,9995
00:48:51.603 -> 54,0,177,3892
00:48:51.636 -> 54,1,170,10209
00:48:51.636 -> 54,2,85,6813
00:48:51.636 -> 55,0,173,4625
00:48:51.636 -> 55,1,169,10870
00:48:51.669 -> 55,2,91,9117
00:48:51.669 -> 56,0,169,5424
00:48:51.669 -> 56,1,168,11497
00:48:51.703 -> 56,2,98,10298
00:48:51.703 -> 57,0,166,6001
00:48:51.703 -> 57,1,167,12055
00:48:51.703 -> 57,2,100,10710
00:48:51.736 -> 58,0,164,6732
00:48:51.736 -> 58,1,166,12655
00:48:51.736 -> 58,2,101,10819
00:48:51.769 -> 59,0,160,7342
00:48:51.769 -> 59,1,166,13158
00:48:51.769 -> 59,2,98,9523
00:48:51.802 -> 60,0,157,7987
00:48:51.802 -> 60,1,165,13632
00:48:51.802 -> 60,2,102,9821
00:48:51.836 -> 61,0,155,8436
00:48:51.836 -> 61,1,165,13518
00:48:51.836 -> 61,2,102,10187
00:48:51.836 -> 62,0,154,9154
00:48:51.836 -> 62,1,163,7541
00:48:51.836 -> 62,2,103,9945
00:48:51.869 -> 63,0,151,10007
00:48:51.869 -> 63,1,148,3250
00:48:51.869 -> 63,2,104,9644
00:48:51.869 -> 64,0,149,10654
00:48:51.902 -> 64,1,134,3719
00:48:51.902 -> 64,2,105,9249
00:48:51.902 -> 65,0,145,12182
00:48:51.902 -> 65,1,134,4033
00:48:51.935 -> 65,2,107,9037
00:48:51.935 -> 66,0,143,12853
00:48:51.935 -> 66,1,133,5228
00:48:51.935 -> 66,2,108,9191
00:48:51.968 -> 67,0,141,13436
00:48:51.968 -> 67,1,98,12685
00:48:52.002 -> 67,2,107,7153
00:48:52.002 -> 68,0,140,13817
00:48:52.002 -> 68,1,67,1295
00:48:52.002 -> 68,2,104,5170
00:48:52.035 -> 69,0,138,14001
00:48:52.035 -> 69,1,70,7826
00:48:52.035 -> 69,2,99,4804
00:48:52.068 -> 70,0,137,14347
00:48:52.068 -> 70,1,111,5202
00:48:52.068 -> 70,2,97,5294
00:48:52.102 -> 71,0,135,15084
00:48:52.102 -> 71,1,133,3796
00:48:52.102 -> 71,2,104,7243
00:48:52.135 -> 72,0,134,15930
00:48:52.135 -> 72,1,133,2946
00:48:52.135 -> 72,2,112,7871
00:48:52.135 -> 73,0,132,16355
00:48:52.135 -> 73,1,133,1433
00:48:52.135 -> 73,2,119,8153
00:48:52.168 -> 74,0,131,16608
00:48:52.168 -> 74,1,128,2652
00:48:52.168 -> 74,2,121,8112
00:48:52.168 -> 75,0,130,17048
00:48:52.168 -> 75,1,126,4599
00:48:52.201 -> 75,2,123,7866
00:48:52.201 -> 76,0,129,17466
00:48:52.201 -> 76,1,114,13239
00:48:52.201 -> 76,2,124,7591
00:48:52.235 -> 77,0,127,17733
00:48:52.235 -> 77,1,112,9146
00:48:52.235 -> 77,2,127,7274
00:48:52.235 -> 78,0,126,5916
00:48:52.235 -> 78,1,119,3504
00:48:52.235 -> 78,2,128,7029
00:48:52.268 -> 79,0,126,3032
00:48:52.268 -> 79,1,126,2253
00:48:52.268 -> 79,2,130,6705
00:48:52.268 -> 80,0,125,3150
00:48:52.268 -> 80,1,127,2055
00:48:52.301 -> 80,2,133,6428
00:48:52.301 -> 81,0,123,3267
00:48:52.301 -> 81,1,128,1715
00:48:52.334 -> 81,2,136,6001
00:48:52.334 -> 82,0,122,3350
00:48:52.334 -> 82,1,129,1637
00:48:52.334 -> 82,2,124,6014
00:48:52.368 -> 83,0,122,3486
00:48:52.368 -> 83,1,130,2139
00:48:52.368 -> 83,2,78,14565
00:48:52.401 -> 84,0,121,3554
00:48:52.401 -> 84,1,130,2077
00:48:52.401 -> 84,2,72,19654
00:48:52.434 -> 85,0,121,3646
00:48:52.434 -> 85,1,131,1794
00:48:52.467 -> 85,2,93,6503
00:48:52.467 -> 86,0,120,3799
00:48:52.467 -> 86,1,133,1100
00:48:52.500 -> 86,2,150,4025
00:48:52.500 -> 87,0,119,3901
00:48:52.500 -> 87,1,157,2238
00:48:52.500 -> 87,2,153,4301
00:48:52.534 -> 88,0,119,4011
00:48:52.534 -> 88,1,171,7427
00:48:52.534 -> 88,2,155,4139
00:48:52.534 -> 89,0,118,4172
00:48:52.534 -> 89,1,172,9124
00:48:52.567 -> 89,2,158,3907
00:48:52.567 -> 90,0,118,4332
00:48:52.567 -> 90,1,172,10178
00:48:52.567 -> 90,2,163,3623
00:48:52.600 -> 91,0,117,4465
00:48:52.600 -> 91,1,168,10202
00:48:52.600 -> 91,2,165,3479
00:48:52.600 -> 92,0,117,4653
00:48:52.600 -> 92,1,118,16794
00:48:52.600 -> 92,2,168,3314
00:48:52.633 -> 93,0,116,5014
00:48:52.633 -> 93,1,73,1880
00:48:52.633 -> 93,2,171,3115
00:48:52.633 -> 94,0,116,5435
00:48:52.667 -> 94,1,71,3500
00:48:52.667 -> 94,2,177,2849
00:48:52.667 -> 95,0,116,5570
00:48:52.667 -> 95,1,71,2954
00:48:52.667 -> 95,2,182,2648
00:48:52.700 -> 96,0,116,5404
00:48:52.700 -> 96,1,89,10206
00:48:52.700 -> 96,2,187,2428
00:48:52.733 -> 97,0,116,6662
00:48:52.733 -> 97,1,185,6854
00:48:52.733 -> 97,2,198,2149
00:48:52.733 -> 98,0,115,8586
00:48:52.766 -> 98,1,156,5745
00:48:52.766 -> 98,2,210,6019
00:48:52.766 -> 99,0,107,5970
00:48:52.800 -> 99,1,157,5049
00:48:52.800 -> 99,2,220,5764
00:48:52.800 -> 100,0,74,7533
00:48:52.800 -> 100,1,174,4859
00:48:52.834 -> 100,2,224,5490
00:48:52.834 -> 101,0,66,8530
00:48:52.834 -> 101,1,185,4755
00:48:52.834 -> 101,2,222,5625
00:48:52.867 -> 102,0,68,5758
00:48:52.867 -> 102,1,188,4890
00:48:52.867 -> 102,2,220,5870
00:48:52.867 -> 103,0,97,4149
00:48:52.867 -> 103,1,191,5330
00:48:52.867 -> 103,2,218,6324
00:48:52.900 -> 104,0,115,4948
00:48:52.900 -> 104,1,192,5080
00:48:52.900 -> 104,2,224,5377
00:48:52.933 -> 105,0,115,4803
00:48:52.933 -> 105,1,189,4152
00:48:52.933 -> 105,2,239,4384
00:48:52.933 -> 106,0,116,4582
00:48:52.933 -> 106,1,185,3933
00:48:52.933 -> 106,2,246,4735
00:48:52.967 -> 107,0,116,4205
00:48:52.967 -> 107,1,183,4079
00:48:52.967 -> 107,2,260,6449
00:48:52.967 -> 108,0,116,3896
00:48:53.000 -> 108,1,179,4036
00:48:53.000 -> 108,2,262,7289
00:48:53.000 -> 109,0,117,3906
00:48:53.000 -> 109,1,95,15647
00:48:53.000 -> 109,2,244,7856
00:48:53.033 -> 110,0,117,3517
00:48:53.033 -> 110,1,74,1311
00:48:53.033 -> 110,2,211,8455
00:48:53.033 -> 111,0,118,3181
00:48:53.033 -> 111,1,78,7649
00:48:53.033 -> 111,2,226,7878
00:48:53.066 -> 112,0,118,3108
00:48:53.066 -> 112,1,71,1669
00:48:53.066 -> 112,2,255,7810
00:48:53.100 -> 113,0,118,2974
00:48:53.100 -> 113,1,93,9246
00:48:53.100 -> 113,2,253,8030
00:48:53.133 -> 114,0,119,2815
00:48:53.133 -> 114,1,143,7967
00:48:53.133 -> 114,2,252,8132
00:48:53.166 -> 115,0,120,2733
00:48:53.166 -> 115,1,119,9540
00:48:53.166 -> 115,2,251,8266
00:48:53.200 -> 116,0,120,2727
00:48:53.200 -> 116,1,109,10400
00:48:53.200 -> 116,2,250,8360
00:48:53.200 -> 117,0,122,2540
00:48:53.233 -> 117,1,109,10439
00:48:53.233 -> 117,2,249,8498
00:48:53.233 -> 118,0,122,2304
00:48:53.266 -> 118,1,108,11397
00:48:53.266 -> 118,2,248,8617
00:48:53.266 -> 119,0,123,2153
00:48:53.266 -> 119,1,104,12780
00:48:53.300 -> 119,2,247,8696
00:48:53.300 -> 120,0,124,12817
00:48:53.300 -> 120,1,103,12188
00:48:53.333 -> 120,2,247,8787
