00:52:03.159 -> 0,0,234,2306
00:52:03.159 -> 0,1,139,1646
00:52:03.159 -> 0,2,97,6056
00:52:03.192 -> 1,0,235,2302
00:52:03.192 -> 1,1,139,1650
00:52:03.192 -> 1,2,97,6048
00:52:03.192 -> 2,0,234,2311
00:52:03.192 -> 2,1,139,1655
00:52:03.192 -> 2,2,97,6054
00:52:03.192 -> 3,0,234,2246
00:52:03.192 -> 3,1,138,1644
00:52:03.192 -> 3,2,97,6060
00:52:03.225 -> 4,0,234,2128
00:52:03.225 -> 4,1,139,1648
00:52:03.225 -> 4,2,97,6061
00:52:03.225 -> 5,0,235,2104
00:52:03.225 -> 5,1,140,1648
00:52:03.225 -> 5,2,97,6055
00:52:03.225 -> 6,0,237,2120
00:52:03.225 -> 6,1,140,1643
00:52:03.225 -> 6,2,97,6055
00:52:03.225 -> 7,0,239,2088
00:52:03.225 -> 7,1,139,1645
00:52:03.258 -> 7,2,97,6061
00:52:03.258 -> 8,0,241,2031
00:52:03.258 -> 8,1,139,1650
00:52:03.258 -> 8,2,97,6065
00:52:03.258 -> 9,0,241,2023
00:52:03.258 -> 9,1,139,1644
00:52:03.258 -> 9,2,97,6068
00:52:03.258 -> 10,0,241,2013
00:52:03.258 -> 10,1,139,1645
00:52:03.258 -> 10,2,97,6076
00:52:03.291 -> 11,0,241,2019
00:52:03.291 -> 11,1,133,1728
00:52:03.291 -> 11,2,97,6080
00:52:03.291 -> 12,0,241,2036
00:52:03.291 -> 12,1,115,2903
00:52:03.291 -> 12,2,97,6081
00:52:03.291 -> 13,0,241,2040
00:52:03.291 -> 13,1,122,2882
00:52:03.291 -> 13,2,97,6074
00:52:03.325 -> 14,0,241,2035
00:52:03.325 -> 14,1,73,8500
00:52:03.325 -> 14,2,100,13500
00:52:03.325 -> 15,0,241,2042
00:52:03.325 -> 15,1,76,3315
00:52:03.325 -> 15,2,100,12219
00:52:03.325 -> 16,0,241,2044
00:52:03.325 -> 16,1,72,4708
00:52:03.325 -> 16,2,102,10117
00:52:03.358 -> 17,0,241,2067
00:52:03.358 -> 17,1,78,10033
00:52:03.358 -> 17,2,104,7640
00:52:03.358 -> 18,0,241,2098
00:52:03.358 -> 18,1,78,17019
00:52:03.358 -> 18,2,106,6025
00:52:03.358 -> 19,0,239,2137
00:52:03.358 -> 19,1,77,16480
00:52:03.358 -> 19,2,109,4684
00:52:03.358 -> 20,0,237,2115
00:52:03.358 -> 20,1,78,16101
00:52:03.358 -> 20,2,111,7791
00:52:03.391 -> 21,0,235,2149
00:52:03.391 -> 21,1,78,16261
00:52:03.391 -> 21,2,104,10585
00:52:03.391 -> 22,0,235,2290
00:52:03.391 -> 22,1,79,15622
00:52:03.391 -> 22,2,115,9882
00:52:03.391 -> 23,0,233,2374
00:52:03.391 -> 23,1,80,15356
00:52:03.391 -> 23,2,96,9697
00:52:03.424 -> 24,0,231,2386
00:52:03.424 -> 24,1,81,14623
00:52:03.424 -> 24,2,81,10317
00:52:03.424 -> 25,0,224,2159
00:52:03.424 -> 25,1,82,13573
00:52:03.424 -> 25,2,96,9594
00:52:03.424 -> 26,0,212,1719
00:52:03.424 -> 26,1,82,12956
00:52:03.424 -> 26,2,120,10009
00:52:03.458 -> 27,0,199,1465
00:52:03.458 -> 27,1,83,12420
00:52:03.458 -> 27,2,116,10472
00:52:03.458 -> 28,0,194,1393
00:52:03.458 -> 28,1,84,12142
00:52:03.458 -> 28,2,104,11471
00:52:03.458 -> 29,0,194,1361
00:52:03.458 -> 29,1,86,11645
00:52:03.458 -> 29,2,106,10731
00:52:03.458 -> 30,0,197,1355
00:52:03.458 -> 30,1,87,11136
00:52:03.458 -> 30,2,102,8700
00:52:03.491 -> 31,0,200,1449
00:52:03.491 -> 31,1,87,11003
00:52:03.491 -> 31,2,111,7878
00:52:03.491 -> 32,0,210,1770
00:52:03.491 -> 32,1,88,10907
00:52:03.491 -> 32,2,113,8958
00:52:03.491 -> 33,0,221,2401
00:52:03.491 -> 33,1,89,10813
00:52:03.491 -> 33,2,111,7967
00:52:03.524 -> 34,0,225,2704
00:52:03.524 -> 34,1,90,10385
00:52:03.524 -> 34,2,109,9056
00:52:03.524 -> 35,0,203,4910
00:52:03.524 -> 35,1,91,9744
00:52:03.524 -> 35,2,111,14803
00:52:03.524 -> 36,0,188,5594
00:52:03.524 -> 36,1,92,9396
00:52:03.524 -> 36,2,111,6397
00:52:03.524 -> 37,0,198,3165
00:52:03.557 -> 37,1,94,8837
00:52:03.557 -> 37,2,109,5576
00:52:03.557 -> 38,0,214,2255
00:52:03.557 -> 38,1,95,8216
00:52:03.557 -> 38,2,108,5814
00:52:03.557 -> 39,0,217,2121
00:52:03.557 -> 39,1,97,7835
00:52:03.557 -> 39,2,107,6113
00:52:03.557 -> 40,0,156,6980
00:52:03.557 -> 40,1,99,7812
00:52:03.557 -> 40,2,107,6425
00:52:03.590 -> 41,0,57,8990
00:52:03.590 -> 41,1,100,7559
00:52:03.590 -> 41,2,106,6887
00:52:03.590 -> 42,0,51,18305
00:52:03.590 -> 42,1,102,7358
00:52:03.590 -> 42,2,105,7235
00:52:03.590 -> 43,0,50,9869
00:52:03.590 -> 43,1,104,6365
00:52:03.590 -> 43,2,105,7466
00:52:03.624 -> 44,0,50,13235
00:52:03.624 -> 44,1,110,3694
00:52:03.624 -> 44,2,104,7895
00:52:03.624 -> 45,0,51,5147
00:52:03.624 -> 45,1,130,1991
00:52:03.624 -> 45,2,104,8784
00:52:03.624 -> 46,0,96,3125
00:52:03.624 -> 46,1,125,2906
00:52:03.624 -> 46,2,103,9831
00:52:03.657 -> 47,0,171,884
00:52:03.657 -> 47,1,112,3385
00:52:03.657 -> 47,2,102,10418
00:52:03.657 -> 48,0,186,870
00:52:03.657 -> 48,1,112,2450
00:52:03.657 -> 48,2,102,11343
00:52:03.657 -> 49,0,190,839
00:52:03.657 -> 49,1,120,1850
00:52:03.657 -> 49,2,101,11837
00:52:03.657 -> 50,0,194,788
00:52:03.657 -> 50,1,132,1662
00:52:03.692 -> 50,2,101,12026
00:52:03.692 -> 51,0,199,708
00:52:03.692 -> 51,1,139,1697
00:52:03.692 -> 51,2,101,12406
00:52:03.692 -> 52,0,204,647
00:52:03.692 -> 52,1,135,1681
00:52:03.692 -> 52,2,100,12745
00:52:03.692 -> 53,0,212,584
00:52:03.692 -> 53,1,122,1526
00:52:03.692 -> 53,2,100,13126
00:52:03.723 -> 54,0,207,550
00:52:03.723 -> 54,1,113,1581
00:52:03.723 -> 54,2,100,13501
00:52:03.723 -> 55,0,212,808
00:52:03.723 -> 55,1,102,1609
00:52:03.723 -> 55,2,100,13813
00:52:03.723 -> 56,0,217,1070
00:52:03.723 -> 56,1,110,1554
00:52:03.723 -> 56,2,100,13880
00:52:03.723 -> 57,0,217,1203
00:52:03.723 -> 57,1,148,1837
00:52:03.756 -> 57,2,100,14598
00:52:03.756 -> 58,0,213,1324
00:52:03.756 -> 58,1,177,2627
00:52:03.756 -> 58,2,99,14987
00:52:03.756 -> 59,0,211,1504
00:52:03.756 -> 59,1,180,3210
00:52:03.756 -> 59,2,99,15291
00:52:03.756 -> 60,0,208,1706
00:52:03.790 -> 60,1,179,3676
00:52:03.790 -> 60,2,99,15515
00:52:03.790 -> 61,0,205,1989
00:52:03.790 -> 61,1,178,4085
00:52:03.790 -> 61,2,99,15490
00:52:03.790 -> 62,0,202,2318
00:52:03.790 -> 62,1,176,4204
00:52:03.790 -> 62,2,100,15265
00:52:03.790 -> 63,0,201,2997
00:52:03.790 -> 63,1,173,2983
00:52:03.790 -> 63,2,100,14761
00:52:03.823 -> 64,0,202,2791
00:52:03.823 -> 64,1,166,1802
00:52:03.823 -> 64,2,100,14156
00:52:03.823 -> 65,0,199,2200
00:52:03.823 -> 65,1,159,1455
00:52:03.823 -> 65,2,101,13999
00:52:03.823 -> 66,0,192,2161
00:52:03.823 -> 66,1,158,1418
00:52:03.823 -> 66,2,101,13892
00:52:03.856 -> 67,0,189,2415
00:52:03.856 -> 67,1,168,4910
00:52:03.856 -> 67,2,101,13415
00:52:03.856 -> 68,0,185,2750
00:52:03.856 -> 68,1,170,8815
00:52:03.856 -> 68,2,99,7320
00:52:03.856 -> 69,0,181,3361
00:52:03.856 -> 69,1,170,10282
00:52:03.856 -> 69,2,87,7584
00:52:03.856 -> 70,0,177,4000
00:52:03.856 -> 70,1,169,10981
00:52:03.889 -> 70,2,95,10166
00:52:03.889 -> 71,0,173,4630
00:52:03.889 -> 71,1,168,11454
00:52:03.889 -> 71,2,100,10672
00:52:03.889 -> 72,0,170,5270
00:52:03.889 -> 72,1,167,12100
00:52:03.889 -> 72,2,100,10782
00:52:03.889 -> 73,0,166,6201
00:52:03.889 -> 73,1,166,12760
00:52:03.889 -> 73,2,99,10212
00:52:03.922 -> 74,0,163,6880
00:52:03.922 -> 74,1,165,13221
00:52:03.922 -> 74,2,99,9721
00:52:03.922 -> 75,0,160,7381
00:52:03.922 -> 75,1,164,10928
00:52:03.922 -> 75,2,102,10062
00:52:03.922 -> 76,0,157,8072
00:52:03.922 -> 76,1,159,5339
00:52:03.922 -> 76,2,103,9843
00:52:03.956 -> 77,0,155,8982
00:52:03.956 -> 77,1,144,3250
00:52:03.956 -> 77,2,104,9483
00:52:03.956 -> 78,0,152,9778
00:52:03.956 -> 78,1,135,3479
00:52:03.956 -> 78,2,105,9238
00:52:03.956 -> 79,0,150,10373
00:52:03.956 -> 79,1,134,3383
00:52:03.956 -> 79,2,106,9051
00:52:03.956 -> 80,0,148,11106
00:52:03.989 -> 80,1,134,4576
00:52:03.989 -> 80,2,107,9414
00:52:03.989 -> 81,0,145,12027
00:52:03.989 -> 81,1,113,6625
00:52:03.989 -> 81,2,108,8342
00:52:03.989 -> 82,0,143,12616
00:52:03.989 -> 82,1,71,13856
00:52:03.989 -> 82,2,106,6094
00:52:03.989 -> 83,0,141,13177
00:52:03.989 -> 83,1,77,9684
00:52:03.989 -> 83,2,102,4856
00:52:04.022 -> 84,0,140,13509
00:52:04.022 -> 84,1,115,4889
00:52:04.022 -> 84,2,97,5735
00:52:04.022 -> 85,0,138,13744
00:52:04.022 -> 85,1,132,3793
00:52:04.022 -> 85,2,103,7214
00:52:04.022 -> 86,0,136,14274
00:52:04.022 -> 86,1,133,2716
00:52:04.022 -> 86,2,115,8057
00:52:04.056 -> 87,0,135,14709
00:52:04.056 -> 87,1,133,1602
00:52:04.056 -> 87,2,119,8216
00:52:04.056 -> 88,0,133,15599
00:52:04.056 -> 88,1,126,4415
00:52:04.056 -> 88,2,121,8097
00:52:04.056 -> 89,0,132,15962
00:52:04.056 -> 89,1,115,11835
00:52:04.056 -> 89,2,123,7848
00:52:04.056 -> 90,0,130,16254
00:52:04.056 -> 90,1,112,9493
00:52:04.056 -> 90,2,125,7513
00:52:04.089 -> 91,0,129,16634
00:52:04.089 -> 91,1,116,4753
00:52:04.089 -> 91,2,127,7218
00:52:04.089 -> 92,0,128,17008
00:52:04.089 -> 92,1,126,2478
00:52:04.089 -> 92,2,129,6899
00:52:04.089 -> 93,0,127,17236
00:52:04.089 -> 93,1,127,2032
00:52:04.089 -> 93,2,131,6613
00:52:04.122 -> 94,0,126,14745
00:52:04.122 -> 94,1,128,1869
00:52:04.122 -> 94,2,133,6327
00:52:04.122 -> 95,0,127,2558
00:52:04.122 -> 95,1,129,1676
00:52:04.122 -> 95,2,135,6077
00:52:04.122 -> 96,0,125,2681
00:52:04.122 -> 96,1,129,1614
00:52:04.122 -> 96,2,128,6605
00:52:04.156 -> 97,0,124,2777
00:52:04.156 -> 97,1,129,1691
00:52:04.156 -> 97,2,88,12646
00:52:04.156 -> 98,0,123,2855
00:52:04.156 -> 98,1,131,2188
00:52:04.156 -> 98,2,73,18594
00:52:04.156 -> 99,0,122,2946
00:52:04.156 -> 99,1,130,1858
00:52:04.156 -> 99,2,73,13514
00:52:04.156 -> 100,0,122,3039
00:52:04.156 -> 100,1,133,1161
00:52:04.189 -> 100,2,102,5875
00:52:04.189 -> 101,0,122,3111
00:52:04.189 -> 101,1,159,4657
00:52:04.189 -> 101,2,146,4335
00:52:04.189 -> 102,0,121,3223
00:52:04.189 -> 102,1,171,8612
00:52:04.189 -> 102,2,155,4129
00:52:04.189 -> 103,0,120,3296
00:52:04.189 -> 103,1,171,9641
00:52:04.189 -> 103,2,158,3892
00:52:04.222 -> 104,0,120,3394
00:52:04.222 -> 104,1,152,11779
00:52:04.222 -> 104,2,163,3621
00:52:04.222 -> 105,0,119,3548
00:52:04.222 -> 105,1,98,9637
00:52:04.222 -> 105,2,166,3371
00:52:04.222 -> 106,0,119,3715
00:52:04.222 -> 106,1,72,1393
00:52:04.222 -> 106,2,172,3120
00:52:04.255 -> 107,0,118,3893
00:52:04.255 -> 107,1,72,2285
00:52:04.255 -> 107,2,177,2896
00:52:04.255 -> 108,0,118,4213
00:52:04.255 -> 108,1,70,10190
00:52:04.255 -> 108,2,182,2640
00:52:04.255 -> 109,0,118,4619
00:52:04.255 -> 109,1,132,7212
00:52:04.255 -> 109,2,187,2421
00:52:04.255 -> 110,0,117,4633
00:52:04.255 -> 110,1,181,6453
00:52:04.255 -> 110,2,194,2221
00:52:04.289 -> 111,0,117,4607
00:52:04.289 -> 111,1,165,5526
00:52:04.289 -> 111,2,201,3372
00:52:04.289 -> 112,0,117,5188
00:52:04.289 -> 112,1,153,5047
00:52:04.289 -> 112,2,210,5703
00:52:04.289 -> 113,0,117,6092
00:52:04.289 -> 113,1,171,4778
00:52:04.289 -> 113,2,217,5752
00:52:04.322 -> 114,0,117,7271
00:52:04.322 -> 114,1,185,4699
00:52:04.322 -> 114,2,223,5524
00:52:04.322 -> 115,0,115,5878
00:52:04.322 -> 115,1,191,5090
00:52:04.322 -> 115,2,222,5711
00:52:04.322 -> 116,0,88,6148
00:52:04.322 -> 116,1,193,5153
00:52:04.322 -> 116,2,219,6260
00:52:04.355 -> 117,0,69,7730
00:52:04.355 -> 117,1,191,4365
00:52:04.355 -> 117,2,222,5425
00:52:04.355 -> 118,0,72,4524
00:52:04.355 -> 118,1,187,3872
00:52:04.355 -> 118,2,238,4456
00:52:04.355 -> 119,0,103,3658
00:52:04.355 -> 119,1,184,3963
00:52:04.355 -> 119,2,246,4968
00:52:04.355 -> 120,0,116,4171
00:52:04.355 -> 120,1,180,3953
00:52:04.389 -> 120,2,259,6392
