16:03:07.496 -> 0,0,214,1855
16:03:07.496 -> 0,1,61,7622
16:03:07.496 -> 0,2,62,13715
16:03:07.496 -> 1,0,214,1854
16:03:07.496 -> 1,1,57,5094
16:03:07.496 -> 1,2,62,13720
16:03:07.529 -> 2,0,215,1856
16:03:07.529 -> 2,1,58,5029
16:03:07.529 -> 2,2,62,13724
16:03:07.529 -> 3,0,215,1856
16:03:07.529 -> 3,1,60,9528
16:03:07.529 -> 3,2,62,13728
16:03:07.529 -> 4,0,215,1855
16:03:07.529 -> 4,1,61,947
16:03:07.529 -> 4,2,62,13725
16:03:07.529 -> 5,0,215,1812
16:03:07.529 -> 5,1,51,8998
16:03:07.529 -> 5,2,62,13725
16:03:07.563 -> 6,0,219,1871
16:03:07.563 -> 6,1,61,932
16:03:07.563 -> 6,2,62,13725
16:03:07.563 -> 7,0,211,2839
16:03:07.563 -> 7,1,58,9223
16:03:07.563 -> 7,2,62,13733
16:03:07.563 -> 8,0,201,2711
16:03:07.563 -> 8,1,60,947
16:03:07.563 -> 8,2,62,13730
16:03:07.596 -> 9,0,218,1552
16:03:07.596 -> 9,1,55,9280
16:03:07.596 -> 9,2,62,13736
16:03:07.596 -> 10,0,216,1500
16:03:07.596 -> 10,1,58,5123
16:03:07.596 -> 10,2,62,13735
16:03:07.596 -> 11,0,210,1482
16:03:07.596 -> 11,1,95,6434
16:03:07.596 -> 11,2,62,13733
16:03:07.596 -> 12,0,209,1477
16:03:07.629 -> 12,1,177,4650
16:03:07.629 -> 12,2,62,13741
16:03:07.629 -> 13,0,210,1482
16:03:07.629 -> 13,1,185,3067
16:03:07.629 -> 13,2,62,13742
16:03:07.629 -> 14,0,219,1523
16:03:07.629 -> 14,1,114,2165
16:03:07.629 -> 14,2,54,16618
16:03:07.629 -> 15,0,219,1592
16:03:07.629 -> 15,1,114,2160
16:03:07.629 -> 15,2,53,17182
16:03:07.662 -> 16,0,218,1641
16:03:07.662 -> 16,1,114,2157
16:03:07.662 -> 16,2,52,17647
16:03:07.662 -> 17,0,208,3076
16:03:07.662 -> 17,1,114,2126
16:03:07.662 -> 17,2,52,15339
16:03:07.662 -> 18,0,191,4863
16:03:07.662 -> 18,1,115,2075
16:03:07.662 -> 18,2,50,4975
16:03:07.695 -> 19,0,203,2279
16:03:07.695 -> 19,1,117,1984
16:03:07.695 -> 19,2,50,4867
16:03:07.695 -> 20,0,218,1781
16:03:07.695 -> 20,1,118,1959
16:03:07.695 -> 20,2,51,4709
16:03:07.695 -> 21,0,220,1840
16:03:07.695 -> 21,1,119,1936
16:03:07.695 -> 21,2,52,4510
16:03:07.729 -> 22,0,221,1889
16:03:07.729 -> 22,1,121,1955
16:03:07.729 -> 22,2,54,4221
16:03:07.729 -> 23,0,221,1942
16:03:07.729 -> 23,1,122,1952
16:03:07.729 -> 23,2,56,3879
16:03:07.729 -> 24,0,219,1865
16:03:07.729 -> 24,1,123,1932
16:03:07.729 -> 24,2,58,3495
16:03:07.729 -> 25,0,216,1825
16:03:07.729 -> 25,1,124,1885
16:03:07.762 -> 25,2,60,3115
16:03:07.762 -> 26,0,216,1861
16:03:07.762 -> 26,1,125,1858
16:03:07.762 -> 26,2,63,2751
16:03:07.762 -> 27,0,216,1872
16:03:07.762 -> 27,1,126,1858
16:03:07.762 -> 27,2,64,2672
16:03:07.762 -> 28,0,216,1891
16:03:07.762 -> 28,1,127,1863
16:03:07.762 -> 28,2,64,2711
16:03:07.795 -> 29,0,215,1877
16:03:07.795 -> 29,1,127,1912
16:03:07.795 -> 29,2,63,2800
16:03:07.795 -> 30,0,214,1855
16:03:07.795 -> 30,1,128,1974
16:03:07.795 -> 30,2,62,3077
16:03:07.795 -> 31,0,212,1885
16:03:07.795 -> 31,1,130,2012
16:03:07.795 -> 31,2,61,3231
16:03:07.828 -> 32,0,211,1918
16:03:07.828 -> 32,1,130,1736
16:03:07.828 -> 32,2,59,3445
16:03:07.828 -> 33,0,212,1940
16:03:07.828 -> 33,1,127,1501
16:03:07.828 -> 33,2,58,3620
16:03:07.828 -> 34,0,211,1936
16:03:07.828 -> 34,1,128,1529
16:03:07.828 -> 34,2,57,3736
16:03:07.828 -> 35,0,209,1894
16:03:07.828 -> 35,1,131,1551
16:03:07.828 -> 35,2,57,3841
16:03:07.861 -> 36,0,207,1862
16:03:07.861 -> 36,1,132,1490
16:03:07.861 -> 36,2,56,3936
16:03:07.861 -> 37,0,206,1824
16:03:07.861 -> 37,1,127,1377
16:03:07.861 -> 37,2,55,4062
16:03:07.861 -> 38,0,204,1807
16:03:07.861 -> 38,1,128,1389
16:03:07.861 -> 38,2,55,4150
16:03:07.895 -> 39,0,203,1783
16:03:07.895 -> 39,1,137,1531
16:03:07.895 -> 39,2,54,4203
16:03:07.895 -> 40,0,202,1791
16:03:07.895 -> 40,1,143,1481
16:03:07.895 -> 40,2,54,4266
16:03:07.895 -> 41,0,203,1782
16:03:07.895 -> 41,1,148,1387
16:03:07.895 -> 41,2,53,4350
16:03:07.928 -> 42,0,196,2589
16:03:07.928 -> 42,1,151,1328
16:03:07.928 -> 42,2,53,4407
16:03:07.928 -> 43,0,189,3297
16:03:07.928 -> 43,1,152,1293
16:03:07.928 -> 43,2,53,4483
16:03:07.928 -> 44,0,193,2182
16:03:07.928 -> 44,1,151,1223
16:03:07.928 -> 44,2,52,4529
16:03:07.928 -> 45,0,200,1648
16:03:07.928 -> 45,1,152,1165
16:03:07.928 -> 45,2,52,4597
16:03:07.962 -> 46,0,195,1342
16:03:07.962 -> 46,1,159,1241
16:03:07.962 -> 46,2,52,4657
16:03:07.962 -> 47,0,182,1041
16:03:07.962 -> 47,1,166,1325
16:03:07.962 -> 47,2,51,4687
16:03:07.962 -> 48,0,174,964
16:03:07.962 -> 48,1,169,1353
16:03:07.962 -> 48,2,51,4715
16:03:07.995 -> 49,0,172,910
16:03:07.995 -> 49,1,169,1356
16:03:07.995 -> 49,2,51,4747
16:03:07.995 -> 50,0,173,885
16:03:07.995 -> 50,1,167,1305
16:03:07.995 -> 50,2,51,4806
16:03:07.995 -> 51,0,170,933
16:03:07.995 -> 51,1,165,1277
16:03:07.995 -> 51,2,50,4825
16:03:08.028 -> 52,0,170,951
16:03:08.028 -> 52,1,164,1204
16:03:08.028 -> 52,2,50,4879
16:03:08.028 -> 53,0,171,963
16:03:08.028 -> 53,1,161,1120
16:03:08.028 -> 53,2,50,4917
16:03:08.028 -> 54,0,169,981
16:03:08.028 -> 54,1,161,1130
16:03:08.028 -> 54,2,50,4934
16:03:08.028 -> 55,0,167,997
16:03:08.061 -> 55,1,175,1900
16:03:08.061 -> 55,2,50,4930
16:03:08.061 -> 56,0,170,1009
16:03:08.061 -> 56,1,185,3033
16:03:08.061 -> 56,2,50,4961
16:03:08.061 -> 57,0,175,1050
16:03:08.061 -> 57,1,185,3608
16:03:08.061 -> 57,2,50,4957
16:03:08.061 -> 58,0,183,1175
16:03:08.061 -> 58,1,184,4213
16:03:08.061 -> 58,2,50,4955
16:03:08.094 -> 59,0,189,1287
16:03:08.094 -> 59,1,183,4739
16:03:08.094 -> 59,2,50,4941
16:03:08.094 -> 60,0,190,1351
16:03:08.094 -> 60,1,179,4372
16:03:08.094 -> 60,2,50,4949
16:03:08.094 -> 61,0,193,1382
16:03:08.094 -> 61,1,136,5496
16:03:08.094 -> 61,2,50,4882
16:03:08.128 -> 62,0,196,1403
16:03:08.128 -> 62,1,61,2057
16:03:08.128 -> 62,2,50,4863
16:03:08.128 -> 63,0,197,1451
16:03:08.128 -> 63,1,59,8227
16:03:08.128 -> 63,2,50,4845
16:03:08.128 -> 64,0,197,1526
16:03:08.128 -> 64,1,71,5316
16:03:08.128 -> 64,2,50,4799
16:03:08.128 -> 65,0,195,1589
16:03:08.128 -> 65,1,131,2154
16:03:08.128 -> 65,2,51,4735
16:03:08.161 -> 66,0,199,1697
16:03:08.161 -> 66,1,141,1776
16:03:08.161 -> 66,2,51,4689
16:03:08.161 -> 67,0,170,5998
16:03:08.161 -> 67,1,141,1814
16:03:08.161 -> 67,2,51,4679
16:03:08.161 -> 68,0,82,4244
16:03:08.161 -> 68,1,141,1819
16:03:08.161 -> 68,2,52,4624
16:03:08.194 -> 69,0,75,7709
16:03:08.194 -> 69,1,140,2202
16:03:08.194 -> 69,2,52,4583
16:03:08.194 -> 70,0,74,6076
16:03:08.194 -> 70,1,127,4328
16:03:08.194 -> 70,2,52,4531
16:03:08.194 -> 71,0,78,6231
16:03:08.194 -> 71,1,98,14466
16:03:08.194 -> 71,2,53,4559
16:03:08.227 -> 72,0,162,1654
16:03:08.227 -> 72,1,98,10123
16:03:08.227 -> 72,2,52,3122
16:03:08.227 -> 73,0,198,1799
16:03:08.227 -> 73,1,111,3703
16:03:08.227 -> 73,2,50,7779
16:03:08.227 -> 74,0,199,2012
16:03:08.227 -> 74,1,128,2505
16:03:08.227 -> 74,2,48,15769
16:03:08.227 -> 75,0,198,2232
16:03:08.227 -> 75,1,129,2485
16:03:08.260 -> 75,2,45,17660
16:03:08.260 -> 76,0,196,2547
16:03:08.260 -> 76,1,129,2656
16:03:08.260 -> 76,2,43,16097
16:03:08.260 -> 77,0,195,2806
16:03:08.260 -> 77,1,128,2698
16:03:08.260 -> 77,2,38,3595
16:03:08.260 -> 78,0,193,3079
16:03:08.260 -> 78,1,128,2796
16:03:08.260 -> 78,2,42,3306
16:03:08.293 -> 79,0,192,3349
16:03:08.293 -> 79,1,127,3106
16:03:08.293 -> 79,2,52,3231
16:03:08.293 -> 80,0,191,3803
16:03:08.293 -> 80,1,103,4689
16:03:08.293 -> 80,2,54,3246
16:03:08.293 -> 81,0,189,4251
16:03:08.293 -> 81,1,70,8395
16:03:08.293 -> 81,2,54,3078
16:03:08.327 -> 82,0,187,4707
16:03:08.327 -> 82,1,61,11527
16:03:08.327 -> 82,2,55,2842
16:03:08.327 -> 83,0,185,5092
16:03:08.327 -> 83,1,61,7200
16:03:08.327 -> 83,2,56,2772
16:03:08.327 -> 84,0,183,5773
16:03:08.327 -> 84,1,64,8333
16:03:08.327 -> 84,2,54,2844
16:03:08.360 -> 85,0,181,6171
16:03:08.360 -> 85,1,62,8551
16:03:08.360 -> 85,2,47,2555
16:03:08.360 -> 86,0,179,6644
16:03:08.360 -> 86,1,62,9694
16:03:08.360 -> 86,2,54,2398
16:03:08.360 -> 87,0,178,6943
16:03:08.360 -> 87,1,63,10486
16:03:08.360 -> 87,2,59,2427
16:03:08.360 -> 88,0,176,7505
16:03:08.360 -> 88,1,59,12730
16:03:08.360 -> 88,2,60,2311
16:03:08.393 -> 89,0,175,8025
16:03:08.393 -> 89,1,52,1832
16:03:08.393 -> 89,2,61,2237
16:03:08.393 -> 90,0,173,8632
16:03:08.393 -> 90,1,59,3369
16:03:08.393 -> 90,2,62,2170
16:03:08.393 -> 91,0,172,9055
16:03:08.393 -> 91,1,58,4692
16:03:08.393 -> 91,2,63,2136
16:03:08.426 -> 92,0,171,9599
16:03:08.426 -> 92,1,56,5118
16:03:08.426 -> 92,2,65,2281
16:03:08.426 -> 93,0,170,10015
16:03:08.426 -> 93,1,57,4240
16:03:08.426 -> 93,2,65,2201
16:03:08.426 -> 94,0,169,10702
16:03:08.426 -> 94,1,60,2658
16:03:08.426 -> 94,2,64,5183
16:03:08.426 -> 95,0,167,11406
16:03:08.426 -> 95,1,88,4916
16:03:08.459 -> 95,2,64,7275
16:03:08.459 -> 96,0,166,12173
16:03:08.459 -> 96,1,136,8769
16:03:08.459 -> 96,2,62,7025
16:03:08.459 -> 97,0,166,12407
16:03:08.459 -> 97,1,132,8643
16:03:08.459 -> 97,2,61,6093
16:03:08.459 -> 98,0,165,13082
16:03:08.459 -> 98,1,147,8588
16:03:08.459 -> 98,2,59,6736
16:03:08.493 -> 99,0,164,13758
16:03:08.493 -> 99,1,160,8916
16:03:08.493 -> 99,2,58,8197
16:03:08.493 -> 100,0,164,14332
16:03:08.493 -> 100,1,162,8539
16:03:08.493 -> 100,2,56,8990
16:03:08.493 -> 101,0,163,14902
16:03:08.493 -> 101,1,163,8185
16:03:08.493 -> 101,2,57,6987
16:03:08.526 -> 102,0,162,15822
16:03:08.526 -> 102,1,166,8078
16:03:08.526 -> 102,2,75,4950
16:03:08.526 -> 103,0,162,16607
16:03:08.526 -> 103,1,168,8137
16:03:08.526 -> 103,2,89,4756
16:03:08.526 -> 104,0,161,14530
16:03:08.526 -> 104,1,170,8405
16:03:08.526 -> 104,2,93,4474
16:03:08.526 -> 105,0,164,2295
16:03:08.559 -> 105,1,173,8733
16:03:08.559 -> 105,2,95,4211
16:03:08.559 -> 106,0,164,2450
16:03:08.559 -> 106,1,173,7388
16:03:08.559 -> 106,2,98,3885
16:03:08.559 -> 107,0,164,2526
16:03:08.559 -> 107,1,168,5093
16:03:08.559 -> 107,2,101,3593
16:03:08.559 -> 108,0,164,2572
16:03:08.559 -> 108,1,161,4753
16:03:08.559 -> 108,2,105,3284
16:03:08.592 -> 109,0,163,2699
16:03:08.592 -> 109,1,150,5318
16:03:08.592 -> 109,2,108,3057
16:03:08.592 -> 110,0,163,2460
16:03:08.592 -> 110,1,146,6848
16:03:08.592 -> 110,2,112,2757
16:03:08.592 -> 111,0,145,16553
16:03:08.592 -> 111,1,145,8842
16:03:08.592 -> 111,2,116,2499
16:03:08.625 -> 112,0,117,15854
16:03:08.625 -> 112,1,141,9746
16:03:08.625 -> 112,2,121,2241
16:03:08.625 -> 113,0,115,12559
16:03:08.625 -> 113,1,136,11076
16:03:08.625 -> 113,2,125,2028
16:03:08.625 -> 114,0,119,10190
16:03:08.625 -> 114,1,132,12531
16:03:08.625 -> 114,2,133,10436
16:03:08.659 -> 115,0,120,10673
16:03:08.659 -> 115,1,129,14331
16:03:08.659 -> 115,2,139,11405
16:03:08.659 -> 116,0,120,10642
16:03:08.659 -> 116,1,125,15616
16:03:08.659 -> 116,2,147,10215
16:03:08.659 -> 117,0,120,10446
16:03:08.659 -> 117,1,121,17129
16:03:08.659 -> 117,2,153,9076
16:03:08.659 -> 118,0,119,10252
16:03:08.659 -> 118,1,111,2690
16:03:08.692 -> 118,2,162,7700
16:03:08.692 -> 119,0,119,9844
16:03:08.692 -> 119,1,51,2281
16:03:08.692 -> 119,2,171,6628
16:03:08.692 -> 120,0,120,9229
16:03:08.692 -> 120,1,47,3313
16:03:08.692 -> 120,2,181,5662
