00:59:58.711 -> 0,0,265,1362
00:59:58.744 -> 0,1,63,7243
00:59:58.744 -> 0,2,131,4082
00:59:58.744 -> 1,0,265,1360
00:59:58.778 -> 1,1,63,15005
00:59:58.778 -> 1,2,142,5123
00:59:58.811 -> 2,0,265,1373
00:59:58.811 -> 2,1,64,2520
00:59:58.844 -> 2,2,145,7358
00:59:58.844 -> 3,0,262,1365
00:59:58.877 -> 3,1,65,891
00:59:58.877 -> 3,2,145,11746
00:59:58.910 -> 4,0,261,1387
00:59:58.910 -> 4,1,64,14142
00:59:58.910 -> 4,2,144,12155
00:59:58.943 -> 5,0,260,1490
00:59:58.943 -> 5,1,64,1878
00:59:58.943 -> 5,2,142,11635
00:59:58.977 -> 6,0,259,1536
00:59:58.977 -> 6,1,74,8450
00:59:58.977 -> 6,2,140,12128
00:59:59.010 -> 7,0,249,1437
00:59:59.010 -> 7,1,87,4030
00:59:59.010 -> 7,2,138,12433
00:59:59.043 -> 8,0,248,1390
00:59:59.043 -> 8,1,109,4237
00:59:59.043 -> 8,2,137,12698
00:59:59.076 -> 9,0,239,1284
00:59:59.076 -> 9,1,115,4955
00:59:59.076 -> 9,2,134,13212
00:59:59.110 -> 10,0,233,1207
00:59:59.110 -> 10,1,115,5776
00:59:59.110 -> 10,2,131,14033
00:59:59.110 -> 11,0,229,1169
00:59:59.143 -> 11,1,117,6776
00:59:59.143 -> 11,2,131,14132
00:59:59.176 -> 12,0,230,1208
00:59:59.176 -> 12,1,122,7397
00:59:59.176 -> 12,2,128,14085
00:59:59.209 -> 13,0,236,1312
00:59:59.209 -> 13,1,118,5989
00:59:59.209 -> 13,2,126,14771
00:59:59.242 -> 14,0,241,1471
00:59:59.242 -> 14,1,98,4073
00:59:59.242 -> 14,2,124,15280
00:59:59.275 -> 15,0,243,1576
00:59:59.275 -> 15,1,78,4043
00:59:59.275 -> 15,2,123,15362
00:59:59.309 -> 16,0,225,2182
00:59:59.309 -> 16,1,74,4149
00:59:59.309 -> 16,2,115,13999
00:59:59.342 -> 17,0,103,2943
00:59:59.342 -> 17,1,67,5066
00:59:59.342 -> 17,2,73,8369
00:59:59.375 -> 18,0,97,5022
00:59:59.375 -> 18,1,51,4792
00:59:59.375 -> 18,2,72,9258
00:59:59.408 -> 19,0,98,3041
00:59:59.408 -> 19,1,51,3981
00:59:59.408 -> 19,2,74,8243
00:59:59.441 -> 20,0,117,4833
00:59:59.441 -> 20,1,57,2503
00:59:59.441 -> 20,2,74,7891
00:59:59.474 -> 21,0,233,1402
00:59:59.474 -> 21,1,106,2110
00:59:59.474 -> 21,2,80,4344
00:59:59.474 -> 22,0,234,1436
00:59:59.508 -> 22,1,127,2333
00:59:59.508 -> 22,2,105,4053
00:59:59.541 -> 23,0,232,1452
00:59:59.541 -> 23,1,130,2301
00:59:59.541 -> 23,2,113,6369
00:59:59.574 -> 24,0,231,1468
00:59:59.574 -> 24,1,131,2191
00:59:59.574 -> 24,2,112,6846
00:59:59.607 -> 25,0,228,1451
00:59:59.607 -> 25,1,132,2139
00:59:59.607 -> 25,2,111,7346
00:59:59.640 -> 26,0,228,1448
00:59:59.640 -> 26,1,133,2067
00:59:59.640 -> 26,2,111,7921
00:59:59.674 -> 27,0,225,1434
00:59:59.674 -> 27,1,135,2035
00:59:59.674 -> 27,2,110,8463
00:59:59.707 -> 28,0,224,1453
00:59:59.707 -> 28,1,136,1995
00:59:59.707 -> 28,2,109,8749
00:59:59.740 -> 29,0,225,1477
00:59:59.740 -> 29,1,136,1844
00:59:59.740 -> 29,2,109,9014
00:59:59.740 -> 30,0,235,1475
00:59:59.773 -> 30,1,133,1673
00:59:59.773 -> 30,2,108,9263
00:59:59.773 -> 31,0,245,1460
00:59:59.806 -> 31,1,140,2190
00:59:59.806 -> 31,2,107,9239
00:59:59.806 -> 32,0,256,1417
00:59:59.806 -> 32,1,143,2589
00:59:59.840 -> 32,2,103,9838
00:59:59.840 -> 33,0,267,1417
00:59:59.840 -> 33,1,143,2736
00:59:59.840 -> 33,2,67,13721
00:59:59.873 -> 34,0,271,1242
00:59:59.906 -> 34,1,143,3165
00:59:59.906 -> 34,2,73,7484
00:59:59.906 -> 35,0,256,921
00:59:59.939 -> 35,1,143,4159
00:59:59.939 -> 35,2,102,5798
00:59:59.973 -> 36,0,236,764
00:59:59.973 -> 36,1,142,4317
00:59:59.973 -> 36,2,100,6531
01:00:00.006 -> 37,0,230,762
01:00:00.006 -> 37,1,140,3876
01:00:00.006 -> 37,2,96,8761
01:00:00.006 -> 38,0,223,803
01:00:00.039 -> 38,1,134,2855
01:00:00.039 -> 38,2,105,11843
01:00:00.039 -> 39,0,218,849
01:00:00.072 -> 39,1,127,2117
01:00:00.072 -> 39,2,105,12365
01:00:00.072 -> 40,0,213,905
01:00:00.072 -> 40,1,118,1705
01:00:00.105 -> 40,2,106,12569
01:00:00.105 -> 41,0,209,999
01:00:00.105 -> 41,1,111,1434
01:00:00.105 -> 41,2,105,12721
01:00:00.139 -> 42,0,207,1130
01:00:00.139 -> 42,1,110,1374
01:00:00.139 -> 42,2,105,12746
01:00:00.172 -> 43,0,204,1269
01:00:00.172 -> 43,1,112,1379
01:00:00.172 -> 43,2,106,13201
01:00:00.205 -> 44,0,201,1561
01:00:00.205 -> 44,1,118,1337
01:00:00.238 -> 44,2,106,13284
01:00:00.238 -> 45,0,197,1755
01:00:00.271 -> 45,1,125,1562
01:00:00.271 -> 45,2,106,13222
01:00:00.304 -> 46,0,195,2070
01:00:00.304 -> 46,1,129,4937
01:00:00.304 -> 46,2,106,13037
01:00:00.304 -> 47,0,192,2467
01:00:00.304 -> 47,1,129,13368
01:00:00.338 -> 47,2,106,12720
01:00:00.338 -> 48,0,186,2958
01:00:00.338 -> 48,1,128,18034
01:00:00.338 -> 48,2,107,12344
01:00:00.371 -> 49,0,182,3500
01:00:00.371 -> 49,1,130,19215
01:00:00.371 -> 49,2,107,12309
01:00:00.404 -> 50,0,179,3844
01:00:00.404 -> 50,1,129,19426
01:00:00.404 -> 50,2,107,11657
01:00:00.437 -> 51,0,174,4466
01:00:00.437 -> 51,1,128,19395
01:00:00.437 -> 51,2,108,11404
01:00:00.470 -> 52,0,170,5035
01:00:00.470 -> 52,1,128,19537
01:00:00.470 -> 52,2,108,11282
01:00:00.503 -> 53,0,166,5735
01:00:00.503 -> 53,1,127,14030
01:00:00.503 -> 53,2,109,11132
01:00:00.537 -> 54,0,161,6207
01:00:00.537 -> 54,1,124,3520
01:00:00.537 -> 54,2,110,11006
01:00:00.570 -> 55,0,156,7351
01:00:00.570 -> 55,1,119,9066
01:00:00.570 -> 55,2,110,10789
01:00:00.603 -> 56,0,153,8153
01:00:00.603 -> 56,1,116,1818
01:00:00.603 -> 56,2,111,10647
01:00:00.636 -> 57,0,151,8710
01:00:00.636 -> 57,1,121,15381
01:00:00.636 -> 57,2,112,10591
01:00:00.669 -> 58,0,148,9337
01:00:00.669 -> 58,1,108,5887
01:00:00.669 -> 58,2,113,10276
01:00:00.703 -> 59,0,146,9724
01:00:00.703 -> 59,1,91,5053
01:00:00.703 -> 59,2,113,10058
01:00:00.735 -> 60,0,143,10424
01:00:00.735 -> 60,1,90,5395
01:00:00.735 -> 60,2,114,9871
01:00:00.769 -> 61,0,142,11048
01:00:00.769 -> 61,1,91,5244
01:00:00.769 -> 61,2,115,9780
01:00:00.769 -> 62,0,139,11960
01:00:00.802 -> 62,1,90,5685
01:00:00.802 -> 62,2,117,9543
01:00:00.835 -> 63,0,137,12754
01:00:00.835 -> 63,1,90,8575
01:00:00.835 -> 63,2,118,9383
01:00:00.868 -> 64,0,135,13034
01:00:00.868 -> 64,1,90,12817
01:00:00.868 -> 64,2,120,9240
01:00:00.901 -> 65,0,115,16404
01:00:00.935 -> 65,1,90,12153
01:00:00.935 -> 65,2,122,9460
01:00:00.968 -> 66,0,80,4217
01:00:00.968 -> 66,1,90,9883
01:00:00.968 -> 66,2,122,8782
01:00:01.004 -> 67,0,74,5476
01:00:01.004 -> 67,1,90,8868
01:00:01.004 -> 67,2,121,6954
01:00:01.037 -> 68,0,80,3025
01:00:01.037 -> 68,1,90,9626
01:00:01.037 -> 68,2,116,4649
01:00:01.070 -> 69,0,97,13681
01:00:01.070 -> 69,1,89,8377
01:00:01.103 -> 69,2,110,4756
01:00:01.103 -> 70,0,83,4040
01:00:01.136 -> 70,1,41,2786
01:00:01.136 -> 70,2,108,4839
01:00:01.170 -> 71,0,91,2879
01:00:01.170 -> 71,1,19,1458
01:00:01.170 -> 71,2,114,5352
01:00:01.203 -> 72,0,93,2730
01:00:01.203 -> 72,1,19,1567
01:00:01.203 -> 72,2,127,5373
01:00:01.236 -> 73,0,94,2407
01:00:01.236 -> 73,1,17,1064
01:00:01.269 -> 73,2,129,5154
01:00:01.302 -> 74,0,100,2380
01:00:01.302 -> 74,1,16,539
01:00:01.302 -> 74,2,128,5065
01:00:01.335 -> 75,0,102,2304
01:00:01.335 -> 75,1,24,1606
01:00:01.335 -> 75,2,133,4936
01:00:01.368 -> 76,0,105,14060
01:00:01.368 -> 76,1,83,6528
01:00:01.402 -> 76,2,136,5472
01:00:01.402 -> 77,0,108,12583
01:00:01.435 -> 77,1,83,6643
01:00:01.435 -> 77,2,137,5660
01:00:01.468 -> 78,0,112,14650
01:00:01.468 -> 78,1,83,5395
01:00:01.468 -> 78,2,135,4847
01:00:01.501 -> 79,0,112,14724
01:00:01.501 -> 79,1,74,10400
01:00:01.501 -> 79,2,133,4066
01:00:01.534 -> 80,0,112,15596
01:00:01.534 -> 80,1,69,11451
01:00:01.534 -> 80,2,130,4005
01:00:01.567 -> 81,0,112,16498
01:00:01.567 -> 81,1,71,2645
01:00:01.567 -> 81,2,128,4278
01:00:01.600 -> 82,0,114,2341
01:00:01.600 -> 82,1,69,9222
01:00:01.600 -> 82,2,146,4165
01:00:01.634 -> 83,0,114,2559
01:00:01.634 -> 83,1,86,2757
01:00:01.634 -> 83,2,159,4106
01:00:01.667 -> 84,0,113,2668
01:00:01.667 -> 84,1,87,2489
01:00:01.667 -> 84,2,163,3886
01:00:01.700 -> 85,0,112,2750
01:00:01.700 -> 85,1,87,2355
01:00:01.700 -> 85,2,167,3648
01:00:01.733 -> 86,0,112,2756
01:00:01.733 -> 86,1,88,2242
01:00:01.733 -> 86,2,169,3527
01:00:01.766 -> 87,0,112,2751
01:00:01.766 -> 87,1,88,2328
01:00:01.766 -> 87,2,173,3312
01:00:01.800 -> 88,0,111,2825
01:00:01.800 -> 88,1,89,2187
01:00:01.800 -> 88,2,178,3089
01:00:01.833 -> 89,0,110,2962
01:00:01.833 -> 89,1,90,2274
01:00:01.833 -> 89,2,182,2926
01:00:01.866 -> 90,0,110,3145
01:00:01.866 -> 90,1,91,3898
01:00:01.866 -> 90,2,188,2622
01:00:01.899 -> 91,0,110,3422
01:00:01.899 -> 91,1,91,3086
01:00:01.899 -> 91,2,191,2402
01:00:01.932 -> 92,0,110,3591
01:00:01.932 -> 92,1,92,1827
01:00:01.932 -> 92,2,121,6003
01:00:01.965 -> 93,0,110,3915
01:00:01.965 -> 93,1,96,1114
01:00:01.965 -> 93,2,110,7323
01:00:01.999 -> 94,0,110,3417
01:00:01.999 -> 94,1,136,8753
01:00:01.999 -> 94,2,135,3308
01:00:02.032 -> 95,0,110,3797
01:00:02.032 -> 95,1,138,13056
01:00:02.032 -> 95,2,220,5105
01:00:02.065 -> 96,0,110,4348
01:00:02.065 -> 96,1,139,12598
01:00:02.065 -> 96,2,225,5127
01:00:02.098 -> 97,0,110,4890
01:00:02.098 -> 97,1,141,12106
01:00:02.098 -> 97,2,239,4467
01:00:02.131 -> 98,0,110,4639
01:00:02.131 -> 98,1,143,11769
01:00:02.131 -> 98,2,251,3941
01:00:02.164 -> 99,0,110,4231
01:00:02.164 -> 99,1,146,11011
01:00:02.197 -> 99,2,258,3786
01:00:02.197 -> 100,0,110,4031
01:00:02.197 -> 100,1,147,10393
01:00:02.231 -> 100,2,265,3861
01:00:02.231 -> 101,0,110,3737
01:00:02.264 -> 101,1,149,10070
01:00:02.264 -> 101,2,262,4422
01:00:02.297 -> 102,0,110,3422
01:00:02.297 -> 102,1,139,10447
01:00:02.297 -> 102,2,263,4227
01:00:02.330 -> 103,0,110,3075
01:00:02.330 -> 103,1,93,19137
01:00:02.330 -> 103,2,276,3352
01:00:02.363 -> 104,0,110,2932
01:00:02.363 -> 104,1,74,8049
01:00:02.396 -> 104,2,294,3864
01:00:02.396 -> 105,0,111,2737
01:00:02.430 -> 105,1,72,2991
01:00:02.430 -> 105,2,305,5207
01:00:02.463 -> 106,0,109,2335
01:00:02.463 -> 106,1,73,2724
01:00:02.463 -> 106,2,304,5559
01:00:02.496 -> 107,0,106,16974
01:00:02.496 -> 107,1,81,12105
01:00:02.496 -> 107,2,272,6153
01:00:02.529 -> 108,0,111,5523
01:00:02.529 -> 108,1,136,7749
01:00:02.529 -> 108,2,262,5777
01:00:02.562 -> 109,0,113,2427
01:00:02.562 -> 109,1,155,8335
01:00:02.562 -> 109,2,285,5715
01:00:02.595 -> 110,0,112,2268
01:00:02.595 -> 110,1,168,8647
01:00:02.595 -> 110,2,297,5677
01:00:02.630 -> 111,0,111,2307
01:00:02.630 -> 111,1,165,7830
01:00:02.630 -> 111,2,297,5966
01:00:02.663 -> 112,0,89,2928
01:00:02.663 -> 112,1,151,8748
01:00:02.663 -> 112,2,295,6082
01:00:02.696 -> 113,0,67,5115
01:00:02.696 -> 113,1,67,9997
01:00:02.696 -> 113,2,294,6141
01:00:02.729 -> 114,0,65,3965
01:00:02.762 -> 114,1,42,4358
01:00:02.762 -> 114,2,293,6270
01:00:02.762 -> 115,0,80,2265
01:00:02.796 -> 115,1,38,7487
01:00:02.796 -> 115,2,292,6321
01:00:02.796 -> 116,0,96,13816
01:00:02.796 -> 116,1,38,10508
01:00:02.829 -> 116,2,292,6379
01:00:02.829 -> 117,0,116,16964
01:00:02.829 -> 117,1,38,11588
01:00:02.862 -> 117,2,291,6432
01:00:02.862 -> 118,0,116,16271
01:00:02.862 -> 118,1,38,10997
01:00:02.862 -> 118,2,290,6453
01:00:02.895 -> 119,0,116,14139
01:00:02.895 -> 119,1,38,6678
01:00:02.895 -> 119,2,289,6492
01:00:02.928 -> 120,0,119,14582
01:00:02.928 -> 120,1,37,6951
01:00:02.928 -> 120,2,289,6508
