01:07:28.741 -> 0,0,152,9782
01:07:28.774 -> 0,1,138,2075
01:07:28.774 -> 0,2,107,14121
01:07:28.807 -> 1,0,152,9776
01:07:28.807 -> 1,1,137,2075
01:07:28.807 -> 1,2,118,14768
01:07:28.840 -> 2,0,151,9969
01:07:28.840 -> 2,1,139,2020
01:07:28.840 -> 2,2,115,14793
01:07:28.840 -> 3,0,151,10016
01:07:28.840 -> 3,1,140,2034
01:07:28.840 -> 3,2,118,15538
01:07:28.873 -> 4,0,149,10298
01:07:28.873 -> 4,1,143,2018
01:07:28.873 -> 4,2,119,15253
01:07:28.873 -> 5,0,147,11108
01:07:28.873 -> 5,1,146,1985
01:07:28.907 -> 5,2,117,13767
01:07:28.907 -> 6,0,145,11895
01:07:28.907 -> 6,1,148,1959
01:07:28.907 -> 6,2,115,15572
01:07:28.940 -> 7,0,143,12325
01:07:28.940 -> 7,1,149,1928
01:07:28.940 -> 7,2,113,14741
01:07:28.940 -> 8,0,140,12501
01:07:28.940 -> 8,1,149,1945
01:07:28.940 -> 8,2,110,14758
01:07:28.973 -> 9,0,138,13073
01:07:28.973 -> 9,1,147,1936
01:07:28.973 -> 9,2,107,14763
01:07:29.006 -> 10,0,137,13374
01:07:29.006 -> 10,1,115,5310
01:07:29.006 -> 10,2,101,6410
01:07:29.039 -> 11,0,134,14560
01:07:29.039 -> 11,1,79,13812
01:07:29.039 -> 11,2,116,2805
01:07:29.039 -> 12,0,133,15028
01:07:29.072 -> 12,1,82,2033
01:07:29.072 -> 12,2,114,3006
01:07:29.072 -> 13,0,131,15553
01:07:29.105 -> 13,1,73,9819
01:07:29.105 -> 13,2,114,3201
01:07:29.105 -> 14,0,130,16116
01:07:29.105 -> 14,1,114,2599
01:07:29.138 -> 14,2,109,3286
01:07:29.138 -> 15,0,128,16652
01:07:29.138 -> 15,1,149,1839
01:07:29.172 -> 15,2,114,3728
01:07:29.172 -> 16,0,127,17277
01:07:29.172 -> 16,1,157,1802
01:07:29.172 -> 16,2,117,4327
01:07:29.205 -> 17,0,125,17605
01:07:29.205 -> 17,1,158,1799
01:07:29.205 -> 17,2,105,4638
01:07:29.205 -> 18,0,124,17366
01:07:29.205 -> 18,1,159,1765
01:07:29.205 -> 18,2,88,4746
01:07:29.238 -> 19,0,121,17460
01:07:29.238 -> 19,1,163,1754
01:07:29.238 -> 19,2,84,4966
01:07:29.238 -> 20,0,117,12688
01:07:29.238 -> 20,1,163,1804
01:07:29.271 -> 20,2,81,5733
01:07:29.271 -> 21,0,76,2903
01:07:29.271 -> 21,1,161,1811
01:07:29.304 -> 21,2,78,4234
01:07:29.304 -> 22,0,88,7138
01:07:29.304 -> 22,1,162,1818
01:07:29.338 -> 22,2,51,4064
01:07:29.338 -> 23,0,91,8584
01:07:29.338 -> 23,1,159,1806
01:07:29.338 -> 23,2,48,4372
01:07:29.371 -> 24,0,87,8399
01:07:29.371 -> 24,1,161,1767
01:07:29.371 -> 24,2,48,4250
01:07:29.404 -> 25,0,88,5334
01:07:29.404 -> 25,1,164,1728
01:07:29.404 -> 25,2,51,3158
01:07:29.437 -> 26,0,93,5016
01:07:29.437 -> 26,1,174,1632
01:07:29.437 -> 26,2,50,3919
01:07:29.470 -> 27,0,106,14031
01:07:29.470 -> 27,1,184,1539
01:07:29.470 -> 27,2,48,2397
01:07:29.504 -> 28,0,119,3316
01:07:29.504 -> 28,1,202,1432
01:07:29.504 -> 28,2,121,2164
01:07:29.504 -> 29,0,117,5056
01:07:29.504 -> 29,1,209,1400
01:07:29.537 -> 29,2,138,3530
01:07:29.537 -> 30,0,111,11777
01:07:29.537 -> 30,1,216,1343
01:07:29.537 -> 30,2,138,3827
01:07:29.570 -> 31,0,106,6433
01:07:29.570 -> 31,1,221,1250
01:07:29.570 -> 31,2,137,3551
01:07:29.603 -> 32,0,97,3476
01:07:29.603 -> 32,1,203,910
01:07:29.603 -> 32,2,145,3356
01:07:29.603 -> 33,0,94,1698
01:07:29.636 -> 33,1,198,886
01:07:29.636 -> 33,2,142,2700
01:07:29.636 -> 34,0,95,1695
01:07:29.636 -> 34,1,195,902
01:07:29.669 -> 34,2,133,1943
01:07:29.669 -> 35,0,98,2016
01:07:29.669 -> 35,1,191,953
01:07:29.702 -> 35,2,113,1131
01:07:29.702 -> 36,0,97,2068
01:07:29.702 -> 36,1,189,979
01:07:29.736 -> 36,2,101,885
01:07:29.736 -> 37,0,97,1945
01:07:29.736 -> 37,1,192,1076
01:07:29.769 -> 37,2,104,833
01:07:29.769 -> 38,0,103,2315
01:07:29.769 -> 38,1,192,1308
01:07:29.769 -> 38,2,114,761
01:07:29.802 -> 39,0,105,2635
01:07:29.802 -> 39,1,191,1543
01:07:29.802 -> 39,2,123,756
01:07:29.835 -> 40,0,108,3561
01:07:29.835 -> 40,1,190,1817
01:07:29.835 -> 40,2,132,830
01:07:29.901 -> 41,0,110,5826
01:07:29.901 -> 41,1,185,2390
01:07:29.901 -> 41,2,140,1495
01:07:29.901 -> 42,0,113,14919
01:07:29.901 -> 42,1,183,2770
01:07:29.901 -> 42,2,143,3075
01:07:29.901 -> 43,0,117,2820
01:07:29.917 -> 43,1,181,2943
01:07:29.934 -> 43,2,142,5737
01:07:29.934 -> 44,0,118,4058
01:07:29.934 -> 44,1,177,3620
01:07:29.968 -> 44,2,139,4235
01:07:29.968 -> 45,0,118,3911
01:07:29.968 -> 45,1,170,4630
01:07:30.001 -> 45,2,140,9657
01:07:30.001 -> 46,0,118,3696
01:07:30.001 -> 46,1,164,5621
01:07:30.001 -> 46,2,140,15104
01:07:30.034 -> 47,0,119,3482
01:07:30.034 -> 47,1,160,6439
01:07:30.034 -> 47,2,139,16753
01:07:30.067 -> 48,0,119,3432
01:07:30.067 -> 48,1,158,6893
01:07:30.067 -> 48,2,136,5604
01:07:30.100 -> 49,0,120,3236
01:07:30.100 -> 49,1,155,7438
01:07:30.100 -> 49,2,135,5781
01:07:30.133 -> 50,0,120,3116
01:07:30.133 -> 50,1,151,7813
01:07:30.133 -> 50,2,134,5950
01:07:30.133 -> 51,0,120,3050
01:07:30.166 -> 51,1,148,7923
01:07:30.166 -> 51,2,133,6011
01:07:30.166 -> 52,0,122,2978
01:07:30.200 -> 52,1,146,7944
01:07:30.200 -> 52,2,132,6388
01:07:30.200 -> 53,0,122,2881
01:07:30.233 -> 53,1,142,8543
01:07:30.233 -> 53,2,132,6627
01:07:30.233 -> 54,0,124,2742
01:07:30.266 -> 54,1,139,8851
01:07:30.266 -> 54,2,131,6565
01:07:30.266 -> 55,0,125,2692
01:07:30.266 -> 55,1,136,9172
01:07:30.299 -> 55,2,125,3422
01:07:30.299 -> 56,0,126,2864
01:07:30.299 -> 56,1,134,9486
01:07:30.332 -> 56,2,108,5085
01:07:30.332 -> 57,0,126,2750
01:07:30.332 -> 57,1,132,9879
01:07:30.366 -> 57,2,102,5489
01:07:30.366 -> 58,0,120,13956
01:07:30.366 -> 58,1,130,10328
01:07:30.399 -> 58,2,102,4771
01:07:30.399 -> 59,0,118,12944
01:07:30.399 -> 59,1,128,11101
01:07:30.399 -> 59,2,102,4805
01:07:30.432 -> 60,0,112,13292
01:07:30.432 -> 60,1,127,11861
01:07:30.432 -> 60,2,102,6177
01:07:30.465 -> 61,0,108,15946
01:07:30.465 -> 61,1,125,12381
01:07:30.465 -> 61,2,102,7602
01:07:30.465 -> 62,0,118,2389
01:07:30.498 -> 62,1,124,12651
01:07:30.498 -> 62,2,102,8451
01:07:30.498 -> 63,0,125,2680
01:07:30.498 -> 63,1,123,12958
01:07:30.498 -> 63,2,102,7205
01:07:30.532 -> 64,0,129,2604
01:07:30.532 -> 64,1,121,13610
01:07:30.532 -> 64,2,102,6449
01:07:30.532 -> 65,0,131,2458
01:07:30.565 -> 65,1,119,14122
01:07:30.565 -> 65,2,102,6068
01:07:30.565 -> 66,0,129,2307
01:07:30.598 -> 66,1,117,14418
01:07:30.598 -> 66,2,101,6509
01:07:30.598 -> 67,0,134,2247
01:07:30.598 -> 67,1,116,14431
01:07:30.598 -> 67,2,62,8000
01:07:30.631 -> 68,0,137,2400
01:07:30.631 -> 68,1,96,15736
01:07:30.631 -> 68,2,38,5268
01:07:30.631 -> 69,0,138,2592
01:07:30.664 -> 69,1,58,13829
01:07:30.664 -> 69,2,32,3562
01:07:30.664 -> 70,0,134,14991
01:07:30.697 -> 70,1,62,13740
01:07:30.697 -> 70,2,41,5877
01:07:30.697 -> 71,0,129,14289
01:07:30.697 -> 71,1,62,12056
01:07:30.697 -> 71,2,86,1461
01:07:30.731 -> 72,0,127,14505
01:07:30.731 -> 72,1,73,13936
01:07:30.731 -> 72,2,96,8584
01:07:30.764 -> 73,0,128,13103
01:07:30.764 -> 73,1,66,13510
01:07:30.764 -> 73,2,96,8224
01:07:30.764 -> 74,0,139,11022
01:07:30.797 -> 74,1,71,655
01:07:30.797 -> 74,2,96,4722
01:07:30.797 -> 75,0,152,10188
01:07:30.797 -> 75,1,77,13264
01:07:30.797 -> 75,2,81,9204
01:07:30.830 -> 76,0,154,9649
01:07:30.830 -> 76,1,81,5455
01:07:30.830 -> 76,2,79,4855
01:07:30.863 -> 77,0,158,8728
01:07:30.863 -> 77,1,95,9514
01:07:30.863 -> 77,2,86,6053
01:07:30.896 -> 78,0,161,7771
01:07:30.896 -> 78,1,99,4312
01:07:30.896 -> 78,2,98,2584
01:07:30.930 -> 79,0,162,7530
01:07:30.930 -> 79,1,106,782
01:07:30.930 -> 79,2,99,2313
01:07:30.963 -> 80,0,165,7307
01:07:30.963 -> 80,1,103,13709
01:07:30.963 -> 80,2,99,2154
01:07:30.963 -> 81,0,167,7068
01:07:30.963 -> 81,1,95,13491
01:07:30.996 -> 81,2,100,2137
01:07:30.996 -> 82,0,171,5987
01:07:30.996 -> 82,1,101,669
01:07:30.996 -> 82,2,101,2035
01:07:31.029 -> 83,0,168,5784
01:07:31.029 -> 83,1,106,13264
01:07:31.029 -> 83,2,102,2039
01:07:31.062 -> 84,0,112,3165
01:07:31.062 -> 84,1,105,701
01:07:31.062 -> 84,2,103,2897
01:07:31.062 -> 85,0,108,3826
01:07:31.095 -> 85,1,104,13522
01:07:31.095 -> 85,2,103,2913
01:07:31.095 -> 86,0,109,4983
01:07:31.095 -> 86,1,101,13779
01:07:31.128 -> 86,2,105,1845
01:07:31.128 -> 87,0,183,3065
01:07:31.128 -> 87,1,98,13840
01:07:31.128 -> 87,2,106,1403
01:07:31.162 -> 88,0,195,2937
01:07:31.162 -> 88,1,99,13595
01:07:31.162 -> 88,2,138,4211
01:07:31.195 -> 89,0,200,2494
01:07:31.195 -> 89,1,101,13923
01:07:31.228 -> 89,2,147,6652
01:07:31.228 -> 90,0,206,1955
01:07:31.228 -> 90,1,102,906
01:07:31.228 -> 90,2,149,5642
01:07:31.261 -> 91,0,209,1682
01:07:31.261 -> 91,1,103,13602
01:07:31.261 -> 91,2,150,5498
01:07:31.294 -> 92,0,211,1559
01:07:31.294 -> 92,1,102,13907
01:07:31.294 -> 92,2,152,5290
01:07:31.327 -> 93,0,216,1304
01:07:31.327 -> 93,1,98,13894
01:07:31.327 -> 93,2,146,5332
01:07:31.327 -> 94,0,217,1245
01:07:31.327 -> 94,1,101,13584
01:07:31.361 -> 94,2,127,5958
01:07:31.361 -> 95,0,221,1217
01:07:31.361 -> 95,1,97,810
01:07:31.361 -> 95,2,92,8784
01:07:31.394 -> 96,0,223,1243
01:07:31.394 -> 96,1,102,13283
01:07:31.394 -> 96,2,77,11026
01:07:31.427 -> 97,0,226,1380
01:07:31.427 -> 97,1,102,778
01:07:31.427 -> 97,2,88,8169
01:07:31.427 -> 98,0,229,1464
01:07:31.460 -> 98,1,97,13549
01:07:31.460 -> 98,2,107,5822
01:07:31.460 -> 99,0,228,1145
01:07:31.460 -> 99,1,105,13803
01:07:31.493 -> 99,2,54,17201
01:07:31.493 -> 100,0,238,1093
01:07:31.526 -> 100,1,97,754
01:07:31.526 -> 100,2,36,4791
01:07:31.526 -> 101,0,241,1175
01:07:31.526 -> 101,1,107,13523
01:07:31.560 -> 101,2,36,5452
01:07:31.560 -> 102,0,243,1297
01:07:31.560 -> 102,1,103,13776
01:07:31.560 -> 102,2,36,5444
01:07:31.593 -> 103,0,228,2730
01:07:31.593 -> 103,1,99,13769
01:07:31.593 -> 103,2,35,4056
01:07:31.626 -> 104,0,237,2026
01:07:31.626 -> 104,1,99,13518
01:07:31.626 -> 104,2,44,4707
01:07:31.626 -> 105,0,255,1463
01:07:31.659 -> 105,1,104,13777
01:07:31.659 -> 105,2,68,2842
01:07:31.659 -> 106,0,259,1603
01:07:31.692 -> 106,1,107,13734
01:07:31.692 -> 106,2,43,8068
01:07:31.692 -> 107,0,262,1702
01:07:31.692 -> 107,1,109,10562
01:07:31.726 -> 107,2,42,10154
01:07:31.726 -> 108,0,263,1788
01:07:31.726 -> 108,1,102,8581
01:07:31.726 -> 108,2,42,11251
01:07:31.759 -> 109,0,263,1871
01:07:31.759 -> 109,1,110,11130
01:07:31.759 -> 109,2,42,11014
01:07:31.759 -> 110,0,263,1880
01:07:31.759 -> 110,1,112,885
01:07:31.759 -> 110,2,42,11227
01:07:31.792 -> 111,0,263,1940
01:07:31.792 -> 111,1,109,1986
01:07:31.792 -> 111,2,42,11688
01:07:31.825 -> 112,0,264,2139
01:07:31.825 -> 112,1,116,6243
01:07:31.825 -> 112,2,42,13260
01:07:31.825 -> 113,0,265,2328
01:07:31.858 -> 113,1,110,10022
01:07:31.858 -> 113,2,42,13189
01:07:31.858 -> 114,0,266,2411
01:07:31.891 -> 114,1,117,1923
01:07:31.891 -> 114,2,42,12444
01:07:31.891 -> 115,0,263,2307
01:07:31.925 -> 115,1,111,3154
01:07:31.925 -> 115,2,42,11670
01:07:31.925 -> 116,0,252,1788
01:07:31.925 -> 116,1,95,3597
01:07:31.925 -> 116,2,42,10007
01:07:31.958 -> 117,0,239,1409
01:07:31.958 -> 117,1,73,13794
01:07:31.958 -> 117,2,43,4978
01:07:31.991 -> 118,0,233,1241
01:07:31.991 -> 118,1,62,7213
01:07:31.991 -> 118,2,51,2608
01:07:31.991 -> 119,0,231,1175
01:07:31.991 -> 119,1,86,1865
01:07:31.991 -> 119,2,73,9112
01:07:32.024 -> 120,0,235,1218
01:07:32.024 -> 120,1,123,8597
01:07:32.024 -> 120,2,128,14964
