00:56:09.215 -> 0,0,265,1352
00:56:09.248 -> 0,1,63,13514
00:56:09.248 -> 0,2,125,4367
00:56:09.282 -> 1,0,265,1348
00:56:09.282 -> 1,1,63,13244
00:56:09.282 -> 1,2,144,3895
00:56:09.315 -> 2,0,265,1368
00:56:09.315 -> 2,1,61,13532
00:56:09.315 -> 2,2,142,4727
00:56:09.348 -> 3,0,262,1348
00:56:09.348 -> 3,1,64,13808
00:56:09.348 -> 3,2,145,9853
00:56:09.381 -> 4,0,261,1369
00:56:09.381 -> 4,1,64,13806
00:56:09.381 -> 4,2,144,12058
00:56:09.414 -> 5,0,260,1451
00:56:09.414 -> 5,1,68,9255
00:56:09.414 -> 5,2,142,11615
00:56:09.447 -> 6,0,260,1519
00:56:09.447 -> 6,1,78,4851
00:56:09.447 -> 6,2,140,12138
00:56:09.447 -> 7,0,246,1389
00:56:09.481 -> 7,1,88,3907
00:56:09.481 -> 7,2,139,12429
00:56:09.481 -> 8,0,242,1341
00:56:09.481 -> 8,1,96,3981
00:56:09.514 -> 8,2,137,12717
00:56:09.514 -> 9,0,238,1271
00:56:09.514 -> 9,1,112,4458
00:56:09.514 -> 9,2,136,12993
00:56:09.547 -> 10,0,236,1239
00:56:09.547 -> 10,1,114,5305
00:56:09.547 -> 10,2,133,13555
00:56:09.547 -> 11,0,230,1182
00:56:09.547 -> 11,1,117,6381
00:56:09.547 -> 11,2,131,14174
00:56:09.581 -> 12,0,227,1186
00:56:09.581 -> 12,1,122,7163
00:56:09.581 -> 12,2,129,14036
00:56:09.581 -> 13,0,231,1240
00:56:09.581 -> 13,1,119,6308
00:56:09.615 -> 13,2,126,14550
00:56:09.615 -> 14,0,236,1362
00:56:09.615 -> 14,1,116,5317
00:56:09.615 -> 14,2,125,15079
00:56:09.615 -> 15,0,239,1454
00:56:09.647 -> 15,1,109,4514
00:56:09.647 -> 15,2,124,15537
00:56:09.647 -> 16,0,243,1578
00:56:09.680 -> 16,1,81,3899
00:56:09.680 -> 16,2,108,14040
00:56:09.680 -> 17,0,134,9678
00:56:09.680 -> 17,1,69,4832
00:56:09.713 -> 17,2,72,9966
00:56:09.713 -> 18,0,96,5469
00:56:09.713 -> 18,1,50,4918
00:56:09.746 -> 18,2,73,8495
00:56:09.746 -> 19,0,98,2643
00:56:09.746 -> 19,1,51,3231
00:56:09.746 -> 19,2,74,8387
00:56:09.779 -> 20,0,143,2602
00:56:09.779 -> 20,1,93,1955
00:56:09.779 -> 20,2,74,7665
00:56:09.812 -> 21,0,230,1405
00:56:09.812 -> 21,1,116,2204
00:56:09.812 -> 21,2,82,4170
00:56:09.846 -> 22,0,234,1437
00:56:09.846 -> 22,1,126,2262
00:56:09.846 -> 22,2,108,4460
00:56:09.846 -> 23,0,234,1440
00:56:09.846 -> 23,1,128,2349
00:56:09.879 -> 23,2,113,5791
00:56:09.879 -> 24,0,232,1462
00:56:09.879 -> 24,1,130,2292
00:56:09.879 -> 24,2,113,6322
00:56:09.912 -> 25,0,229,1465
00:56:09.912 -> 25,1,131,2194
00:56:09.912 -> 25,2,112,6653
00:56:09.912 -> 26,0,228,1450
00:56:09.912 -> 26,1,131,2091
00:56:09.912 -> 26,2,112,7207
00:56:09.945 -> 27,0,227,1446
00:56:09.945 -> 27,1,133,2022
00:56:09.945 -> 27,2,111,7873
00:56:09.945 -> 28,0,224,1448
00:56:09.945 -> 28,1,135,1985
00:56:09.978 -> 28,2,110,8433
00:56:09.978 -> 29,0,225,1477
00:56:09.978 -> 29,1,137,1920
00:56:09.978 -> 29,2,109,8887
00:56:10.011 -> 30,0,235,1484
00:56:10.011 -> 30,1,136,1886
00:56:10.011 -> 30,2,107,9204
00:56:10.045 -> 31,0,250,1447
00:56:10.045 -> 31,1,143,2419
00:56:10.045 -> 31,2,107,9548
00:56:10.078 -> 32,0,254,1428
00:56:10.078 -> 32,1,143,2654
00:56:10.078 -> 32,2,101,10194
00:56:10.111 -> 33,0,266,1422
00:56:10.111 -> 33,1,143,2754
00:56:10.111 -> 33,2,59,12028
00:56:10.144 -> 34,0,272,1326
00:56:10.144 -> 34,1,144,3259
00:56:10.144 -> 34,2,83,6711
00:56:10.177 -> 35,0,255,923
00:56:10.177 -> 35,1,144,4113
00:56:10.177 -> 35,2,102,6435
00:56:10.210 -> 36,0,237,768
00:56:10.210 -> 36,1,143,4211
00:56:10.210 -> 36,2,92,7548
00:56:10.210 -> 37,0,233,771
00:56:10.210 -> 37,1,141,3985
00:56:10.210 -> 37,2,98,8962
00:56:10.243 -> 38,0,229,755
00:56:10.243 -> 38,1,136,2976
00:56:10.243 -> 38,2,103,10915
00:56:10.243 -> 39,0,224,787
00:56:10.243 -> 39,1,131,2554
00:56:10.277 -> 39,2,105,12270
00:56:10.277 -> 40,0,219,839
00:56:10.277 -> 40,1,125,1930
00:56:10.277 -> 40,2,106,12527
00:56:10.310 -> 41,0,212,901
00:56:10.310 -> 41,1,120,1758
00:56:10.310 -> 41,2,106,12742
00:56:10.310 -> 42,0,209,975
00:56:10.310 -> 42,1,113,1487
00:56:10.310 -> 42,2,105,12848
00:56:10.343 -> 43,0,207,1072
00:56:10.343 -> 43,1,110,1340
00:56:10.343 -> 43,2,105,12713
00:56:10.376 -> 44,0,203,1371
00:56:10.376 -> 44,1,112,1335
00:56:10.376 -> 44,2,106,13150
00:56:10.376 -> 45,0,198,1752
00:56:10.409 -> 45,1,120,1232
00:56:10.409 -> 45,2,106,13210
00:56:10.409 -> 46,0,192,2309
00:56:10.443 -> 46,1,129,7557
00:56:10.443 -> 46,2,106,12863
00:56:10.443 -> 47,0,191,2439
00:56:10.443 -> 47,1,129,15521
00:56:10.476 -> 47,2,106,12529
00:56:10.476 -> 48,0,186,2942
00:56:10.476 -> 48,1,130,18103
00:56:10.509 -> 48,2,107,12380
00:56:10.509 -> 49,0,182,3446
00:56:10.509 -> 49,1,131,18709
00:56:10.542 -> 49,2,107,12306
00:56:10.542 -> 50,0,177,3973
00:56:10.542 -> 50,1,129,18919
00:56:10.542 -> 50,2,107,11536
00:56:10.575 -> 51,0,174,4387
00:56:10.575 -> 51,1,129,18968
00:56:10.575 -> 51,2,108,11448
00:56:10.575 -> 52,0,170,4960
00:56:10.609 -> 52,1,129,19161
00:56:10.609 -> 52,2,108,11343
00:56:10.609 -> 53,0,167,5570
00:56:10.609 -> 53,1,127,19468
00:56:10.609 -> 53,2,109,11168
00:56:10.642 -> 54,0,163,5986
00:56:10.642 -> 54,1,122,10116
00:56:10.642 -> 54,2,109,11006
00:56:10.642 -> 55,0,159,6516
00:56:10.642 -> 55,1,118,4853
00:56:10.642 -> 55,2,110,10796
00:56:10.675 -> 56,0,155,7450
00:56:10.675 -> 56,1,117,1330
00:56:10.675 -> 56,2,111,10656
00:56:10.675 -> 57,0,152,8371
00:56:10.709 -> 57,1,115,1608
00:56:10.709 -> 57,2,112,10588
00:56:10.709 -> 58,0,148,9431
00:56:10.709 -> 58,1,101,5001
00:56:10.742 -> 58,2,113,10205
00:56:10.742 -> 59,0,145,9898
00:56:10.742 -> 59,1,91,5276
00:56:10.775 -> 59,2,114,9994
00:56:10.775 -> 60,0,144,10159
00:56:10.775 -> 60,1,91,5391
00:56:10.775 -> 60,2,115,9791
00:56:10.808 -> 61,0,142,10896
00:56:10.808 -> 61,1,90,5103
00:56:10.808 -> 61,2,116,9641
00:56:10.841 -> 62,0,139,11721
00:56:10.841 -> 62,1,90,5675
00:56:10.841 -> 62,2,117,9496
00:56:10.875 -> 63,0,138,12566
00:56:10.875 -> 63,1,90,7211
00:56:10.875 -> 63,2,118,9338
00:56:10.908 -> 64,0,136,13020
00:56:10.908 -> 64,1,90,9481
00:56:10.908 -> 64,2,119,9267
00:56:10.908 -> 65,0,133,13287
00:56:10.908 -> 65,1,90,11181
00:56:10.908 -> 65,2,119,9206
00:56:10.941 -> 66,0,111,17112
00:56:10.941 -> 66,1,90,12246
00:56:10.941 -> 66,2,120,9162
00:56:10.941 -> 67,0,85,3857
00:56:10.941 -> 67,1,90,12476
00:56:10.974 -> 67,2,122,9384
00:56:10.974 -> 68,0,76,5425
00:56:10.974 -> 68,1,90,9039
00:56:10.974 -> 68,2,122,7239
00:56:11.007 -> 69,0,74,4492
00:56:11.007 -> 69,1,90,9228
00:56:11.007 -> 69,2,116,4702
00:56:11.007 -> 70,0,99,12132
00:56:11.007 -> 70,1,89,7730
00:56:11.007 -> 70,2,111,4741
00:56:11.041 -> 71,0,87,4718
00:56:11.041 -> 71,1,53,4503
00:56:11.041 -> 71,2,108,5063
00:56:11.074 -> 72,0,93,2767
00:56:11.074 -> 72,1,34,11451
00:56:11.074 -> 72,2,126,5357
00:56:11.107 -> 73,0,92,2637
00:56:11.107 -> 73,1,33,8952
00:56:11.107 -> 73,2,129,5157
00:56:11.140 -> 74,0,99,2500
00:56:11.140 -> 74,1,31,2838
00:56:11.140 -> 74,2,128,5016
00:56:11.140 -> 75,0,102,2365
00:56:11.173 -> 75,1,15,175
00:56:11.173 -> 75,2,131,4950
00:56:11.173 -> 76,0,105,14265
00:56:11.173 -> 76,1,40,1351
00:56:11.173 -> 76,2,136,5173
00:56:11.207 -> 77,0,105,14105
00:56:11.207 -> 77,1,82,5696
00:56:11.207 -> 77,2,136,5390
00:56:11.207 -> 78,0,107,13284
00:56:11.240 -> 78,1,83,6618
00:56:11.240 -> 78,2,137,5701
00:56:11.240 -> 79,0,111,13275
00:56:11.240 -> 79,1,83,6285
00:56:11.240 -> 79,2,136,5245
00:56:11.274 -> 80,0,112,15006
00:56:11.274 -> 80,1,82,5073
00:56:11.274 -> 80,2,133,4126
00:56:11.274 -> 81,0,112,16143
00:56:11.274 -> 81,1,61,6028
00:56:11.307 -> 81,2,130,4053
00:56:11.307 -> 82,0,112,17365
00:56:11.307 -> 82,1,62,11683
00:56:11.307 -> 82,2,141,4158
00:56:11.340 -> 83,0,113,2568
00:56:11.340 -> 83,1,84,2923
00:56:11.340 -> 83,2,159,4085
00:56:11.373 -> 84,0,112,2701
00:56:11.373 -> 84,1,86,2512
00:56:11.373 -> 84,2,163,3896
00:56:11.406 -> 85,0,112,2783
00:56:11.406 -> 85,1,87,2279
00:56:11.406 -> 85,2,167,3646
00:56:11.440 -> 86,0,112,2829
00:56:11.440 -> 86,1,88,2215
00:56:11.440 -> 86,2,171,3406
00:56:11.473 -> 87,0,111,2789
00:56:11.473 -> 87,1,88,2274
00:56:11.473 -> 87,2,176,3172
00:56:11.506 -> 88,0,111,2913
00:56:11.506 -> 88,1,89,2174
00:56:11.506 -> 88,2,179,3011
00:56:11.506 -> 89,0,110,3053
00:56:11.506 -> 89,1,90,2044
00:56:11.539 -> 89,2,184,2833
00:56:11.539 -> 90,0,110,3151
00:56:11.539 -> 90,1,91,3803
00:56:11.572 -> 90,2,188,2649
00:56:11.572 -> 91,0,110,3405
00:56:11.572 -> 91,1,92,3296
00:56:11.606 -> 91,2,192,2408
00:56:11.606 -> 92,0,110,3569
00:56:11.606 -> 92,1,92,2122
00:56:11.639 -> 92,2,122,6078
00:56:11.639 -> 93,0,110,4014
00:56:11.639 -> 93,1,94,1644
00:56:11.639 -> 93,2,110,8037
00:56:11.672 -> 94,0,109,3712
00:56:11.672 -> 94,1,122,3287
00:56:11.672 -> 94,2,118,4568
00:56:11.705 -> 95,0,109,3440
00:56:11.705 -> 95,1,137,12147
00:56:11.705 -> 95,2,218,5225
00:56:11.738 -> 96,0,109,4434
00:56:11.738 -> 96,1,139,12506
00:56:11.738 -> 96,2,228,4944
00:56:11.772 -> 97,0,110,5001
00:56:11.772 -> 97,1,141,11866
00:56:11.805 -> 97,2,240,4357
00:56:11.805 -> 98,0,110,4825
00:56:11.805 -> 98,1,143,11549
00:56:11.805 -> 98,2,250,3967
00:56:11.838 -> 99,0,110,4508
00:56:11.838 -> 99,1,145,11261
00:56:11.838 -> 99,2,257,3796
00:56:11.871 -> 100,0,109,4218
00:56:11.871 -> 100,1,147,10240
00:56:11.871 -> 100,2,265,3830
00:56:11.905 -> 101,0,110,3963
00:56:11.905 -> 101,1,149,10047
00:56:11.905 -> 101,2,263,4334
00:56:11.938 -> 102,0,110,3623
00:56:11.938 -> 102,1,147,9746
00:56:11.938 -> 102,2,260,4510
00:56:11.938 -> 103,0,110,3332
00:56:11.971 -> 103,1,116,12803
00:56:11.971 -> 103,2,275,3408
00:56:11.971 -> 104,0,110,3051
00:56:12.004 -> 104,1,79,790
00:56:12.004 -> 104,2,291,3655
00:56:12.004 -> 105,0,110,2870
00:56:12.004 -> 105,1,68,13539
00:56:12.037 -> 105,2,301,4633
00:56:12.037 -> 106,0,110,2766
00:56:12.037 -> 106,1,75,2182
00:56:12.037 -> 106,2,305,5526
00:56:12.071 -> 107,0,110,2470
00:56:12.071 -> 107,1,74,2337
00:56:12.071 -> 107,2,298,5580
00:56:12.071 -> 108,0,108,2223
00:56:12.071 -> 108,1,66,7302
00:56:12.071 -> 108,2,261,5871
00:56:12.104 -> 109,0,107,16907
00:56:12.104 -> 109,1,74,13919
00:56:12.104 -> 109,2,279,5750
00:56:12.104 -> 110,0,112,2510
00:56:12.137 -> 110,1,160,8152
00:56:12.137 -> 110,2,297,5878
00:56:12.137 -> 111,0,110,2240
00:56:12.170 -> 111,1,166,7678
00:56:12.170 -> 111,2,297,5948
00:56:12.170 -> 112,0,88,3035
00:56:12.203 -> 112,1,156,8118
00:56:12.203 -> 112,2,295,6054
00:56:12.203 -> 113,0,66,5247
00:56:12.236 -> 113,1,119,11758
00:56:12.236 -> 113,2,295,6120
00:56:12.236 -> 114,0,65,4847
00:56:12.236 -> 114,1,40,7863
00:56:12.236 -> 114,2,293,6139
00:56:12.270 -> 115,0,65,3886
00:56:12.270 -> 115,1,42,3852
00:56:12.270 -> 115,2,293,6157
00:56:12.270 -> 116,0,76,2450
00:56:12.270 -> 116,1,40,6404
00:56:12.270 -> 116,2,292,6279
00:56:12.303 -> 117,0,106,13430
00:56:12.303 -> 117,1,39,8315
00:56:12.303 -> 117,2,292,6356
00:56:12.336 -> 118,0,115,16821
00:56:12.336 -> 118,1,40,9100
00:56:12.336 -> 118,2,291,6425
00:56:12.336 -> 119,0,116,16134
00:56:12.336 -> 119,1,40,8173
00:56:12.336 -> 119,2,290,6476
00:56:12.369 -> 120,0,116,14281
00:56:12.369 -> 120,1,39,5512
00:56:12.369 -> 120,2,289,6501
