00:54:30.202 -> 0,0,242,1963
00:54:30.236 -> 0,1,70,4578
00:54:30.236 -> 0,2,100,15334
00:54:30.268 -> 1,0,241,1972
00:54:30.268 -> 1,1,79,19679
00:54:30.268 -> 1,2,100,12793
00:54:30.268 -> 2,0,235,2015
00:54:30.268 -> 2,1,80,18786
00:54:30.268 -> 2,2,103,8731
00:54:30.301 -> 3,0,241,2012
00:54:30.301 -> 3,1,79,17971
00:54:30.301 -> 3,2,108,5555
00:54:30.301 -> 4,0,240,2086
00:54:30.335 -> 4,1,77,16553
00:54:30.335 -> 4,2,106,2770
00:54:30.335 -> 5,0,238,2113
00:54:30.368 -> 5,1,78,16033
00:54:30.368 -> 5,2,83,4952
00:54:30.368 -> 6,0,235,2160
00:54:30.401 -> 6,1,79,15926
00:54:30.401 -> 6,2,111,4019
00:54:30.401 -> 7,0,235,2310
00:54:30.401 -> 7,1,79,15448
00:54:30.401 -> 7,2,82,5613
00:54:30.434 -> 8,0,234,2336
00:54:30.434 -> 8,1,80,15269
00:54:30.434 -> 8,2,72,4782
00:54:30.434 -> 9,0,232,2378
00:54:30.434 -> 9,1,81,15170
00:54:30.434 -> 9,2,82,3072
00:54:30.467 -> 10,0,230,2387
00:54:30.467 -> 10,1,81,13468
00:54:30.467 -> 10,2,119,2988
00:54:30.501 -> 11,0,222,2037
00:54:30.501 -> 11,1,82,12667
00:54:30.501 -> 11,2,120,3054
00:54:30.501 -> 12,0,204,1547
00:54:30.501 -> 12,1,83,12524
00:54:30.501 -> 12,2,108,3381
00:54:30.534 -> 13,0,196,1391
00:54:30.534 -> 13,1,84,12172
00:54:30.534 -> 13,2,103,3546
00:54:30.534 -> 14,0,193,1351
00:54:30.534 -> 14,1,85,11801
00:54:30.567 -> 14,2,102,3219
00:54:30.567 -> 15,0,197,1340
00:54:30.567 -> 15,1,86,11195
00:54:30.567 -> 15,2,102,2225
00:54:30.567 -> 16,0,198,1355
00:54:30.600 -> 16,1,87,10904
00:54:30.600 -> 16,2,112,2519
00:54:30.600 -> 17,0,199,1343
00:54:30.600 -> 17,1,87,10915
00:54:30.600 -> 17,2,112,2792
00:54:30.633 -> 18,0,205,1541
00:54:30.633 -> 18,1,88,10872
00:54:30.633 -> 18,2,109,2497
00:54:30.633 -> 19,0,214,1875
00:54:30.633 -> 19,1,89,10708
00:54:30.666 -> 19,2,108,2399
00:54:30.666 -> 20,0,225,2503
00:54:30.666 -> 20,1,90,10453
00:54:30.666 -> 20,2,107,2171
00:54:30.700 -> 21,0,201,4766
00:54:30.700 -> 21,1,92,9346
00:54:30.700 -> 21,2,111,15646
00:54:30.733 -> 22,0,195,3722
00:54:30.733 -> 22,1,94,8747
00:54:30.733 -> 22,2,110,5534
00:54:30.766 -> 23,0,217,2246
00:54:30.766 -> 23,1,96,7986
00:54:30.766 -> 23,2,108,5895
00:54:30.766 -> 24,0,218,2189
00:54:30.766 -> 24,1,97,7723
00:54:30.799 -> 24,2,108,6028
00:54:30.799 -> 25,0,218,2121
00:54:30.799 -> 25,1,98,7715
00:54:30.799 -> 25,2,107,6331
00:54:30.832 -> 26,0,143,7547
00:54:30.832 -> 26,1,99,7703
00:54:30.832 -> 26,2,107,6695
00:54:30.832 -> 27,0,54,10067
00:54:30.832 -> 27,1,101,7353
00:54:30.832 -> 27,2,106,7228
00:54:30.865 -> 28,0,51,15594
00:54:30.865 -> 28,1,102,7215
00:54:30.865 -> 28,2,105,7508
00:54:30.865 -> 29,0,50,12383
00:54:30.898 -> 29,1,105,6114
00:54:30.898 -> 29,2,104,8098
00:54:30.898 -> 30,0,52,8637
00:54:30.898 -> 30,1,111,3261
00:54:30.898 -> 30,2,104,8712
00:54:30.932 -> 31,0,81,5691
00:54:30.932 -> 31,1,135,1879
00:54:30.932 -> 31,2,103,9862
00:54:30.932 -> 32,0,208,1880
00:54:30.932 -> 32,1,114,3593
00:54:30.932 -> 32,2,102,10298
00:54:30.965 -> 33,0,212,1907
00:54:30.965 -> 33,1,109,2984
00:54:30.965 -> 33,2,102,11253
00:54:30.965 -> 34,0,214,1910
00:54:30.998 -> 34,1,114,2169
00:54:30.998 -> 34,2,102,11787
00:54:30.998 -> 35,0,217,1943
00:54:30.998 -> 35,1,124,1695
00:54:30.998 -> 35,2,101,12003
00:54:31.031 -> 36,0,222,1975
00:54:31.031 -> 36,1,138,1647
00:54:31.031 -> 36,2,101,12607
00:54:31.064 -> 37,0,231,1946
00:54:31.064 -> 37,1,133,1663
00:54:31.064 -> 37,2,100,12851
00:54:31.097 -> 38,0,237,1934
00:54:31.097 -> 38,1,119,1469
00:54:31.097 -> 38,2,100,13199
00:54:31.131 -> 39,0,240,1904
00:54:31.131 -> 39,1,114,1519
00:54:31.131 -> 39,2,100,13602
00:54:31.131 -> 40,0,245,1932
00:54:31.165 -> 40,1,106,1605
00:54:31.165 -> 40,2,100,13771
00:54:31.165 -> 41,0,246,1899
00:54:31.165 -> 41,1,99,1594
00:54:31.165 -> 41,2,100,13646
00:54:31.198 -> 42,0,246,1847
00:54:31.198 -> 42,1,123,1520
00:54:31.198 -> 42,2,100,14511
00:54:31.198 -> 43,0,242,1410
00:54:31.198 -> 43,1,168,1946
00:54:31.198 -> 43,2,100,14897
00:54:31.231 -> 44,0,224,1015
00:54:31.231 -> 44,1,178,2423
00:54:31.231 -> 44,2,99,15282
00:54:31.231 -> 45,0,215,982
00:54:31.264 -> 45,1,180,2829
00:54:31.264 -> 45,2,99,15458
00:54:31.264 -> 46,0,209,1016
00:54:31.264 -> 46,1,180,3333
00:54:31.264 -> 46,2,100,15548
00:54:31.297 -> 47,0,205,1121
00:54:31.297 -> 47,1,179,3816
00:54:31.297 -> 47,2,100,15409
00:54:31.297 -> 48,0,202,1272
00:54:31.297 -> 48,1,178,4161
00:54:31.297 -> 48,2,100,15223
00:54:31.330 -> 49,0,201,1389
00:54:31.330 -> 49,1,176,4135
00:54:31.330 -> 49,2,100,14757
00:54:31.330 -> 50,0,197,1545
00:54:31.364 -> 50,1,171,2558
00:54:31.364 -> 50,2,100,14107
00:54:31.364 -> 51,0,194,1753
00:54:31.364 -> 51,1,164,1634
00:54:31.364 -> 51,2,101,13999
00:54:31.397 -> 52,0,190,2202
00:54:31.397 -> 52,1,156,1215
00:54:31.397 -> 52,2,101,13973
00:54:31.430 -> 53,0,185,2771
00:54:31.430 -> 53,1,171,7111
00:54:31.430 -> 53,2,100,7959
00:54:31.463 -> 54,0,179,3557
00:54:31.463 -> 54,1,170,10155
00:54:31.463 -> 54,2,86,7724
00:54:31.463 -> 55,0,176,4112
00:54:31.496 -> 55,1,169,10838
00:54:31.496 -> 55,2,95,10440
00:54:31.496 -> 56,0,172,4720
00:54:31.496 -> 56,1,168,11186
00:54:31.530 -> 56,2,99,10559
00:54:31.530 -> 57,0,171,4986
00:54:31.530 -> 57,1,168,11536
00:54:31.530 -> 57,2,100,10682
00:54:31.563 -> 58,0,168,5635
00:54:31.563 -> 58,1,167,11940
00:54:31.563 -> 58,2,101,10759
00:54:31.563 -> 59,0,165,6383
00:54:31.563 -> 59,1,166,12392
00:54:31.563 -> 59,2,99,10272
00:54:31.596 -> 60,0,162,7024
00:54:31.596 -> 60,1,166,12942
00:54:31.596 -> 60,2,99,9676
00:54:31.596 -> 61,0,158,7587
00:54:31.629 -> 61,1,165,13079
00:54:31.629 -> 61,2,102,10109
00:54:31.629 -> 62,0,155,8453
00:54:31.629 -> 62,1,163,7090
00:54:31.629 -> 62,2,103,9852
00:54:31.662 -> 63,0,153,9413
00:54:31.662 -> 63,1,151,3224
00:54:31.662 -> 63,2,104,9522
00:54:31.662 -> 64,0,150,10119
00:54:31.662 -> 64,1,135,3547
00:54:31.662 -> 64,2,105,9223
00:54:31.696 -> 65,0,148,10906
00:54:31.696 -> 65,1,134,2984
00:54:31.696 -> 65,2,106,9023
00:54:31.696 -> 66,0,145,11915
00:54:31.729 -> 66,1,134,4323
00:54:31.729 -> 66,2,107,9159
00:54:31.729 -> 67,0,143,12457
00:54:31.762 -> 67,1,90,9172
00:54:31.762 -> 67,2,108,7826
00:54:31.762 -> 68,0,141,13084
00:54:31.762 -> 68,1,65,5772
00:54:31.795 -> 68,2,102,4744
00:54:31.795 -> 69,0,139,13406
00:54:31.795 -> 69,1,83,11692
00:54:31.795 -> 69,2,97,5218
00:54:31.828 -> 70,0,137,13945
00:54:31.828 -> 70,1,130,4180
00:54:31.828 -> 70,2,105,7203
00:54:31.862 -> 71,0,136,14276
00:54:31.862 -> 71,1,133,3869
00:54:31.862 -> 71,2,113,7940
00:54:31.895 -> 72,0,135,14604
00:54:31.895 -> 72,1,133,2947
00:54:31.895 -> 72,2,119,8241
00:54:31.928 -> 73,0,133,15361
00:54:31.928 -> 73,1,132,1121
00:54:31.928 -> 73,2,121,8181
00:54:31.961 -> 74,0,132,15820
00:54:31.961 -> 74,1,127,3599
00:54:31.961 -> 74,2,123,7955
00:54:31.961 -> 75,0,130,16223
00:54:31.994 -> 75,1,120,6522
00:54:31.994 -> 75,2,124,7700
00:54:31.994 -> 76,0,128,16707
00:54:32.027 -> 76,1,112,12012
00:54:32.027 -> 76,2,126,7372
00:54:32.027 -> 77,0,128,16828
00:54:32.061 -> 77,1,113,6911
00:54:32.061 -> 77,2,127,7178
00:54:32.061 -> 78,0,127,16984
00:54:32.094 -> 78,1,126,2410
00:54:32.094 -> 78,2,130,6777
00:54:32.094 -> 79,0,126,5509
00:54:32.094 -> 79,1,127,2077
00:54:32.127 -> 79,2,133,6432
00:54:32.127 -> 80,0,127,2459
00:54:32.127 -> 80,1,128,1849
00:54:32.160 -> 80,2,135,6162
00:54:32.160 -> 81,0,126,2556
00:54:32.160 -> 81,1,128,1701
00:54:32.160 -> 81,2,136,5954
00:54:32.193 -> 82,0,124,2665
00:54:32.193 -> 82,1,129,1588
00:54:32.193 -> 82,2,95,9026
00:54:32.227 -> 83,0,124,2731
00:54:32.227 -> 83,1,130,1592
00:54:32.227 -> 83,2,75,16585
00:54:32.260 -> 84,0,123,2829
00:54:32.260 -> 84,1,130,2285
00:54:32.260 -> 84,2,72,18875
00:54:32.293 -> 85,0,122,2895
00:54:32.293 -> 85,1,131,1451
00:54:32.293 -> 85,2,80,8407
00:54:32.326 -> 86,0,121,3007
00:54:32.326 -> 86,1,134,983
00:54:32.326 -> 86,2,150,3892
00:54:32.359 -> 87,0,121,3104
00:54:32.359 -> 87,1,163,3032
00:54:32.359 -> 87,2,154,4241
00:54:32.359 -> 88,0,120,3145
00:54:32.394 -> 88,1,172,8732
00:54:32.394 -> 88,2,158,3957
00:54:32.394 -> 89,0,120,3241
00:54:32.394 -> 89,1,171,9568
00:54:32.427 -> 89,2,163,3640
00:54:32.427 -> 90,0,120,3468
00:54:32.461 -> 90,1,143,11852
00:54:32.461 -> 90,2,168,3337
00:54:32.494 -> 91,0,119,3688
00:54:32.494 -> 91,1,92,714
00:54:32.494 -> 91,2,172,3157
00:54:32.527 -> 92,0,119,3848
00:54:32.527 -> 92,1,62,925
00:54:32.527 -> 92,2,176,2928
00:54:32.527 -> 93,0,118,4206
00:54:32.527 -> 93,1,73,2172
00:54:32.560 -> 93,2,177,2865
00:54:32.560 -> 94,0,118,4510
00:54:32.560 -> 94,1,67,7551
00:54:32.560 -> 94,2,183,2621
00:54:32.593 -> 95,0,117,4384
00:54:32.593 -> 95,1,107,9093
00:54:32.593 -> 95,2,190,2353
00:54:32.626 -> 96,0,118,4514
00:54:32.626 -> 96,1,142,8372
00:54:32.626 -> 96,2,196,2179
00:54:32.659 -> 97,0,118,5487
00:54:32.659 -> 97,1,97,17719
00:54:32.659 -> 97,2,205,6040
00:54:32.692 -> 98,0,117,6157
00:54:32.692 -> 98,1,93,5279
00:54:32.692 -> 98,2,215,5770
00:54:32.692 -> 99,0,117,7128
00:54:32.726 -> 99,1,84,730
00:54:32.726 -> 99,2,222,5806
00:54:32.726 -> 100,0,111,4847
00:54:32.726 -> 100,1,88,713
00:54:32.759 -> 100,2,224,5561
00:54:32.759 -> 101,0,83,5890
00:54:32.759 -> 101,1,86,709
00:54:32.759 -> 101,2,222,5572
00:54:32.792 -> 102,0,68,7617
00:54:32.792 -> 102,1,87,4715
00:54:32.792 -> 102,2,219,6250
00:54:32.792 -> 103,0,95,3411
00:54:32.825 -> 103,1,73,703
00:54:32.825 -> 103,2,230,4984
00:54:32.825 -> 104,0,117,4078
00:54:32.858 -> 104,1,59,740
00:54:32.858 -> 104,2,243,4458
00:54:32.891 -> 105,0,117,3820
00:54:32.891 -> 105,1,69,801
00:54:32.891 -> 105,2,255,5325
00:54:32.891 -> 106,0,118,3684
00:54:32.924 -> 106,1,61,13271
00:54:32.924 -> 106,2,263,7127
00:54:32.924 -> 107,0,118,3310
00:54:32.924 -> 107,1,66,627
00:54:32.958 -> 107,2,261,7300
00:54:32.958 -> 108,0,118,3242
00:54:32.958 -> 108,1,72,13876
00:54:32.991 -> 108,2,224,8779
00:54:32.991 -> 109,0,119,3207
00:54:32.991 -> 109,1,105,7140
00:54:33.024 -> 109,2,211,8287
00:54:33.024 -> 110,0,119,2942
00:54:33.024 -> 110,1,170,6632
00:54:33.024 -> 110,2,235,7644
00:54:33.057 -> 111,0,118,2733
00:54:33.057 -> 111,1,169,7278
00:54:33.057 -> 111,2,255,7843
00:54:33.090 -> 112,0,119,2576
00:54:33.090 -> 112,1,164,8174
00:54:33.090 -> 112,2,254,7941
00:54:33.123 -> 113,0,120,2510
00:54:33.123 -> 113,1,162,8629
00:54:33.123 -> 113,2,253,7979
00:54:33.123 -> 114,0,120,2459
00:54:33.123 -> 114,1,161,9089
00:54:33.157 -> 114,2,252,8106
00:54:33.157 -> 115,0,121,2357
00:54:33.157 -> 115,1,158,9800
00:54:33.157 -> 115,2,251,8213
00:54:33.190 -> 116,0,122,2263
00:54:33.190 -> 116,1,154,10553
00:54:33.190 -> 116,2,250,8358
00:54:33.223 -> 117,0,123,2196
00:54:33.223 -> 117,1,151,11469
00:54:33.223 -> 117,2,248,8504
00:54:33.256 -> 118,0,122,12192
00:54:33.256 -> 118,1,149,12152
00:54:33.256 -> 118,2,248,8625
00:54:33.290 -> 119,0,122,13503
00:54:33.290 -> 119,1,146,13366
00:54:33.290 -> 119,2,247,8693
00:54:33.290 -> 120,0,123,12934
00:54:33.323 -> 120,1,143,14402
00:54:33.323 -> 120,2,247,8789
