17:33:26.708 -> 0,0,205,2951
17:33:26.708 -> 0,1,161,1235
17:33:26.708 -> 0,2,38,2512
17:33:26.742 -> 1,0,204,2955
17:33:26.742 -> 1,1,162,1235
17:33:26.742 -> 1,2,38,2509
17:33:26.742 -> 2,0,204,2966
17:33:26.742 -> 2,1,162,1233
17:33:26.742 -> 2,2,38,2500
17:33:26.742 -> 3,0,204,3077
17:33:26.742 -> 3,1,162,1235
17:33:26.742 -> 3,2,38,2496
17:33:26.775 -> 4,0,202,2574
17:33:26.775 -> 4,1,162,1227
17:33:26.775 -> 4,2,38,2487
17:33:26.775 -> 5,0,204,1832
17:33:26.775 -> 5,1,162,1237
17:33:26.775 -> 5,2,38,2482
17:33:26.775 -> 6,0,208,1553
17:33:26.775 -> 6,1,161,1237
17:33:26.775 -> 6,2,38,2476
17:33:26.775 -> 7,0,213,1545
17:33:26.775 -> 7,1,162,1237
17:33:26.827 -> 7,2,38,2470
17:33:26.827 -> 8,0,216,1551
17:33:26.827 -> 8,1,163,1239
17:33:26.827 -> 8,2,38,2469
17:33:26.827 -> 9,0,217,1558
17:33:26.827 -> 9,1,162,1237
17:33:26.827 -> 9,2,38,2469
17:33:26.827 -> 10,0,218,1556
17:33:26.827 -> 10,1,162,1226
17:33:26.827 -> 10,2,38,2465
17:33:26.827 -> 11,0,217,1552
17:33:26.827 -> 11,1,162,1255
17:33:26.827 -> 11,2,39,2465
17:33:26.827 -> 12,0,216,1549
17:33:26.861 -> 12,1,164,1346
17:33:26.861 -> 12,2,39,2458
17:33:26.861 -> 13,0,217,1549
17:33:26.861 -> 13,1,166,1412
17:33:26.861 -> 13,2,38,2458
17:33:26.861 -> 14,0,216,1549
17:33:26.861 -> 14,1,113,2242
17:33:26.861 -> 14,2,52,4608
17:33:26.861 -> 15,0,217,1554
17:33:26.861 -> 15,1,114,2249
17:33:26.861 -> 15,2,54,4311
17:33:26.886 -> 16,0,217,1563
17:33:26.886 -> 16,1,114,2221
17:33:26.886 -> 16,2,56,3972
17:33:26.886 -> 17,0,218,1599
17:33:26.886 -> 17,1,115,2190
17:33:26.886 -> 17,2,58,3555
17:33:26.886 -> 18,0,217,1661
17:33:26.886 -> 18,1,115,2113
17:33:26.908 -> 18,2,62,3023
17:33:26.908 -> 19,0,214,1999
17:33:26.908 -> 19,1,117,2060
17:33:26.908 -> 19,2,65,2566
17:33:26.908 -> 20,0,193,4813
17:33:26.908 -> 20,1,118,2036
17:33:26.908 -> 20,2,68,2304
17:33:26.941 -> 21,0,196,2973
17:33:26.941 -> 21,1,119,2032
17:33:26.941 -> 21,2,69,2209
17:33:26.941 -> 22,0,215,1922
17:33:26.941 -> 22,1,120,2056
17:33:26.941 -> 22,2,70,2245
17:33:26.941 -> 23,0,218,1858
17:33:26.941 -> 23,1,121,2038
17:33:26.941 -> 23,2,69,2306
17:33:26.975 -> 24,0,219,1911
17:33:26.975 -> 24,1,122,1986
17:33:26.975 -> 24,2,68,2426
17:33:26.975 -> 25,0,219,1953
17:33:26.975 -> 25,1,124,1954
17:33:26.975 -> 25,2,66,2635
17:33:26.975 -> 26,0,217,1894
17:33:26.975 -> 26,1,125,1951
17:33:26.975 -> 26,2,64,2767
17:33:26.975 -> 27,0,216,1857
17:33:26.975 -> 27,1,126,1944
17:33:27.008 -> 27,2,63,2898
17:33:27.008 -> 28,0,214,1890
17:33:27.008 -> 28,1,127,1978
17:33:27.008 -> 28,2,62,3080
17:33:27.008 -> 29,0,214,1913
17:33:27.008 -> 29,1,128,2033
17:33:27.008 -> 29,2,61,3286
17:33:27.008 -> 30,0,214,1926
17:33:27.008 -> 30,1,129,2105
17:33:27.008 -> 30,2,60,3417
17:33:27.041 -> 31,0,214,1909
17:33:27.041 -> 31,1,130,1973
17:33:27.041 -> 31,2,59,3614
17:33:27.041 -> 32,0,212,1892
17:33:27.041 -> 32,1,128,1636
17:33:27.041 -> 32,2,58,3732
17:33:27.041 -> 33,0,211,1922
17:33:27.041 -> 33,1,127,1555
17:33:27.041 -> 33,2,57,3852
17:33:27.074 -> 34,0,210,1950
17:33:27.074 -> 34,1,130,1641
17:33:27.074 -> 34,2,57,3946
17:33:27.074 -> 35,0,210,1976
17:33:27.074 -> 35,1,132,1595
17:33:27.074 -> 35,2,56,4041
17:33:27.074 -> 36,0,210,1985
17:33:27.074 -> 36,1,130,1492
17:33:27.074 -> 36,2,56,4154
17:33:27.074 -> 37,0,207,1967
17:33:27.107 -> 37,1,126,1428
17:33:27.107 -> 37,2,55,4232
17:33:27.107 -> 38,0,205,1929
17:33:27.107 -> 38,1,133,1582
17:33:27.107 -> 38,2,54,4309
17:33:27.107 -> 39,0,204,1888
17:33:27.107 -> 39,1,141,1594
17:33:27.107 -> 39,2,54,4390
17:33:27.107 -> 40,0,202,1860
17:33:27.107 -> 40,1,146,1479
17:33:27.107 -> 40,2,54,4465
17:33:27.141 -> 41,0,202,1842
17:33:27.141 -> 41,1,149,1415
17:33:27.141 -> 41,2,53,4557
17:33:27.141 -> 42,0,200,1848
17:33:27.141 -> 42,1,153,1371
17:33:27.141 -> 42,2,53,4640
17:33:27.141 -> 43,0,200,1848
17:33:27.141 -> 43,1,151,1297
17:33:27.141 -> 43,2,52,4698
17:33:27.174 -> 44,0,195,2532
17:33:27.174 -> 44,1,151,1227
17:33:27.174 -> 44,2,52,4780
17:33:27.174 -> 45,0,188,3285
17:33:27.174 -> 45,1,155,1274
17:33:27.174 -> 45,2,52,4812
17:33:27.174 -> 46,0,191,2437
17:33:27.174 -> 46,1,164,1368
17:33:27.174 -> 46,2,52,4862
17:33:27.207 -> 47,0,198,1779
17:33:27.207 -> 47,1,169,1411
17:33:27.207 -> 47,2,51,4892
17:33:27.207 -> 48,0,194,1450
17:33:27.207 -> 48,1,169,1407
17:33:27.207 -> 48,2,51,4947
17:33:27.207 -> 49,0,182,1117
17:33:27.207 -> 49,1,167,1363
17:33:27.207 -> 49,2,51,4986
17:33:27.207 -> 50,0,172,1026
17:33:27.207 -> 50,1,165,1348
17:33:27.240 -> 50,2,50,5034
17:33:27.240 -> 51,0,171,962
17:33:27.240 -> 51,1,165,1286
17:33:27.240 -> 51,2,51,5080
17:33:27.240 -> 52,0,171,946
17:33:27.240 -> 52,1,161,1191
17:33:27.240 -> 52,2,50,5123
17:33:27.240 -> 53,0,167,979
17:33:27.240 -> 53,1,160,1143
17:33:27.240 -> 53,2,50,5156
17:33:27.274 -> 54,0,168,1003
17:33:27.274 -> 54,1,171,1674
17:33:27.274 -> 54,2,50,5162
17:33:27.274 -> 55,0,170,1013
17:33:27.274 -> 55,1,183,2862
17:33:27.274 -> 55,2,50,5173
17:33:27.274 -> 56,0,168,1017
17:33:27.274 -> 56,1,186,3579
17:33:27.274 -> 56,2,50,5181
17:33:27.274 -> 57,0,165,1040
17:33:27.274 -> 57,1,185,4147
17:33:27.307 -> 57,2,50,5171
17:33:27.307 -> 58,0,168,1059
17:33:27.307 -> 58,1,184,4732
17:33:27.307 -> 58,2,50,5186
17:33:27.307 -> 59,0,173,1101
17:33:27.307 -> 59,1,181,4820
17:33:27.307 -> 59,2,50,5162
17:33:27.307 -> 60,0,182,1221
17:33:27.307 -> 60,1,172,3175
17:33:27.307 -> 60,2,50,5122
17:33:27.340 -> 61,0,186,1326
17:33:27.340 -> 61,1,152,2767
17:33:27.340 -> 61,2,50,5108
17:33:27.340 -> 62,0,187,1404
17:33:27.340 -> 62,1,147,2765
17:33:27.340 -> 62,2,50,5083
17:33:27.340 -> 63,0,189,1424
17:33:27.340 -> 63,1,144,1864
17:33:27.340 -> 63,2,51,5023
17:33:27.373 -> 64,0,192,1445
17:33:27.373 -> 64,1,142,1884
17:33:27.373 -> 64,2,51,4998
17:33:27.373 -> 65,0,192,1507
17:33:27.373 -> 65,1,87,4641
17:33:27.373 -> 65,2,51,4966
17:33:27.373 -> 66,0,192,1586
17:33:27.373 -> 66,1,58,5276
17:33:27.373 -> 66,2,51,4938
17:33:27.406 -> 67,0,192,1668
17:33:27.406 -> 67,1,56,5525
17:33:27.406 -> 67,2,51,4876
17:33:27.406 -> 68,0,198,1731
17:33:27.406 -> 68,1,83,5370
17:33:27.406 -> 68,2,52,4824
17:33:27.406 -> 69,0,157,5863
17:33:27.406 -> 69,1,132,2091
17:33:27.406 -> 69,2,52,4782
17:33:27.406 -> 70,0,79,6018
17:33:27.406 -> 70,1,134,1782
17:33:27.406 -> 70,2,53,4655
17:33:27.440 -> 71,0,73,9517
17:33:27.440 -> 71,1,130,1916
17:33:27.440 -> 71,2,52,2804
17:33:27.440 -> 72,0,72,7471
17:33:27.440 -> 72,1,130,2021
17:33:27.440 -> 72,2,48,5757
17:33:27.440 -> 73,0,76,6003
17:33:27.440 -> 73,1,129,2420
17:33:27.440 -> 73,2,45,7694
17:33:27.473 -> 74,0,159,2018
17:33:27.473 -> 74,1,109,10220
17:33:27.473 -> 74,2,42,8639
17:33:27.473 -> 75,0,198,1862
17:33:27.473 -> 75,1,97,15969
17:33:27.473 -> 75,2,40,10863
17:33:27.473 -> 76,0,198,2050
17:33:27.473 -> 76,1,98,9922
17:33:27.473 -> 76,2,39,13819
17:33:27.473 -> 77,0,197,2282
17:33:27.473 -> 77,1,121,3001
17:33:27.506 -> 77,2,48,12245
17:33:27.506 -> 78,0,196,2603
17:33:27.506 -> 78,1,127,3104
17:33:27.506 -> 78,2,55,12624
17:33:27.506 -> 79,0,195,2875
17:33:27.506 -> 79,1,127,3510
17:33:27.506 -> 79,2,56,12267
17:33:27.506 -> 80,0,193,3166
17:33:27.506 -> 80,1,127,3601
17:33:27.506 -> 80,2,57,11595
17:33:27.539 -> 81,0,192,3459
17:33:27.539 -> 81,1,128,3910
17:33:27.539 -> 81,2,57,10817
17:33:27.539 -> 82,0,190,3892
17:33:27.539 -> 82,1,128,5262
17:33:27.539 -> 82,2,58,10633
17:33:27.539 -> 83,0,188,4300
17:33:27.539 -> 83,1,119,11540
17:33:27.539 -> 83,2,55,11107
17:33:27.573 -> 84,0,186,4762
17:33:27.573 -> 84,1,78,4301
17:33:27.573 -> 84,2,49,9596
17:33:27.573 -> 85,0,185,5194
17:33:27.573 -> 85,1,56,4084
17:33:27.573 -> 85,2,58,9028
17:33:27.573 -> 86,0,183,5889
17:33:27.573 -> 86,1,56,5090
17:33:27.573 -> 86,2,61,9190
17:33:27.573 -> 87,0,181,6362
17:33:27.606 -> 87,1,55,5264
17:33:27.606 -> 87,2,62,8814
17:33:27.606 -> 88,0,179,6826
17:33:27.606 -> 88,1,55,5455
17:33:27.606 -> 88,2,63,8457
17:33:27.606 -> 89,0,177,7220
17:33:27.606 -> 89,1,55,5590
17:33:27.606 -> 89,2,64,8263
17:33:27.606 -> 90,0,176,7741
17:33:27.606 -> 90,1,55,5769
17:33:27.606 -> 90,2,66,8219
17:33:27.639 -> 91,0,174,8263
17:33:27.639 -> 91,1,55,5991
17:33:27.639 -> 91,2,67,8782
17:33:27.639 -> 92,0,173,8818
17:33:27.639 -> 92,1,55,5551
17:33:27.639 -> 92,2,67,8307
17:33:27.639 -> 93,0,172,9267
17:33:27.639 -> 93,1,55,4398
17:33:27.639 -> 93,2,65,7530
17:33:27.673 -> 94,0,170,9891
17:33:27.673 -> 94,1,54,4291
17:33:27.673 -> 94,2,64,7432
17:33:27.673 -> 95,0,169,10359
17:33:27.673 -> 95,1,53,5888
17:33:27.673 -> 95,2,62,7018
17:33:27.673 -> 96,0,168,11167
17:33:27.673 -> 96,1,53,7900
17:33:27.673 -> 96,2,61,6194
17:33:27.706 -> 97,0,167,11887
17:33:27.706 -> 97,1,53,7532
17:33:27.706 -> 97,2,59,7224
17:33:27.706 -> 98,0,166,12430
17:33:27.706 -> 98,1,54,4879
17:33:27.706 -> 98,2,58,8501
17:33:27.706 -> 99,0,165,12843
17:33:27.706 -> 99,1,75,8227
17:33:27.706 -> 99,2,56,9013
17:33:27.706 -> 100,0,164,13495
17:33:27.706 -> 100,1,147,8308
17:33:27.739 -> 100,2,60,6334
17:33:27.739 -> 101,0,164,14099
17:33:27.739 -> 101,1,163,8421
17:33:27.739 -> 101,2,81,4872
17:33:27.739 -> 102,0,163,14719
17:33:27.739 -> 102,1,167,8404
17:33:27.739 -> 102,2,90,4831
17:33:27.739 -> 103,0,163,15305
17:33:27.739 -> 103,1,169,8529
17:33:27.739 -> 103,2,94,4527
17:33:27.773 -> 104,0,162,16251
17:33:27.773 -> 104,1,172,9115
17:33:27.773 -> 104,2,96,4262
17:33:27.773 -> 105,0,161,17125
17:33:27.773 -> 105,1,173,8225
17:33:27.773 -> 105,2,99,3922
17:33:27.773 -> 106,0,161,7194
17:33:27.773 -> 106,1,169,5772
17:33:27.773 -> 106,2,102,3637
17:33:27.773 -> 107,0,162,3313
17:33:27.806 -> 107,1,163,4868
17:33:27.806 -> 107,2,105,3331
17:33:27.806 -> 108,0,162,3081
17:33:27.806 -> 108,1,155,5213
17:33:27.806 -> 108,2,109,3084
17:33:27.806 -> 109,0,161,3115
17:33:27.806 -> 109,1,146,6229
17:33:27.806 -> 109,2,113,2771
17:33:27.806 -> 110,0,161,3188
17:33:27.806 -> 110,1,146,8610
17:33:27.806 -> 110,2,117,2516
17:33:27.839 -> 111,0,161,3329
17:33:27.839 -> 111,1,143,9833
17:33:27.839 -> 111,2,122,2264
17:33:27.839 -> 112,0,160,2827
17:33:27.839 -> 112,1,138,11074
17:33:27.839 -> 112,2,127,2020
17:33:27.839 -> 113,0,139,2551
17:33:27.839 -> 113,1,134,12639
17:33:27.839 -> 113,2,134,10320
17:33:27.872 -> 114,0,116,2356
17:33:27.872 -> 114,1,130,14597
17:33:27.872 -> 114,2,141,11191
17:33:27.872 -> 115,0,115,8802
17:33:27.872 -> 115,1,126,15975
17:33:27.872 -> 115,2,148,10056
17:33:27.872 -> 116,0,118,10818
17:33:27.872 -> 116,1,123,14197
17:33:27.872 -> 116,2,155,8826
17:33:27.905 -> 117,0,119,11055
17:33:27.905 -> 117,1,118,1709
17:33:27.905 -> 117,2,164,7483
17:33:27.905 -> 118,0,119,11280
17:33:27.905 -> 118,1,65,2140
17:33:27.905 -> 118,2,173,6404
17:33:27.905 -> 119,0,119,10987
17:33:27.905 -> 119,1,46,5427
17:33:27.905 -> 119,2,183,5513
17:33:27.905 -> 120,0,118,10799
17:33:27.905 -> 120,1,43,4142
17:33:27.938 -> 120,2,194,6011
