17:35:45.559 -> 0,0,132,6417
17:35:45.559 -> 0,1,88,4319
17:35:45.559 -> 0,2,244,8988
17:35:45.559 -> 1,0,0,0,189,3513
17:35:46.085 -> 0,1,131,1540
17:35:46.085 -> 0,2,54,17366
17:35:46.085 -> 1,0,189,3521
17:35:46.085 -> 1,1,131,1539
17:35:46.085 -> 1,2,54,17362
17:35:46.118 -> 2,0,189,3526
17:35:46.118 -> 2,1,130,1538
17:35:46.118 -> 2,2,54,17369
17:35:46.118 -> 3,0,190,3406
17:35:46.118 -> 3,1,131,1537
17:35:46.118 -> 3,2,54,17372
17:35:46.118 -> 4,0,196,2818
17:35:46.118 -> 4,1,130,1551
17:35:46.118 -> 4,2,54,17372
17:35:46.118 -> 5,0,204,2874
17:35:46.118 -> 5,1,131,1545
17:35:46.152 -> 5,2,54,17374
17:35:46.152 -> 6,0,203,2674
17:35:46.152 -> 6,1,131,1540
17:35:46.152 -> 6,2,54,17388
17:35:46.152 -> 7,0,206,1586
17:35:46.152 -> 7,1,131,1538
17:35:46.152 -> 7,2,54,17388
17:35:46.152 -> 8,0,211,1519
17:35:46.152 -> 8,1,130,1539
17:35:46.152 -> 8,2,54,17390
17:35:46.185 -> 9,0,217,1541
17:35:46.185 -> 9,1,130,1544
17:35:46.185 -> 9,2,54,17388
17:35:46.185 -> 10,0,219,1568
17:35:46.185 -> 10,1,130,1554
17:35:46.185 -> 10,2,54,17387
17:35:46.185 -> 11,0,219,1580
17:35:46.185 -> 11,1,130,1604
17:35:46.185 -> 11,2,54,17395
17:35:46.218 -> 12,0,218,1570
17:35:46.218 -> 12,1,127,1625
17:35:46.218 -> 12,2,54,17391
17:35:46.218 -> 13,0,218,1560
17:35:46.218 -> 13,1,128,1986
17:35:46.218 -> 13,2,54,17396
17:35:46.218 -> 14,0,217,1526
17:35:46.218 -> 14,1,113,2229
17:35:46.218 -> 14,2,56,3877
17:35:46.251 -> 15,0,217,1527
17:35:46.251 -> 15,1,114,2231
17:35:46.251 -> 15,2,59,3404
17:35:46.251 -> 16,0,217,1531
17:35:46.251 -> 16,1,114,2219
17:35:46.251 -> 16,2,62,2866
17:35:46.251 -> 17,0,218,1541
17:35:46.251 -> 17,1,114,2194
17:35:46.251 -> 17,2,66,2418
17:35:46.251 -> 18,0,218,1546
17:35:46.251 -> 18,1,114,2150
17:35:46.285 -> 18,2,71,5050
17:35:46.285 -> 19,0,218,1608
17:35:46.285 -> 19,1,116,2074
17:35:46.285 -> 19,2,71,2963
17:35:46.285 -> 20,0,216,1842
17:35:46.285 -> 20,1,117,2030
17:35:46.285 -> 20,2,70,3171
17:35:46.285 -> 21,0,215,1840
17:35:46.285 -> 21,1,119,2004
17:35:46.285 -> 21,2,72,5056
17:35:46.318 -> 22,0,214,1871
17:35:46.318 -> 22,1,120,2011
17:35:46.318 -> 22,2,72,7309
17:35:46.318 -> 23,0,215,1894
17:35:46.318 -> 23,1,121,2022
17:35:46.318 -> 23,2,71,8274
17:35:46.318 -> 24,0,214,1905
17:35:46.318 -> 24,1,122,1980
17:35:46.318 -> 24,2,69,9115
17:35:46.351 -> 25,0,214,1877
17:35:46.351 -> 25,1,124,1938
17:35:46.351 -> 25,2,67,9707
17:35:46.351 -> 26,0,212,1878
17:35:46.351 -> 26,1,124,1923
17:35:46.351 -> 26,2,66,10158
17:35:46.351 -> 27,0,211,1912
17:35:46.351 -> 27,1,125,1913
17:35:46.351 -> 27,2,65,10739
17:35:46.351 -> 28,0,210,1948
17:35:46.351 -> 28,1,126,1937
17:35:46.351 -> 28,2,64,11435
17:35:46.384 -> 29,0,210,1959
17:35:46.384 -> 29,1,127,1978
17:35:46.384 -> 29,2,63,11908
17:35:46.384 -> 30,0,209,1941
17:35:46.384 -> 30,1,128,2042
17:35:46.384 -> 30,2,62,12470
17:35:46.384 -> 31,0,207,1916
17:35:46.384 -> 31,1,130,2048
17:35:46.384 -> 31,2,61,12919
17:35:46.418 -> 32,0,205,1882
17:35:46.418 -> 32,1,128,1763
17:35:46.418 -> 32,2,60,13429
17:35:46.418 -> 33,0,203,1846
17:35:46.418 -> 33,1,126,1549
17:35:46.418 -> 33,2,60,13690
17:35:46.418 -> 34,0,203,1829
17:35:46.418 -> 34,1,127,1594
17:35:46.418 -> 34,2,59,14142
17:35:46.418 -> 35,0,201,1820
17:35:46.451 -> 35,1,131,1590
17:35:46.451 -> 35,2,58,14400
17:35:46.451 -> 36,0,200,1824
17:35:46.451 -> 36,1,131,1513
17:35:46.451 -> 36,2,58,14854
17:35:46.451 -> 37,0,201,1840
17:35:46.451 -> 37,1,126,1410
17:35:46.451 -> 37,2,57,15114
17:35:46.451 -> 38,0,193,2902
17:35:46.451 -> 38,1,129,1486
17:35:46.451 -> 38,2,57,15420
17:35:46.484 -> 39,0,188,3192
17:35:46.484 -> 39,1,138,1592
17:35:46.484 -> 39,2,56,15612
17:35:46.484 -> 40,0,194,2055
17:35:46.484 -> 40,1,145,1509
17:35:46.484 -> 40,2,56,15950
17:35:46.484 -> 41,0,200,1725
17:35:46.484 -> 41,1,149,1421
17:35:46.484 -> 41,2,55,16164
17:35:46.517 -> 42,0,202,1759
17:35:46.517 -> 42,1,150,1371
17:35:46.517 -> 42,2,55,16569
17:35:46.517 -> 43,0,202,1773
17:35:46.517 -> 43,1,152,1318
17:35:46.517 -> 43,2,55,16782
17:35:46.517 -> 44,0,202,1756
17:35:46.517 -> 44,1,151,1231
17:35:46.517 -> 44,2,54,17059
17:35:46.550 -> 45,0,204,1717
17:35:46.550 -> 45,1,153,1223
17:35:46.550 -> 45,2,54,17240
17:35:46.550 -> 46,0,206,1684
17:35:46.550 -> 46,1,162,1310
17:35:46.550 -> 46,2,54,17409
17:35:46.550 -> 47,0,204,1661
17:35:46.550 -> 47,1,167,1371
17:35:46.550 -> 47,2,53,17502
17:35:46.550 -> 48,0,204,1629
17:35:46.550 -> 48,1,169,1399
17:35:46.584 -> 48,2,53,17622
17:35:46.584 -> 49,0,203,1597
17:35:46.584 -> 49,1,168,1374
17:35:46.584 -> 49,2,53,16533
17:35:46.584 -> 50,0,203,1564
17:35:46.584 -> 50,1,165,1329
17:35:46.584 -> 50,2,50,6345
17:35:46.584 -> 51,0,202,1556
17:35:46.584 -> 51,1,165,1308
17:35:46.584 -> 51,2,50,5362
17:35:46.617 -> 52,0,203,1551
17:35:46.617 -> 52,1,162,1214
17:35:46.617 -> 52,2,50,5313
17:35:46.617 -> 53,0,205,1566
17:35:46.617 -> 53,1,161,1142
17:35:46.617 -> 53,2,50,5336
17:35:46.617 -> 54,0,208,1570
17:35:46.617 -> 54,1,165,1288
17:35:46.617 -> 54,2,49,5343
17:35:46.650 -> 55,0,206,1487
17:35:46.650 -> 55,1,179,2210
17:35:46.650 -> 55,2,49,5367
17:35:46.650 -> 56,0,196,1367
17:35:46.650 -> 56,1,185,3213
17:35:46.650 -> 56,2,49,5398
17:35:46.650 -> 57,0,193,1281
17:35:46.650 -> 57,1,182,4391
17:35:46.650 -> 57,2,49,5387
17:35:46.683 -> 58,0,191,1252
17:35:46.683 -> 58,1,91,8867
17:35:46.683 -> 58,2,49,5412
17:35:46.683 -> 59,0,191,1254
17:35:46.683 -> 59,1,67,3673
17:35:46.683 -> 59,2,49,5372
17:35:46.683 -> 60,0,189,1281
17:35:46.683 -> 60,1,66,2711
17:35:46.683 -> 60,2,49,5350
17:35:46.683 -> 61,0,189,1273
17:35:46.683 -> 61,1,131,2399
17:35:46.683 -> 61,2,50,5325
17:35:46.716 -> 62,0,192,1267
17:35:46.716 -> 62,1,146,2896
17:35:46.716 -> 62,2,50,5286
17:35:46.716 -> 63,0,128,8772
17:35:46.716 -> 63,1,146,2083
17:35:46.716 -> 63,2,50,5254
17:35:46.716 -> 64,0,77,6454
17:35:46.716 -> 64,1,145,1791
17:35:46.716 -> 64,2,50,5224
17:35:46.750 -> 65,0,73,8974
17:35:46.750 -> 65,1,143,1781
17:35:46.750 -> 65,2,50,5175
17:35:46.750 -> 66,0,73,5142
17:35:46.750 -> 66,1,143,1823
17:35:46.750 -> 66,2,51,5166
17:35:46.750 -> 67,0,87,5192
17:35:46.750 -> 67,1,141,1875
17:35:46.750 -> 67,2,51,5094
17:35:46.750 -> 68,0,187,1670
17:35:46.750 -> 68,1,140,1939
17:35:46.783 -> 68,2,51,5033
17:35:46.783 -> 69,0,199,1889
17:35:46.783 -> 69,1,140,2311
17:35:46.783 -> 69,2,52,5016
17:35:46.783 -> 70,0,199,2083
17:35:46.783 -> 70,1,135,1811
17:35:46.783 -> 70,2,52,4835
17:35:46.783 -> 71,0,197,2306
17:35:46.783 -> 71,1,109,10196
17:35:46.783 -> 71,2,51,3082
17:35:46.816 -> 72,0,196,2621
17:35:46.816 -> 72,1,99,13430
17:35:46.816 -> 72,2,48,6331
17:35:46.816 -> 73,0,195,2908
17:35:46.816 -> 73,1,103,6257
17:35:46.816 -> 73,2,45,7520
17:35:46.816 -> 74,0,194,3200
17:35:46.816 -> 74,1,125,2485
17:35:46.816 -> 74,2,42,8502
17:35:46.849 -> 75,0,192,3537
17:35:46.849 -> 75,1,128,2643
17:35:46.849 -> 75,2,40,10454
17:35:46.849 -> 76,0,190,4016
17:35:46.849 -> 76,1,128,2757
17:35:46.849 -> 76,2,38,13535
17:35:46.849 -> 77,0,188,4419
17:35:46.849 -> 77,1,128,2811
17:35:46.849 -> 77,2,46,12320
17:35:46.849 -> 78,0,186,4848
17:35:46.882 -> 78,1,128,2956
17:35:46.882 -> 78,2,55,12582
17:35:46.882 -> 79,0,184,5332
17:35:46.882 -> 79,1,128,3283
17:35:46.882 -> 79,2,55,12291
17:35:46.882 -> 80,0,182,5997
17:35:46.882 -> 80,1,127,3632
17:35:46.882 -> 80,2,56,11591
17:35:46.882 -> 81,0,181,6436
17:35:46.882 -> 81,1,124,3654
17:35:46.882 -> 81,2,57,10853
17:35:46.915 -> 82,0,179,6869
17:35:46.915 -> 82,1,105,8522
17:35:46.915 -> 82,2,58,10597
17:35:46.915 -> 83,0,177,7258
17:35:46.915 -> 83,1,60,9443
17:35:46.915 -> 83,2,55,11085
17:35:46.915 -> 84,0,175,7771
17:35:46.915 -> 84,1,56,5004
17:35:46.915 -> 84,2,48,9613
17:35:46.949 -> 85,0,174,8336
17:35:46.949 -> 85,1,51,7560
17:35:46.949 -> 85,2,57,8971
17:35:46.949 -> 86,0,173,8842
17:35:46.949 -> 86,1,51,7403
17:35:46.949 -> 86,2,61,9203
17:35:46.949 -> 87,0,172,9274
17:35:46.949 -> 87,1,52,5159
17:35:46.949 -> 87,2,62,8865
17:35:46.982 -> 88,0,170,9880
17:35:46.982 -> 88,1,56,4350
17:35:46.982 -> 88,2,63,8497
17:35:46.982 -> 89,0,169,10307
17:35:46.982 -> 89,1,59,4853
17:35:46.982 -> 89,2,64,8301
17:35:46.982 -> 90,0,168,11137
17:35:46.982 -> 90,1,59,5025
17:35:46.982 -> 90,2,65,8197
17:35:46.982 -> 91,0,167,11871
17:35:46.982 -> 91,1,59,5108
17:35:47.015 -> 91,2,67,8742
17:35:47.015 -> 92,0,166,12339
17:35:47.015 -> 92,1,59,5180
17:35:47.015 -> 92,2,66,8257
17:35:47.015 -> 93,0,165,12728
17:35:47.015 -> 93,1,58,5240
17:35:47.015 -> 93,2,65,7531
17:35:47.015 -> 94,0,164,13461
17:35:47.015 -> 94,1,58,4904
17:35:47.015 -> 94,2,63,7444
17:35:47.048 -> 95,0,164,14061
17:35:47.048 -> 95,1,59,4014
17:35:47.048 -> 95,2,62,7041
17:35:47.048 -> 96,0,163,14673
17:35:47.048 -> 96,1,59,2932
17:35:47.048 -> 96,2,60,6232
17:35:47.048 -> 97,0,163,15382
17:35:47.048 -> 97,1,59,2697
17:35:47.048 -> 97,2,59,7055
17:35:47.048 -> 98,0,162,16354
17:35:47.082 -> 98,1,106,7899
17:35:47.082 -> 98,2,57,8333
17:35:47.082 -> 99,0,162,17257
17:35:47.082 -> 99,1,156,8853
17:35:47.082 -> 99,2,56,9110
17:35:47.082 -> 100,0,162,5603
17:35:47.082 -> 100,1,161,8558
17:35:47.082 -> 100,2,58,6900
17:35:47.082 -> 101,0,163,2690
17:35:47.082 -> 101,1,164,8294
17:35:47.082 -> 101,2,77,5121
17:35:47.115 -> 102,0,162,2815
17:35:47.115 -> 102,1,167,8263
17:35:47.115 -> 102,2,90,4889
17:35:47.115 -> 103,0,162,2868
17:35:47.115 -> 103,1,168,8304
17:35:47.115 -> 103,2,93,4551
17:35:47.115 -> 104,0,162,2966
17:35:47.115 -> 104,1,171,8741
17:35:47.115 -> 104,2,95,4281
17:35:47.148 -> 105,0,162,3083
17:35:47.148 -> 105,1,173,8759
17:35:47.148 -> 105,2,99,3937
17:35:47.148 -> 106,0,158,2407
17:35:47.148 -> 106,1,172,6972
17:35:47.148 -> 106,2,101,3661
17:35:47.148 -> 107,0,132,2260
17:35:47.148 -> 107,1,166,4829
17:35:47.148 -> 107,2,105,3366
17:35:47.181 -> 108,0,115,4472
17:35:47.181 -> 108,1,159,4935
17:35:47.181 -> 108,2,108,3129
17:35:47.181 -> 109,0,116,11235
17:35:47.181 -> 109,1,148,5678
17:35:47.181 -> 109,2,112,2836
17:35:47.181 -> 110,0,119,10937
17:35:47.181 -> 110,1,146,7602
17:35:47.181 -> 110,2,116,2588
17:35:47.181 -> 111,0,119,10746
17:35:47.181 -> 111,1,144,9403
17:35:47.214 -> 111,2,121,2317
17:35:47.214 -> 112,0,119,11029
17:35:47.214 -> 112,1,140,10296
17:35:47.214 -> 112,2,125,2081
17:35:47.214 -> 113,0,119,10639
17:35:47.214 -> 113,1,135,11767
17:35:47.214 -> 113,2,133,9394
17:35:47.214 -> 114,0,119,10385
17:35:47.214 -> 114,1,132,13425
17:35:47.214 -> 114,2,139,11118
17:35:47.248 -> 115,0,119,9785
17:35:47.248 -> 115,1,128,15211
17:35:47.248 -> 115,2,147,10239
17:35:47.248 -> 116,0,119,9522
17:35:47.248 -> 116,1,124,16501
17:35:47.248 -> 116,2,154,9036
17:35:47.248 -> 117,0,120,9287
17:35:47.248 -> 117,1,121,11230
17:35:47.248 -> 117,2,162,7711
17:35:47.281 -> 118,0,120,9125
17:35:47.281 -> 118,1,94,1229
17:35:47.281 -> 118,2,172,6591
17:35:47.281 -> 119,0,121,8837
17:35:47.281 -> 119,1,54,3981
17:35:47.281 -> 119,2,182,5629
17:35:47.281 -> 120,0,121,8743
17:35:47.281 -> 120,1,45,4216
17:35:47.281 -> 120,2,193,5389
