17:49:41.583 -> 0,0,146,10095
17:49:41.583 -> 0,1,121,12109
17:49:41.583 -> 0,2,89,7924
17:49:41.583 -> 1,0,146,10091
17:49:41.583 -> 1,1,121,12104
17:49:41.583 -> 1,2,89,7934
17:49:41.616 -> 2,0,146,10089
17:49:41.616 -> 2,1,121,12108
17:49:41.616 -> 2,2,89,7931
17:49:41.616 -> 3,0,146,10483
17:49:41.616 -> 3,1,121,12099
17:49:41.616 -> 3,2,89,7927
17:49:41.616 -> 4,0,142,12087
17:49:41.616 -> 4,1,121,12108
17:49:41.616 -> 4,2,89,7929
17:49:41.616 -> 5,0,137,14485
17:49:41.649 -> 5,1,121,12117
17:49:41.649 -> 5,2,89,7930
17:49:41.649 -> 6,0,132,16790
17:49:41.649 -> 6,1,121,12117
17:49:41.649 -> 6,2,89,7931
17:49:41.649 -> 7,0,128,7113
17:49:41.649 -> 7,1,122,12137
17:49:41.649 -> 7,2,89,7931
17:49:41.649 -> 8,0,105,5073
17:49:41.649 -> 8,1,122,12132
17:49:41.649 -> 8,2,89,7928
17:49:41.682 -> 9,0,66,9440
17:49:41.682 -> 9,1,122,12112
17:49:41.682 -> 9,2,89,7923
17:49:41.682 -> 10,0,100,4012
17:49:41.682 -> 10,1,121,12083
17:49:41.682 -> 10,2,89,7927
17:49:41.682 -> 11,0,115,3510
17:49:41.682 -> 11,1,121,12139
17:49:41.682 -> 11,2,89,7922
17:49:41.716 -> 12,0,115,3487
17:49:41.716 -> 12,1,120,12482
17:49:41.716 -> 12,2,89,7929
17:49:41.716 -> 13,0,115,3489
17:49:41.716 -> 13,1,90,11492
17:49:41.716 -> 13,2,89,7932
17:49:41.716 -> 14,0,116,3450
17:49:41.716 -> 14,1,134,2217
17:49:41.716 -> 14,2,114,5458
17:49:41.749 -> 15,0,116,3450
17:49:41.749 -> 15,1,134,2225
17:49:41.749 -> 15,2,120,3928
17:49:41.749 -> 16,0,116,3455
17:49:41.749 -> 16,1,134,2241
17:49:41.749 -> 16,2,100,4342
17:49:41.749 -> 17,0,116,3425
17:49:41.749 -> 17,1,135,2288
17:49:41.749 -> 17,2,128,3551
17:49:41.749 -> 18,0,116,3389
17:49:41.749 -> 18,1,136,2386
17:49:41.782 -> 18,2,169,5427
17:49:41.782 -> 19,0,82,6492
17:49:41.782 -> 19,1,137,2493
17:49:41.782 -> 19,2,175,4439
17:49:41.782 -> 20,0,66,10812
17:49:41.782 -> 20,1,139,2755
17:49:41.782 -> 20,2,142,6835
17:49:41.782 -> 21,0,63,11186
17:49:41.782 -> 21,1,140,3129
17:49:41.782 -> 21,2,82,8156
17:49:41.816 -> 22,0,74,4640
17:49:41.816 -> 22,1,141,3692
17:49:41.816 -> 22,2,110,5071
17:49:41.816 -> 23,0,118,2787
17:49:41.816 -> 23,1,140,4302
17:49:41.816 -> 23,2,175,3760
17:49:41.816 -> 24,0,125,2665
17:49:41.816 -> 24,1,140,4838
17:49:41.816 -> 24,2,72,12148
17:49:41.816 -> 25,0,126,2634
17:49:41.816 -> 25,1,139,5347
17:49:41.849 -> 25,2,64,11221
17:49:41.849 -> 26,0,128,2622
17:49:41.849 -> 26,1,138,5981
17:49:41.849 -> 26,2,68,5475
17:49:41.849 -> 27,0,130,2553
17:49:41.849 -> 27,1,137,6830
17:49:41.849 -> 27,2,68,6210
17:49:41.849 -> 28,0,131,2459
17:49:41.849 -> 28,1,136,7919
17:49:41.849 -> 28,2,66,8384
17:49:41.882 -> 29,0,132,2383
17:49:41.882 -> 29,1,135,8817
17:49:41.882 -> 29,2,64,11671
17:49:41.882 -> 30,0,134,2323
17:49:41.882 -> 30,1,134,9769
17:49:41.882 -> 30,2,64,13587
17:49:41.882 -> 31,0,136,2169
17:49:41.882 -> 31,1,133,10676
17:49:41.882 -> 31,2,64,12948
17:49:41.917 -> 32,0,138,7808
17:49:41.917 -> 32,1,132,11807
17:49:41.917 -> 32,2,70,6517
17:49:41.917 -> 33,0,139,12467
17:49:41.917 -> 33,1,131,12896
17:49:41.917 -> 33,2,167,3313
17:49:41.917 -> 34,0,141,12211
17:49:41.917 -> 34,1,130,14621
17:49:41.917 -> 34,2,189,3305
17:49:41.917 -> 35,0,143,11208
17:49:41.949 -> 35,1,129,15783
17:49:41.949 -> 35,2,190,3140
17:49:41.949 -> 36,0,145,10325
17:49:41.949 -> 36,1,128,16919
17:49:41.949 -> 36,2,167,3662
17:49:41.949 -> 37,0,148,9490
17:49:41.949 -> 37,1,129,6000
17:49:41.949 -> 37,2,101,6712
17:49:41.949 -> 38,0,150,8507
17:49:41.949 -> 38,1,121,3194
17:49:41.949 -> 38,2,78,11158
17:49:41.982 -> 39,0,154,7157
17:49:41.982 -> 39,1,115,4978
17:49:41.982 -> 39,2,73,12794
17:49:41.982 -> 40,0,156,6258
17:49:41.982 -> 40,1,120,7663
17:49:41.982 -> 40,2,76,7371
17:49:41.982 -> 41,0,159,5558
17:49:41.982 -> 41,1,123,1497
17:49:41.982 -> 41,2,81,6031
17:49:42.015 -> 42,0,161,4918
17:49:42.015 -> 42,1,124,10256
17:49:42.015 -> 42,2,81,7446
17:49:42.015 -> 43,0,165,4212
17:49:42.015 -> 43,1,125,1979
17:49:42.015 -> 43,2,80,7950
17:49:42.015 -> 44,0,167,3596
17:49:42.015 -> 44,1,121,11385
17:49:42.015 -> 44,2,83,4212
17:49:42.048 -> 45,0,170,2909
17:49:42.048 -> 45,1,125,2207
17:49:42.048 -> 45,2,120,4690
17:49:42.048 -> 46,0,172,2387
17:49:42.048 -> 46,1,118,13964
17:49:42.048 -> 46,2,169,4607
17:49:42.048 -> 47,0,173,2062
17:49:42.048 -> 47,1,122,2487
17:49:42.048 -> 47,2,175,4599
17:49:42.048 -> 48,0,176,1900
17:49:42.048 -> 48,1,129,2131
17:49:42.048 -> 48,2,176,4398
17:49:42.081 -> 49,0,176,1796
17:49:42.081 -> 49,1,129,2221
17:49:42.081 -> 49,2,175,4080
17:49:42.081 -> 50,0,176,1818
17:49:42.081 -> 50,1,128,2292
17:49:42.081 -> 50,2,175,4039
17:49:42.081 -> 51,0,176,1960
17:49:42.081 -> 51,1,127,7711
17:49:42.081 -> 51,2,176,5071
17:49:42.115 -> 52,0,175,1921
17:49:42.115 -> 52,1,116,6810
17:49:42.115 -> 52,2,175,6166
17:49:42.115 -> 53,0,173,1657
17:49:42.115 -> 53,1,87,3862
17:49:42.115 -> 53,2,172,6167
17:49:42.115 -> 54,0,171,1511
17:49:42.115 -> 54,1,79,8387
17:49:42.115 -> 54,2,167,6157
17:49:42.115 -> 55,0,171,1542
17:49:42.148 -> 55,1,80,10837
17:49:42.148 -> 55,2,163,6318
17:49:42.148 -> 56,0,177,1612
17:49:42.148 -> 56,1,112,12112
17:49:42.148 -> 56,2,157,6670
17:49:42.148 -> 57,0,181,1719
17:49:42.148 -> 57,1,119,12721
17:49:42.148 -> 57,2,152,7135
17:49:42.148 -> 58,0,176,2689
17:49:42.148 -> 58,1,120,12475
17:49:42.148 -> 58,2,102,12242
17:49:42.181 -> 59,0,170,4693
17:49:42.181 -> 59,1,121,12153
17:49:42.181 -> 59,2,75,6282
17:49:42.181 -> 60,0,170,4083
17:49:42.181 -> 60,1,121,11956
17:49:42.181 -> 60,2,72,4732
17:49:42.181 -> 61,0,178,2164
17:49:42.181 -> 61,1,122,11294
17:49:42.181 -> 61,2,91,3121
17:49:42.214 -> 62,0,186,1766
17:49:42.214 -> 62,1,123,10786
17:49:42.214 -> 62,2,128,2976
17:49:42.214 -> 63,0,190,1762
17:49:42.214 -> 63,1,124,10517
17:49:42.214 -> 63,2,131,3451
17:49:42.214 -> 64,0,190,1807
17:49:42.214 -> 64,1,124,10430
17:49:42.214 -> 64,2,120,4132
17:49:42.247 -> 65,0,191,1855
17:49:42.247 -> 65,1,125,10510
17:49:42.247 -> 65,2,116,4283
17:49:42.247 -> 66,0,191,1885
17:49:42.247 -> 66,1,126,10593
17:49:42.247 -> 66,2,119,4973
17:49:42.247 -> 67,0,192,1920
17:49:42.247 -> 67,1,128,10263
17:49:42.247 -> 67,2,113,5000
17:49:42.247 -> 68,0,191,1919
17:49:42.247 -> 68,1,128,9668
17:49:42.281 -> 68,2,113,5200
17:49:42.281 -> 69,0,190,1943
17:49:42.281 -> 69,1,129,9132
17:49:42.281 -> 69,2,116,6155
17:49:42.281 -> 70,0,192,2026
17:49:42.281 -> 70,1,131,8794
17:49:42.281 -> 70,2,115,6689
17:49:42.281 -> 71,0,194,2108
17:49:42.281 -> 71,1,132,8445
17:49:42.281 -> 71,2,113,6821
17:49:42.314 -> 72,0,195,2193
17:49:42.314 -> 72,1,133,8268
17:49:42.314 -> 72,2,108,5453
17:49:42.314 -> 73,0,197,2286
17:49:42.314 -> 73,1,134,8117
17:49:42.314 -> 73,2,105,4218
17:49:42.314 -> 74,0,197,2408
17:49:42.314 -> 74,1,135,8029
17:49:42.314 -> 74,2,107,7667
17:49:42.347 -> 75,0,198,2556
17:49:42.347 -> 75,1,135,7822
17:49:42.347 -> 75,2,107,9910
17:49:42.347 -> 76,0,198,2641
17:49:42.347 -> 76,1,136,7679
17:49:42.347 -> 76,2,105,10386
17:49:42.347 -> 77,0,200,2685
17:49:42.347 -> 77,1,139,7609
17:49:42.347 -> 77,2,104,10846
17:49:42.347 -> 78,0,201,2767
17:49:42.380 -> 78,1,139,7346
17:49:42.380 -> 78,2,103,11291
17:49:42.380 -> 79,0,202,2870
17:49:42.380 -> 79,1,141,7070
17:49:42.380 -> 79,2,102,11812
17:49:42.380 -> 80,0,202,2906
17:49:42.380 -> 80,1,142,7154
17:49:42.380 -> 80,2,101,12230
17:49:42.380 -> 81,0,203,2937
17:49:42.380 -> 81,1,145,6861
17:49:42.380 -> 81,2,100,12620
17:49:42.414 -> 82,0,205,2926
17:49:42.414 -> 82,1,148,7165
17:49:42.414 -> 82,2,99,13083
17:49:42.414 -> 83,0,205,2929
17:49:42.414 -> 83,1,151,6806
17:49:42.414 -> 83,2,98,13446
17:49:42.414 -> 84,0,206,2903
17:49:42.414 -> 84,1,139,9459
17:49:42.414 -> 84,2,97,13802
17:49:42.447 -> 85,0,207,2931
17:49:42.447 -> 85,1,108,13007
17:49:42.447 -> 85,2,96,14221
17:49:42.447 -> 86,0,207,2913
17:49:42.447 -> 86,1,125,7635
17:49:42.447 -> 86,2,96,14519
17:49:42.447 -> 87,0,190,5561
17:49:42.447 -> 87,1,147,4890
17:49:42.447 -> 87,2,95,14936
17:49:42.447 -> 88,0,165,9443
17:49:42.447 -> 88,1,147,5835
17:49:42.447 -> 88,2,94,15313
17:49:42.480 -> 89,0,171,5596
17:49:42.480 -> 89,1,150,5811
17:49:42.480 -> 89,2,94,15498
17:49:42.480 -> 90,0,201,2913
17:49:42.480 -> 90,1,151,6204
17:49:42.480 -> 90,2,93,15678
17:49:42.480 -> 91,0,210,2664
17:49:42.480 -> 91,1,144,6538
17:49:42.480 -> 91,2,93,15929
17:49:42.513 -> 92,0,213,2744
17:49:42.513 -> 92,1,146,5935
17:49:42.513 -> 92,2,93,16070
17:49:42.513 -> 93,0,214,2800
17:49:42.513 -> 93,1,138,7549
17:49:42.513 -> 93,2,92,16166
17:49:42.513 -> 94,0,215,2797
17:49:42.513 -> 94,1,145,4400
17:49:42.513 -> 94,2,92,16313
17:49:42.546 -> 95,0,216,2816
17:49:42.546 -> 95,1,151,1590
17:49:42.546 -> 95,2,91,16472
17:49:42.546 -> 96,0,217,2790
17:49:42.546 -> 96,1,130,1508
17:49:42.546 -> 96,2,91,16615
17:49:42.546 -> 97,0,218,2838
17:49:42.546 -> 97,1,127,1984
17:49:42.546 -> 97,2,91,16785
17:49:42.546 -> 98,0,222,2933
17:49:42.580 -> 98,1,125,1623
17:49:42.580 -> 98,2,91,16769
17:49:42.580 -> 99,0,224,2935
17:49:42.580 -> 99,1,122,1218
17:49:42.580 -> 99,2,91,16891
17:49:42.580 -> 100,0,225,2835
17:49:42.580 -> 100,1,122,1203
17:49:42.580 -> 100,2,90,17063
17:49:42.580 -> 101,0,226,2772
17:49:42.580 -> 101,1,119,1339
17:49:42.580 -> 101,2,90,17106
17:49:42.613 -> 102,0,228,2730
17:49:42.613 -> 102,1,120,1317
17:49:42.613 -> 102,2,90,17172
17:49:42.613 -> 103,0,230,2695
17:49:42.613 -> 103,1,123,1407
17:49:42.613 -> 103,2,90,17206
17:49:42.613 -> 104,0,233,2655
17:49:42.613 -> 104,1,123,1564
17:49:42.613 -> 104,2,90,17241
17:49:42.647 -> 105,0,237,2631
17:49:42.647 -> 105,1,114,2646
17:49:42.647 -> 105,2,90,17271
17:49:42.647 -> 106,0,243,2591
17:49:42.647 -> 106,1,115,3427
17:49:42.647 -> 106,2,90,17285
17:49:42.647 -> 107,0,249,2642
17:49:42.647 -> 107,1,141,3361
17:49:42.647 -> 107,2,91,17310
17:49:42.647 -> 108,0,251,2342
17:49:42.647 -> 108,1,169,1654
17:49:42.647 -> 108,2,91,17419
17:49:42.680 -> 109,0,247,1699
17:49:42.680 -> 109,1,181,588
17:49:42.680 -> 109,2,90,12210
17:49:42.680 -> 110,0,238,1532
17:49:42.680 -> 110,1,195,1266
17:49:42.680 -> 110,2,80,10453
17:49:42.680 -> 111,0,233,1658
17:49:42.680 -> 111,1,201,3093
17:49:42.680 -> 111,2,81,13142
17:49:42.713 -> 112,0,228,1887
17:49:42.713 -> 112,1,201,4532
17:49:42.713 -> 112,2,87,14069
17:49:42.713 -> 113,0,224,2187
17:49:42.713 -> 113,1,199,7074
17:49:42.713 -> 113,2,89,14066
17:49:42.713 -> 114,0,219,2522
17:49:42.713 -> 114,1,198,8913
17:49:42.713 -> 114,2,87,13342
17:49:42.747 -> 115,0,214,3043
17:49:42.747 -> 115,1,197,9108
17:49:42.747 -> 115,2,87,13591
17:49:42.747 -> 116,0,210,3476
17:49:42.747 -> 116,1,196,9184
17:49:42.747 -> 116,2,90,13210
17:49:42.747 -> 117,0,203,4649
17:49:42.747 -> 117,1,195,9161
17:49:42.747 -> 117,2,90,12960
17:49:42.747 -> 118,0,82,8358
17:49:42.747 -> 118,1,194,9302
17:49:42.780 -> 118,2,91,12641
17:49:42.780 -> 119,0,41,9889
17:49:42.780 -> 119,1,193,9467
17:49:42.780 -> 119,2,92,12399
17:49:42.780 -> 120,0,37,3575
17:49:42.780 -> 120,1,190,5931
17:49:42.780 -> 120,2,92,12013
