17:47:56.359 -> 0,0,127,12448
17:47:56.359 -> 0,1,128,16982
17:47:56.391 -> 0,2,227,10191
17:47:56.391 -> 1,0,127,12447
17:47:56.391 -> 1,1,128,16963
17:47:56.391 -> 1,2,227,10192
17:47:56.391 -> 2,0,127,12452
17:47:56.391 -> 2,1,128,16948
17:47:56.391 -> 2,2,228,10195
17:47:56.391 -> 3,0,127,12566
17:47:56.391 -> 3,1,128,16947
17:47:56.391 -> 3,2,228,10196
17:47:56.425 -> 4,0,126,13364
17:47:56.425 -> 4,1,128,16919
17:47:56.425 -> 4,2,228,10192
17:47:56.425 -> 5,0,124,14599
17:47:56.425 -> 5,1,128,16934
17:47:56.425 -> 5,2,228,10193
17:47:56.425 -> 6,0,122,9731
17:47:56.425 -> 6,1,128,16937
17:47:56.425 -> 6,2,228,10200
17:47:56.487 -> 7,0,85,8076
17:47:56.487 -> 7,1,128,16932
17:47:56.487 -> 7,2,228,10197
17:47:56.487 -> 8,0,92,4943
17:47:56.487 -> 8,1,128,16932
17:47:56.487 -> 8,2,227,10197
17:47:56.487 -> 9,0,115,5263
17:47:56.487 -> 9,1,128,16936
17:47:56.487 -> 9,2,227,10190
17:47:56.487 -> 10,0,117,5972
17:47:56.487 -> 10,1,128,16927
17:47:56.487 -> 10,2,228,10189
17:47:56.487 -> 11,0,117,7110
17:47:56.487 -> 11,1,128,16500
17:47:56.487 -> 11,2,228,10191
17:47:56.487 -> 12,0,117,5359
17:47:56.487 -> 12,1,132,15203
17:47:56.487 -> 12,2,228,10187
17:47:56.514 -> 13,0,118,4354
17:47:56.514 -> 13,1,108,11920
17:47:56.514 -> 13,2,183,9466
17:47:56.514 -> 14,0,212,3153
17:47:56.514 -> 14,1,182,7736
17:47:56.514 -> 14,2,164,12477
17:47:56.514 -> 15,0,192,7027
17:47:56.514 -> 15,1,185,4928
17:47:56.514 -> 15,2,150,15844
17:47:56.531 -> 16,0,216,4251
17:47:56.531 -> 16,1,176,2148
17:47:56.531 -> 16,2,138,7078
17:47:56.531 -> 17,0,222,4008
17:47:56.531 -> 17,1,186,2367
17:47:56.531 -> 17,2,108,10690
17:47:56.557 -> 18,0,224,4007
17:47:56.557 -> 18,1,144,1575
17:47:56.557 -> 18,2,79,4777
17:47:56.557 -> 19,0,225,3801
17:47:56.557 -> 19,1,138,1534
17:47:56.557 -> 19,2,111,4433
17:47:56.557 -> 20,0,225,3672
17:47:56.557 -> 20,1,134,2346
17:47:56.557 -> 20,2,108,4699
17:47:56.591 -> 21,0,226,3705
17:47:56.591 -> 21,1,125,3298
17:47:56.591 -> 21,2,96,3279
17:47:56.591 -> 22,0,226,3743
17:47:56.591 -> 22,1,121,3337
17:47:56.591 -> 22,2,98,4992
17:47:56.591 -> 23,0,225,3925
17:47:56.591 -> 23,1,113,3954
17:47:56.591 -> 23,2,96,5641
17:47:56.624 -> 24,0,225,4071
17:47:56.624 -> 24,1,108,4463
17:47:56.624 -> 24,2,95,5564
17:47:56.624 -> 25,0,224,4029
17:47:56.624 -> 25,1,103,5050
17:47:56.624 -> 25,2,93,5860
17:47:56.624 -> 26,0,223,4019
17:47:56.624 -> 26,1,98,6075
17:47:56.624 -> 26,2,95,6905
17:47:56.657 -> 27,0,222,4129
17:47:56.657 -> 27,1,95,7255
17:47:56.657 -> 27,2,97,6130
17:47:56.657 -> 28,0,222,4295
17:47:56.657 -> 28,1,94,7529
17:47:56.657 -> 28,2,98,5444
17:47:56.657 -> 29,0,222,4356
17:47:56.657 -> 29,1,94,7584
17:47:56.657 -> 29,2,100,4667
17:47:56.657 -> 30,0,223,4411
17:47:56.690 -> 30,1,96,6709
17:47:56.690 -> 30,2,102,3853
17:47:56.690 -> 31,0,221,4099
17:47:56.690 -> 31,1,98,5852
17:47:56.690 -> 31,2,104,3305
17:47:56.690 -> 32,0,195,7902
17:47:56.690 -> 32,1,102,5114
17:47:56.690 -> 32,2,106,2895
17:47:56.690 -> 33,0,173,9998
17:47:56.690 -> 33,1,104,4877
17:47:56.690 -> 33,2,106,2734
17:47:56.724 -> 34,0,183,5570
17:47:56.724 -> 34,1,106,4659
17:47:56.724 -> 34,2,106,2824
17:47:56.724 -> 35,0,213,3372
17:47:56.724 -> 35,1,107,4637
17:47:56.724 -> 35,2,106,2891
17:47:56.724 -> 36,0,218,3275
17:47:56.724 -> 36,1,108,4395
17:47:56.724 -> 36,2,105,3088
17:47:56.757 -> 37,0,219,3163
17:47:56.757 -> 37,1,110,4249
17:47:56.757 -> 37,2,104,3356
17:47:56.757 -> 38,0,219,3108
17:47:56.757 -> 38,1,112,4006
17:47:56.757 -> 38,2,103,3661
17:47:56.757 -> 39,0,219,3168
17:47:56.757 -> 39,1,114,3799
17:47:56.757 -> 39,2,102,3954
17:47:56.790 -> 40,0,218,3122
17:47:56.790 -> 40,1,117,3537
17:47:56.790 -> 40,2,101,4283
17:47:56.790 -> 41,0,191,5545
17:47:56.790 -> 41,1,119,3394
17:47:56.790 -> 41,2,101,4497
17:47:56.790 -> 42,0,47,12206
17:47:56.790 -> 42,1,121,3190
17:47:56.790 -> 42,2,100,4695
17:47:56.790 -> 43,0,36,3987
17:47:56.790 -> 43,1,123,3137
17:47:56.823 -> 43,2,99,5024
17:47:56.823 -> 44,0,36,5411
17:47:56.823 -> 44,1,125,3019
17:47:56.823 -> 44,2,99,5206
17:47:56.823 -> 45,0,36,5989
17:47:56.823 -> 45,1,125,3687
17:47:56.823 -> 45,2,99,5411
17:47:56.823 -> 46,0,36,5251
17:47:56.823 -> 46,1,124,4502
17:47:56.823 -> 46,2,98,5585
17:47:56.856 -> 47,0,36,3248
17:47:56.856 -> 47,1,124,2682
17:47:56.856 -> 47,2,98,5770
17:47:56.856 -> 48,0,35,5028
17:47:56.856 -> 48,1,127,2214
17:47:56.856 -> 48,2,98,5906
17:47:56.856 -> 49,0,130,2224
17:47:56.856 -> 49,1,140,1642
17:47:56.856 -> 49,2,97,6019
17:47:56.856 -> 50,0,218,2345
17:47:56.856 -> 50,1,140,1475
17:47:56.890 -> 50,2,97,6167
17:47:56.890 -> 51,0,230,2293
17:47:56.890 -> 51,1,138,1527
17:47:56.890 -> 51,2,97,6619
17:47:56.890 -> 52,0,235,2233
17:47:56.890 -> 52,1,141,1541
17:47:56.890 -> 52,2,97,6800
17:47:56.890 -> 53,0,239,2229
17:47:56.890 -> 53,1,137,1638
17:47:56.890 -> 53,2,97,7040
17:47:56.923 -> 54,0,241,2069
17:47:56.923 -> 54,1,127,1475
17:47:56.923 -> 54,2,97,7294
17:47:56.923 -> 55,0,234,1520
17:47:56.923 -> 55,1,122,1450
17:47:56.923 -> 55,2,95,7067
17:47:56.923 -> 56,0,226,1192
17:47:56.923 -> 56,1,138,1460
17:47:56.923 -> 56,2,90,6011
17:47:56.956 -> 57,0,217,1167
17:47:56.956 -> 57,1,172,1845
17:47:56.956 -> 57,2,92,5672
17:47:56.956 -> 58,0,212,1231
17:47:56.956 -> 58,1,186,2413
17:47:56.956 -> 58,2,94,5799
17:47:56.956 -> 59,0,207,1391
17:47:56.956 -> 59,1,188,2670
17:47:56.956 -> 59,2,92,5468
17:47:56.956 -> 60,0,204,1533
17:47:56.989 -> 60,1,186,2544
17:47:56.989 -> 60,2,92,5424
17:47:56.989 -> 61,0,201,1824
17:47:56.989 -> 61,1,180,1906
17:47:56.989 -> 61,2,95,5785
17:47:56.989 -> 62,0,198,2079
17:47:56.989 -> 62,1,176,1680
17:47:56.989 -> 62,2,95,5506
17:47:56.989 -> 63,0,194,2402
17:47:56.989 -> 63,1,173,1514
17:47:56.989 -> 63,2,95,5742
17:47:57.023 -> 64,0,190,2749
17:47:57.023 -> 64,1,173,1816
17:47:57.023 -> 64,2,96,5825
17:47:57.023 -> 65,0,186,3247
17:47:57.023 -> 65,1,184,4376
17:47:57.023 -> 65,2,96,5670
17:47:57.023 -> 66,0,183,3701
17:47:57.023 -> 66,1,186,6387
17:47:57.023 -> 66,2,97,5384
17:47:57.056 -> 67,0,178,4305
17:47:57.056 -> 67,1,186,7069
17:47:57.056 -> 67,2,97,5159
17:47:57.056 -> 68,0,175,4776
17:47:57.056 -> 68,1,185,7460
17:47:57.056 -> 68,2,98,5036
17:47:57.056 -> 69,0,171,5531
17:47:57.056 -> 69,1,184,8036
17:47:57.056 -> 69,2,99,5297
17:47:57.056 -> 70,0,167,6351
17:47:57.056 -> 70,1,183,8676
17:47:57.090 -> 70,2,98,4155
17:47:57.090 -> 71,0,164,7056
17:47:57.090 -> 71,1,182,9181
17:47:57.090 -> 71,2,95,2594
17:47:57.090 -> 72,0,161,7783
17:47:57.090 -> 72,1,180,6827
17:47:57.090 -> 72,2,89,2763
17:47:57.090 -> 73,0,158,9002
17:47:57.090 -> 73,1,166,3607
17:47:57.090 -> 73,2,94,3978
17:47:57.123 -> 74,0,155,9937
17:47:57.123 -> 74,1,152,3313
17:47:57.123 -> 74,2,103,4752
17:47:57.123 -> 75,0,153,10469
17:47:57.123 -> 75,1,151,3424
17:47:57.123 -> 75,2,107,4717
17:47:57.123 -> 76,0,150,10928
17:47:57.123 -> 76,1,152,3211
17:47:57.123 -> 76,2,108,4641
17:47:57.156 -> 77,0,148,11535
17:47:57.156 -> 77,1,151,3214
17:47:57.156 -> 77,2,109,4586
17:47:57.156 -> 78,0,146,12305
17:47:57.156 -> 78,1,151,3551
17:47:57.156 -> 78,2,110,4495
17:47:57.156 -> 79,0,144,13134
17:47:57.156 -> 79,1,151,4307
17:47:57.156 -> 79,2,112,4379
17:47:57.156 -> 80,0,142,13709
17:47:57.189 -> 80,1,151,3722
17:47:57.189 -> 80,2,113,4225
17:47:57.189 -> 81,0,140,14308
17:47:57.189 -> 81,1,151,3104
17:47:57.189 -> 81,2,114,4099
17:47:57.189 -> 82,0,138,15129
17:47:57.189 -> 82,1,150,2233
17:47:57.189 -> 82,2,115,3927
17:47:57.223 -> 83,0,137,15728
17:47:57.223 -> 83,1,147,2119
17:47:57.223 -> 83,2,94,5564
17:47:57.223 -> 84,0,135,15929
17:47:57.223 -> 84,1,144,3300
17:47:57.223 -> 84,2,63,10568
17:47:57.223 -> 85,0,134,16235
17:47:57.223 -> 85,1,143,3031
17:47:57.223 -> 85,2,58,12312
17:47:57.223 -> 86,0,133,16321
17:47:57.223 -> 86,1,107,3826
17:47:57.223 -> 86,2,58,8248
17:47:57.256 -> 87,0,131,16444
17:47:57.256 -> 87,1,68,2193
17:47:57.256 -> 87,2,77,4034
17:47:57.256 -> 88,0,130,16790
17:47:57.256 -> 88,1,71,9696
17:47:57.256 -> 88,2,120,3078
17:47:57.256 -> 89,0,129,17225
17:47:57.256 -> 89,1,98,13213
17:47:57.256 -> 89,2,128,2996
17:47:57.289 -> 90,0,128,14762
17:47:57.289 -> 90,1,113,8804
17:47:57.289 -> 90,2,130,2880
17:47:57.289 -> 91,0,127,2910
17:47:57.289 -> 91,1,126,3187
17:47:57.289 -> 91,2,132,2761
17:47:57.289 -> 92,0,126,2986
17:47:57.289 -> 92,1,143,1870
17:47:57.289 -> 92,2,135,2615
17:47:57.289 -> 93,0,125,3088
17:47:57.289 -> 93,1,146,1792
17:47:57.323 -> 93,2,138,2475
17:47:57.323 -> 94,0,125,3176
17:47:57.323 -> 94,1,147,1386
17:47:57.323 -> 94,2,141,2333
17:47:57.323 -> 95,0,124,3269
17:47:57.323 -> 95,1,156,1886
17:47:57.323 -> 95,2,143,2201
17:47:57.323 -> 96,0,123,3318
17:47:57.323 -> 96,1,184,7475
17:47:57.323 -> 96,2,146,2081
17:47:57.356 -> 97,0,122,3507
17:47:57.356 -> 97,1,188,9817
17:47:57.356 -> 97,2,149,1983
17:47:57.356 -> 98,0,121,3633
17:47:57.356 -> 98,1,190,9707
17:47:57.356 -> 98,2,154,9839
17:47:57.356 -> 99,0,121,3831
17:47:57.356 -> 99,1,192,9239
17:47:57.356 -> 99,2,159,12178
17:47:57.356 -> 100,0,120,3823
17:47:57.356 -> 100,1,193,8686
17:47:57.389 -> 100,2,163,11712
17:47:57.389 -> 101,0,119,3831
17:47:57.389 -> 101,1,170,9384
17:47:57.389 -> 101,2,167,10960
17:47:57.389 -> 102,0,119,3973
17:47:57.389 -> 102,1,92,8049
17:47:57.389 -> 102,2,172,10176
17:47:57.389 -> 103,0,119,4272
17:47:57.389 -> 103,1,66,2266
17:47:57.389 -> 103,2,177,9457
17:47:57.422 -> 104,0,119,4414
17:47:57.422 -> 104,1,70,2130
17:47:57.422 -> 104,2,182,8773
17:47:57.422 -> 105,0,118,4700
17:47:57.422 -> 105,1,69,2213
17:47:57.422 -> 105,2,188,8063
17:47:57.422 -> 106,0,118,4935
17:47:57.422 -> 106,1,69,2446
17:47:57.422 -> 106,2,195,7306
17:47:57.456 -> 107,0,118,5337
17:47:57.456 -> 107,1,69,2701
17:47:57.456 -> 107,2,202,7019
17:47:57.456 -> 108,0,117,5824
17:47:57.456 -> 108,1,68,2603
17:47:57.456 -> 108,2,207,6586
17:47:57.456 -> 109,0,117,6552
17:47:57.456 -> 109,1,69,5946
17:47:57.456 -> 109,2,206,6486
17:47:57.489 -> 110,0,117,7373
17:47:57.489 -> 110,1,68,1859
17:47:57.489 -> 110,2,203,7151
17:47:57.489 -> 111,0,117,7872
17:47:57.489 -> 111,1,70,9319
17:47:57.489 -> 111,2,203,6792
17:47:57.489 -> 112,0,117,7479
17:47:57.489 -> 112,1,107,5315
17:47:57.489 -> 112,2,217,5427
17:47:57.489 -> 113,0,117,6172
17:47:57.489 -> 113,1,175,2920
17:47:57.522 -> 113,2,226,5091
17:47:57.522 -> 114,0,117,5497
17:47:57.522 -> 114,1,183,2875
17:47:57.522 -> 114,2,235,6174
17:47:57.522 -> 115,0,117,6060
17:47:57.522 -> 115,1,183,3856
17:47:57.522 -> 115,2,244,7636
17:47:57.522 -> 116,0,117,5948
17:47:57.522 -> 116,1,183,5262
17:47:57.522 -> 116,2,245,8231
17:47:57.555 -> 117,0,118,5518
17:47:57.555 -> 117,1,181,5559
17:47:57.555 -> 117,2,225,9540
17:47:57.555 -> 118,0,118,4948
17:47:57.555 -> 118,1,176,5954
17:47:57.555 -> 118,2,192,9867
17:47:57.555 -> 119,0,116,3599
17:47:57.555 -> 119,1,173,6444
17:47:57.555 -> 119,2,214,8857
17:47:57.588 -> 120,0,108,3980
17:47:57.588 -> 120,1,169,7189
17:47:57.588 -> 120,2,236,9006
