00:58:52.669 -> 0,0,207,3983
00:58:53.199 -> 0,0,266,1358
00:58:53.232 -> 0,1,70,720
00:58:53.232 -> 0,2,139,3689
00:58:53.265 -> 1,0,265,1363
00:58:53.265 -> 1,1,75,8338
00:58:53.265 -> 1,2,142,4576
00:58:53.265 -> 2,0,265,1366
00:58:53.265 -> 2,1,71,7608
00:58:53.265 -> 2,2,142,4933
00:58:53.298 -> 3,0,266,1372
00:58:53.298 -> 3,1,67,1242
00:58:53.298 -> 3,2,143,5252
00:58:53.298 -> 4,0,264,1373
00:58:53.298 -> 4,1,67,13979
00:58:53.298 -> 4,2,145,8305
00:58:53.331 -> 5,0,262,1358
00:58:53.331 -> 5,1,66,13604
00:58:53.331 -> 5,2,144,12020
00:58:53.331 -> 6,0,261,1434
00:58:53.331 -> 6,1,66,12721
00:58:53.365 -> 6,2,141,11854
00:58:53.365 -> 7,0,260,1530
00:58:53.365 -> 7,1,83,3952
00:58:53.365 -> 7,2,138,12516
00:58:53.365 -> 8,0,246,1364
00:58:53.398 -> 8,1,107,4193
00:58:53.398 -> 8,2,136,12930
00:58:53.398 -> 9,0,235,1219
00:58:53.431 -> 9,1,115,5526
00:58:53.431 -> 9,2,132,13727
00:58:53.431 -> 10,0,229,1180
00:58:53.464 -> 10,1,118,6283
00:58:53.464 -> 10,2,131,14044
00:58:53.464 -> 11,0,229,1175
00:58:53.464 -> 11,1,117,6732
00:58:53.464 -> 11,2,130,14179
00:58:53.497 -> 12,0,228,1179
00:58:53.497 -> 12,1,119,7159
00:58:53.497 -> 12,2,129,13995
00:58:53.497 -> 13,0,232,1221
00:58:53.497 -> 13,1,122,7364
00:58:53.530 -> 13,2,127,14496
00:58:53.530 -> 14,0,236,1332
00:58:53.530 -> 14,1,119,6549
00:58:53.530 -> 14,2,125,15204
00:58:53.564 -> 15,0,242,1544
00:58:53.564 -> 15,1,110,4555
00:58:53.564 -> 15,2,124,15382
00:58:53.564 -> 16,0,241,1594
00:58:53.564 -> 16,1,85,3943
00:58:53.564 -> 16,2,123,15389
00:58:53.597 -> 17,0,215,2667
00:58:53.597 -> 17,1,74,4346
00:58:53.597 -> 17,2,108,14699
00:58:53.597 -> 18,0,104,3013
00:58:53.630 -> 18,1,62,5243
00:58:53.630 -> 18,2,72,9777
00:58:53.630 -> 19,0,97,5264
00:58:53.630 -> 19,1,51,4917
00:58:53.630 -> 19,2,72,8805
00:58:53.663 -> 20,0,98,7139
00:58:53.663 -> 20,1,50,4321
00:58:53.663 -> 20,2,73,8136
00:58:53.663 -> 21,0,170,1785
00:58:53.663 -> 21,1,61,2252
00:58:53.663 -> 21,2,74,6886
00:58:53.696 -> 22,0,234,1427
00:58:53.696 -> 22,1,111,2195
00:58:53.696 -> 22,2,86,3978
00:58:53.696 -> 23,0,233,1431
00:58:53.696 -> 23,1,127,2378
00:58:53.730 -> 23,2,111,5568
00:58:53.730 -> 24,0,232,1472
00:58:53.730 -> 24,1,130,2286
00:58:53.763 -> 24,2,112,6827
00:58:53.763 -> 25,0,229,1461
00:58:53.763 -> 25,1,131,2125
00:58:53.796 -> 25,2,111,7671
00:58:53.796 -> 26,0,228,1442
00:58:53.796 -> 26,1,133,2043
00:58:53.796 -> 26,2,110,8111
00:58:53.829 -> 27,0,226,1432
00:58:53.829 -> 27,1,136,2034
00:58:53.829 -> 27,2,110,8373
00:58:53.829 -> 28,0,223,1459
00:58:53.862 -> 28,1,137,2009
00:58:53.862 -> 28,2,109,8748
00:58:53.862 -> 29,0,226,1479
00:58:53.862 -> 29,1,135,1804
00:58:53.862 -> 29,2,109,9052
00:58:53.895 -> 30,0,235,1482
00:58:53.895 -> 30,1,133,1663
00:58:53.895 -> 30,2,108,9191
00:58:53.895 -> 31,0,246,1455
00:58:53.895 -> 31,1,139,2155
00:58:53.929 -> 31,2,107,9459
00:58:53.929 -> 32,0,257,1415
00:58:53.929 -> 32,1,143,2577
00:58:53.929 -> 32,2,92,10959
00:58:53.929 -> 33,0,266,1419
00:58:53.962 -> 33,1,144,2886
00:58:53.962 -> 33,2,61,8436
00:58:53.962 -> 34,0,272,1284
00:58:53.995 -> 34,1,144,3440
00:58:53.995 -> 34,2,84,6830
00:58:53.995 -> 35,0,267,1088
00:58:53.995 -> 35,1,144,3714
00:58:53.995 -> 35,2,102,5653
00:58:53.995 -> 36,0,255,906
00:58:54.028 -> 36,1,143,4185
00:58:54.028 -> 36,2,102,6409
00:58:54.028 -> 37,0,240,779
00:58:54.028 -> 37,1,142,4275
00:58:54.061 -> 37,2,93,7485
00:58:54.061 -> 38,0,230,757
00:58:54.061 -> 38,1,138,3229
00:58:54.061 -> 38,2,101,10049
00:58:54.094 -> 39,0,219,839
00:58:54.094 -> 39,1,126,2010
00:58:54.094 -> 39,2,105,12382
00:58:54.094 -> 40,0,211,922
00:58:54.128 -> 40,1,115,1556
00:58:54.128 -> 40,2,105,12697
00:58:54.128 -> 41,0,209,984
00:58:54.128 -> 41,1,111,1437
00:58:54.161 -> 41,2,105,12848
00:58:54.161 -> 42,0,208,1067
00:58:54.161 -> 42,1,110,1353
00:58:54.161 -> 42,2,105,12780
00:58:54.194 -> 43,0,204,1249
00:58:54.194 -> 43,1,110,1373
00:58:54.194 -> 43,2,105,12868
00:58:54.194 -> 44,0,202,1505
00:58:54.194 -> 44,1,112,1351
00:58:54.194 -> 44,2,106,13160
00:58:54.227 -> 45,0,198,1763
00:58:54.227 -> 45,1,116,1344
00:58:54.227 -> 45,2,106,13256
00:58:54.227 -> 46,0,195,2180
00:58:54.260 -> 46,1,125,1711
00:58:54.260 -> 46,2,106,13136
00:58:54.260 -> 47,0,190,2585
00:58:54.260 -> 47,1,129,13310
00:58:54.260 -> 47,2,106,12760
00:58:54.294 -> 48,0,186,2947
00:58:54.294 -> 48,1,129,18120
00:58:54.294 -> 48,2,107,12347
00:58:54.327 -> 49,0,181,3626
00:58:54.327 -> 49,1,130,19298
00:58:54.327 -> 49,2,107,12295
00:58:54.327 -> 50,0,178,3857
00:58:54.327 -> 50,1,129,19383
00:58:54.327 -> 50,2,107,11641
00:58:54.360 -> 51,0,176,4096
00:58:54.360 -> 51,1,129,19313
00:58:54.360 -> 51,2,108,11464
00:58:54.360 -> 52,0,173,4534
00:58:54.360 -> 52,1,128,19367
00:58:54.393 -> 52,2,108,11379
00:58:54.393 -> 53,0,170,5142
00:58:54.393 -> 53,1,127,19696
00:58:54.393 -> 53,2,109,11188
00:58:54.426 -> 54,0,164,5924
00:58:54.426 -> 54,1,121,4681
00:58:54.426 -> 54,2,110,10928
00:58:54.459 -> 55,0,158,6801
00:58:54.459 -> 55,1,117,884
00:58:54.459 -> 55,2,111,10705
00:58:54.492 -> 56,0,153,8171
00:58:54.492 -> 56,1,121,849
00:58:54.492 -> 56,2,111,10595
00:58:54.492 -> 57,0,151,8705
00:58:54.492 -> 57,1,114,12229
00:58:54.492 -> 57,2,112,10553
00:58:54.526 -> 58,0,149,9237
00:58:54.526 -> 58,1,114,7982
00:58:54.526 -> 58,2,112,10415
00:58:54.526 -> 59,0,146,9720
00:58:54.526 -> 59,1,101,4978
00:58:54.559 -> 59,2,113,10142
00:58:54.559 -> 60,0,144,10193
00:58:54.559 -> 60,1,91,5334
00:58:54.559 -> 60,2,114,9966
00:58:54.592 -> 61,0,142,10921
00:58:54.592 -> 61,1,90,5261
00:58:54.592 -> 61,2,115,9813
00:58:54.592 -> 62,0,140,11535
00:58:54.592 -> 62,1,90,5179
00:58:54.592 -> 62,2,116,9627
00:58:54.625 -> 63,0,138,12527
00:58:54.625 -> 63,1,90,5912
00:58:54.625 -> 63,2,117,9493
00:58:54.625 -> 64,0,136,12898
00:58:54.658 -> 64,1,90,8245
00:58:54.658 -> 64,2,118,9290
00:58:54.658 -> 65,0,134,13129
00:58:54.658 -> 65,1,90,12258
00:58:54.658 -> 65,2,120,9167
00:58:54.658 -> 66,0,111,11153
00:58:54.692 -> 66,1,90,11971
00:58:54.692 -> 66,2,122,9368
00:58:54.692 -> 67,0,79,4925
00:58:54.692 -> 67,1,90,8941
00:58:54.692 -> 67,2,122,7831
00:58:54.725 -> 68,0,74,5037
00:58:54.725 -> 68,1,90,9627
00:58:54.725 -> 68,2,118,5088
00:58:54.725 -> 69,0,87,2373
00:58:54.758 -> 69,1,90,8355
00:58:54.758 -> 69,2,113,4669
00:58:54.758 -> 70,0,95,5766
00:58:54.758 -> 70,1,78,10450
00:58:54.758 -> 70,2,108,4930
00:58:54.791 -> 71,0,85,3644
00:58:54.791 -> 71,1,23,1140
00:58:54.791 -> 71,2,112,5149
00:58:54.791 -> 72,0,93,2676
00:58:54.791 -> 72,1,19,1484
00:58:54.824 -> 72,2,120,5325
00:58:54.824 -> 73,0,94,2678
00:58:54.824 -> 73,1,17,1303
00:58:54.824 -> 73,2,128,5295
00:58:54.858 -> 74,0,97,2453
00:58:54.858 -> 74,1,14,500
00:58:54.858 -> 74,2,130,5149
00:58:54.858 -> 75,0,101,2430
00:58:54.891 -> 75,1,24,1233
00:58:54.891 -> 75,2,130,4970
00:58:54.891 -> 76,0,105,14136
00:58:54.891 -> 76,1,79,5077
00:58:54.891 -> 76,2,136,5164
00:58:54.924 -> 77,0,105,13903
00:58:54.924 -> 77,1,83,6191
00:58:54.924 -> 77,2,136,5401
00:58:54.924 -> 78,0,108,12437
00:58:54.957 -> 78,1,83,6681
00:58:54.957 -> 78,2,137,5724
00:58:54.957 -> 79,0,111,14117
00:58:54.957 -> 79,1,83,6566
00:58:54.957 -> 79,2,136,5221
00:58:54.957 -> 80,0,112,14954
00:58:54.990 -> 80,1,82,5368
00:58:54.990 -> 80,2,133,4131
00:58:54.990 -> 81,0,112,15894
00:58:54.990 -> 81,1,66,1610
00:58:55.023 -> 81,2,128,4292
00:58:55.023 -> 82,0,112,14648
00:58:55.023 -> 82,1,65,8747
00:58:55.023 -> 82,2,139,4184
00:58:55.023 -> 83,0,113,2475
00:58:55.057 -> 83,1,80,3889
00:58:55.057 -> 83,2,156,4116
00:58:55.057 -> 84,0,113,2574
00:58:55.057 -> 84,1,86,2744
00:58:55.090 -> 84,2,161,3961
00:58:55.090 -> 85,0,112,2709
00:58:55.090 -> 85,1,87,2438
00:58:55.090 -> 85,2,166,3712
00:58:55.090 -> 86,0,112,2760
00:58:55.090 -> 86,1,87,2283
00:58:55.123 -> 86,2,170,3473
00:58:55.123 -> 87,0,112,2719
00:58:55.123 -> 87,1,89,2326
00:58:55.156 -> 87,2,176,3158
00:58:55.156 -> 88,0,111,2834
00:58:55.156 -> 88,1,89,2168
00:58:55.189 -> 88,2,180,3000
00:58:55.189 -> 89,0,111,2963
00:58:55.189 -> 89,1,91,2255
00:58:55.222 -> 89,2,184,2774
00:58:55.222 -> 90,0,111,3153
00:58:55.222 -> 90,1,91,4085
00:58:55.222 -> 90,2,189,2563
00:58:55.256 -> 91,0,110,3350
00:58:55.256 -> 91,1,91,2789
00:58:55.256 -> 91,2,163,3302
00:58:55.289 -> 92,0,110,3458
00:58:55.289 -> 92,1,93,1788
00:58:55.289 -> 92,2,116,7218
00:58:55.289 -> 93,0,110,3826
00:58:55.323 -> 93,1,94,1675
00:58:55.323 -> 93,2,110,7945
00:58:55.323 -> 94,0,110,3881
00:58:55.323 -> 94,1,97,1135
00:58:55.323 -> 94,2,119,4568
00:58:55.356 -> 95,0,110,3608
00:58:55.356 -> 95,1,132,5681
00:58:55.356 -> 95,2,190,5210
00:58:55.356 -> 96,0,109,3358
00:58:55.356 -> 96,1,137,11067
00:58:55.389 -> 96,2,228,4967
00:58:55.389 -> 97,0,110,4042
00:58:55.389 -> 97,1,139,12943
00:58:55.389 -> 97,2,237,4507
00:58:55.422 -> 98,0,110,4903
00:58:55.422 -> 98,1,140,12290
00:58:55.422 -> 98,2,246,4105
00:58:55.422 -> 99,0,110,4757
00:58:55.422 -> 99,1,142,11869
00:58:55.455 -> 99,2,256,3776
00:58:55.455 -> 100,0,110,4337
00:58:55.455 -> 100,1,144,11587
00:58:55.455 -> 100,2,262,3821
00:58:55.455 -> 101,0,110,4079
00:58:55.455 -> 101,1,146,10661
00:58:55.488 -> 101,2,265,3863
00:58:55.488 -> 102,0,110,3706
00:58:55.488 -> 102,1,149,10077
00:58:55.521 -> 102,2,261,4511
00:58:55.521 -> 103,0,110,3221
00:58:55.521 -> 103,1,128,11733
00:58:55.554 -> 103,2,275,3411
00:58:55.554 -> 104,0,110,2913
00:58:55.554 -> 104,1,73,14120
00:58:55.588 -> 104,2,293,3731
00:58:55.588 -> 105,0,110,2762
00:58:55.588 -> 105,1,75,2555
00:58:55.588 -> 105,2,302,4794
00:58:55.621 -> 106,0,110,2541
00:58:55.621 -> 106,1,73,2898
00:58:55.621 -> 106,2,305,5562
00:58:55.621 -> 107,0,109,2238
00:58:55.621 -> 107,1,73,2527
00:58:55.621 -> 107,2,292,5713
00:58:55.654 -> 108,0,107,17055
00:58:55.654 -> 108,1,72,14330
00:58:55.654 -> 108,2,262,5759
00:58:55.654 -> 109,0,112,2462
00:58:55.654 -> 109,1,139,7989
00:58:55.687 -> 109,2,286,5651
00:58:55.687 -> 110,0,112,2288
00:58:55.687 -> 110,1,167,8510
00:58:55.687 -> 110,2,297,5848
00:58:55.687 -> 111,0,110,4897
00:58:55.720 -> 111,1,166,7824
00:58:55.720 -> 111,2,297,5955
00:58:55.720 -> 112,0,84,3308
00:58:55.720 -> 112,1,160,8033
00:58:55.720 -> 112,2,296,6031
00:58:55.753 -> 113,0,68,5066
00:58:55.753 -> 113,1,126,10893
00:58:55.753 -> 113,2,294,6125
00:58:55.753 -> 114,0,65,5712
00:58:55.753 -> 114,1,49,2651
00:58:55.787 -> 114,2,293,6141
00:58:55.787 -> 115,0,68,3231
00:58:55.787 -> 115,1,39,6760
00:58:55.787 -> 115,2,292,6272
00:58:55.787 -> 116,0,93,11545
00:58:55.820 -> 116,1,38,10099
00:58:55.820 -> 116,2,292,6352
00:58:55.820 -> 117,0,114,16025
00:58:55.820 -> 117,1,38,11168
00:58:55.853 -> 117,2,291,6413
00:58:55.853 -> 118,0,116,16054
00:58:55.853 -> 118,1,38,8212
00:58:55.853 -> 118,2,290,6485
00:58:55.886 -> 119,0,116,14269
00:58:55.886 -> 119,1,38,6453
00:58:55.886 -> 119,2,289,6493
00:58:55.886 -> 120,0,118,14199
00:58:55.919 -> 120,1,38,6666
00:58:55.919 -> 120,2,289,6510
